{"numTotalTestSuites":956,"numPassedTestSuites":956,"numFailedTestSuites":0,"numPendingTestSuites":0,"numTotalTests":2633,"numPassedTests":2629,"numFailedTests":0,"numPendingTests":4,"numTodoTests":0,"snapshot":{"added":0,"failure":false,"filesAdded":0,"filesRemoved":0,"filesRemovedList":[],"filesUnmatched":0,"filesUpdated":0,"matched":0,"total":0,"unchecked":0,"uncheckedKeysByFile":[],"unmatched":0,"updated":0,"didUpdate":false},"startTime":1789329881330,"success":true,"testResults":[{"assertionResults":[{"ancestorTitles":["V 线运行时 ID 收集"],"fullName":"V 线运行时 ID 收集 collect","status":"passed","title":"collect","duration":4022.0763000000006,"failureMessages":[],"meta":{}}],"startTime":1789329890061,"endTime":1789329894083.0764,"status":"passed","message":"","name":"D:/2/14/-Un-Real-0d23d9ux-Engine-main/src/test/collect-vline.test.ts"},{"assertionResults":[{"ancestorTitles":["AI-5 兼容矩阵数据 (主计划 11.1)"],"fullName":"AI-5 兼容矩阵数据 (主计划 11.1) 共 200 条，且 summary 与实际一致","status":"passed","title":"共 200 条，且 summary 与实际一致","duration":2.292500000000018,"failureMessages":[],"meta":{}},{"ancestorTitles":["AI-5 兼容矩阵数据 (主计划 11.1)"],"fullName":"AI-5 兼容矩阵数据 (主计划 11.1) 5 类 × 40 条","status":"passed","title":"5 类 × 40 条","duration":0.3932999999999538,"failureMessages":[],"meta":{}},{"ancestorTitles":["AI-5 兼容矩阵数据 (主计划 11.1)"],"fullName":"AI-5 兼容矩阵数据 (主计划 11.1) 应用名与 id 全局唯一","status":"passed","title":"应用名与 id 全局唯一","duration":0.2945000000000846,"failureMessages":[],"meta":{}},{"ancestorTitles":["AI-5 兼容矩阵数据 (主计划 11.1)"],"fullName":"AI-5 兼容矩阵数据 (主计划 11.1) A/B 判定只允许 pass/warn/fail/todo","status":"passed","title":"A/B 判定只允许 pass/warn/fail/todo","duration":9.865899999999897,"failureMessages":[],"meta":{}},{"ancestorTitles":["AI-5 兼容矩阵数据 (主计划 11.1)"],"fullName":"AI-5 兼容矩阵数据 (主计划 11.1) 主计划 11.1 点名的条目都在列","status":"passed","title":"主计划 11.1 点名的条目都在列","duration":0.26080000000001746,"failureMessages":[],"meta":{}},{"ancestorTitles":["AI-5 兼容矩阵数据 (主计划 11.1)"],"fullName":"AI-5 兼容矩阵数据 (主计划 11.1) 预算字段齐全（供 Bench-Perf/Accept-Gate 判定）","status":"passed","title":"预算字段齐全（供 Bench-Perf/Accept-Gate 判定）","duration":0.2966000000000122,"failureMessages":[],"meta":{}},{"ancestorTitles":["AI-5 兼容矩阵数据 (主计划 11.1)"],"fullName":"AI-5 兼容矩阵数据 (主计划 11.1) 未实测的条目不得被标成 pass（防假勾）","status":"passed","title":"未实测的条目不得被标成 pass（防假勾）","duration":0.16009999999994307,"failureMessages":[],"meta":{}},{"ancestorTitles":["AI-5 混沌场景数据 (主计划 11.2 / 扩充 21)"],"fullName":"AI-5 混沌场景数据 (主计划 11.2 / 扩充 21) 至少覆盖扩充 21 的 10 个必测场景","status":"passed","title":"至少覆盖扩充 21 的 10 个必测场景","duration":0.18110000000001492,"failureMessages":[],"meta":{}},{"ancestorTitles":["AI-5 混沌场景数据 (主计划 11.2 / 扩充 21)"],"fullName":"AI-5 混沌场景数据 (主计划 11.2 / 扩充 21) 场景 id 唯一且字段完整","status":"passed","title":"场景 id 唯一且字段完整","duration":1.0633000000000266,"failureMessages":[],"meta":{}},{"ancestorTitles":["AI-5 混沌场景数据 (主计划 11.2 / 扩充 21)"],"fullName":"AI-5 混沌场景数据 (主计划 11.2 / 扩充 21) 危险场景一律 manual —— 脚本绝不代为执行","status":"passed","title":"危险场景一律 manual —— 脚本绝不代为执行","duration":0.15170000000000528,"failureMessages":[],"meta":{}},{"ancestorTitles":["AI-5 混沌场景数据 (主计划 11.2 / 扩充 21)"],"fullName":"AI-5 混沌场景数据 (主计划 11.2 / 扩充 21) 包含主计划 11.2 要求的 0x80000003 注入场景","status":"passed","title":"包含主计划 11.2 要求的 0x80000003 注入场景","duration":0.4195999999999458,"failureMessages":[],"meta":{}},{"ancestorTitles":["AI-5 PowerShell 套件自检 (真 pwsh 执行)"],"fullName":"AI-5 PowerShell 套件自检 (真 pwsh 执行) 自检脚本存在","status":"passed","title":"自检脚本存在","duration":0.2339999999999236,"failureMessages":[],"meta":{}},{"ancestorTitles":["AI-5 PowerShell 套件自检 (真 pwsh 执行)"],"fullName":"AI-5 PowerShell 套件自检 (真 pwsh 执行) Run-PortableTests.ps1 在真 PowerShell 上通过（AST 语法 + 数据不变量 + 只读动作）","status":"passed","title":"Run-PortableTests.ps1 在真 PowerShell 上通过（AST 语法 + 数据不变量 + 只读动作）","duration":32297.168799999996,"failureMessages":[],"meta":{}},{"ancestorTitles":["AI-5 PowerShell 套件自检 (真 pwsh 执行)"],"fullName":"AI-5 PowerShell 套件自检 (真 pwsh 执行) 非 Windows 环境已跳过 PowerShell 执行（无 pwsh 可用）","status":"skipped","title":"非 Windows 环境已跳过 PowerShell 执行（无 pwsh 可用）","failureMessages":[],"meta":{}}],"startTime":1789329885576,"endTime":1789329917889.1687,"status":"passed","message":"","name":"D:/2/14/-Un-Real-0d23d9ux-Engine-main/portable/AI5/__tests__/portable.test.ts"},{"assertionResults":[{"ancestorTitles":["U-02 字形常量表"],"fullName":"U-02 字形常量表 VARIABLE 八个字母全部存在（含重复的 A）","status":"passed","title":"VARIABLE 八个字母全部存在（含重复的 A）","duration":2.3740999999999985,"failureMessages":[],"meta":{}},{"ancestorTitles":["U-02 字形常量表"],"fullName":"U-02 字形常量表 唯一字母集 = V/A/R/I/B/L/E，无多余字形","status":"passed","title":"唯一字母集 = V/A/R/I/B/L/E，无多余字形","duration":0.4533000000000129,"failureMessages":[],"meta":{}},{"ancestorTitles":["U-02 字形常量表"],"fullName":"U-02 字形常量表 每个长度常量为正的有限数","status":"passed","title":"每个长度常量为正的有限数","duration":0.7661000000000513,"failureMessages":[],"meta":{}},{"ancestorTitles":["U-02 字形常量表"],"fullName":"U-02 字形常量表 viewBox 统一为 0 0 100 120 且格式合法","status":"passed","title":"viewBox 统一为 0 0 100 120 且格式合法","duration":2.601599999999962,"failureMessages":[],"meta":{}},{"ancestorTitles":["U-02 字形常量表"],"fullName":"U-02 字形常量表 path 数据非空、指令合法、坐标在画布内、无重复坏数据","status":"passed","title":"path 数据非空、指令合法、坐标在画布内、无重复坏数据","duration":9.407899999999927,"failureMessages":[],"meta":{}},{"ancestorTitles":["U-02 字形常量表"],"fullName":"U-02 字形常量表 长度常量与粗略几何量级一致（防手滑写错数量级）","status":"passed","title":"长度常量与粗略几何量级一致（防手滑写错数量级）","duration":0.5110999999999422,"failureMessages":[],"meta":{}}],"startTime":1789329888481,"endTime":1789329888497.511,"status":"passed","message":"","name":"D:/2/14/-Un-Real-0d23d9ux-Engine-main/src/assets/wordmark/glyphs.test.ts"},{"assertionResults":[{"ancestorTitles":["classifySource"],"fullName":"classifySource 无学习数据 = 冷启动即时","status":"passed","title":"无学习数据 = 冷启动即时","duration":1.4212999999999738,"failureMessages":[],"meta":{}},{"ancestorTitles":["classifySource"],"fullName":"classifySource 互动不足 8 条不分层","status":"passed","title":"互动不足 8 条不分层","duration":0.32529999999997017,"failureMessages":[],"meta":{}},{"ancestorTitles":["classifySource"],"fullName":"classifySource 反复划掉不点开 → 静默","status":"passed","title":"反复划掉不点开 → 静默","duration":0.20440000000007785,"failureMessages":[],"meta":{}},{"ancestorTitles":["classifySource"],"fullName":"classifySource 点开率 ≥ 0.3 → 即时；否则摘要","status":"passed","title":"点开率 ≥ 0.3 → 即时；否则摘要","duration":0.2240999999999076,"failureMessages":[],"meta":{}},{"ancestorTitles":["classifySource"],"fullName":"classifySource 用户覆盖优先于学习结论","status":"passed","title":"用户覆盖优先于学习结论","duration":0.18489999999997053,"failureMessages":[],"meta":{}},{"ancestorTitles":["recordAction / setOverride / learnedStats"],"fullName":"recordAction / setOverride / learnedStats 累计点开/划掉并更新时间戳","status":"passed","title":"累计点开/划掉并更新时间戳","duration":0.8731999999999971,"failureMessages":[],"meta":{}},{"ancestorTitles":["recordAction / setOverride / learnedStats"],"fullName":"recordAction / setOverride / learnedStats 空白来源不记录","status":"passed","title":"空白来源不记录","duration":0.2521000000000413,"failureMessages":[],"meta":{}},{"ancestorTitles":["recordAction / setOverride / learnedStats"],"fullName":"recordAction / setOverride / learnedStats 覆盖可设置与清除，learnedStats 透明呈现","status":"passed","title":"覆盖可设置与清除，learnedStats 透明呈现","duration":0.5087999999999511,"failureMessages":[],"meta":{}},{"ancestorTitles":["buildDigests"],"fullName":"buildDigests 只聚合 digest 堆与时间窗内的来源","status":"passed","title":"只聚合 digest 堆与时间窗内的来源","duration":1.2945000000000846,"failureMessages":[],"meta":{}},{"ancestorTitles":["localStorage 持久化"],"fullName":"localStorage 持久化 save→load 往返一致","status":"passed","title":"save→load 往返一致","duration":0.6186000000000149,"failureMessages":[],"meta":{}},{"ancestorTitles":["localStorage 持久化"],"fullName":"localStorage 持久化 损坏数据回退空表","status":"passed","title":"损坏数据回退空表","duration":0.48659999999995307,"failureMessages":[],"meta":{}},{"ancestorTitles":["localStorage 持久化"],"fullName":"localStorage 持久化 save 滚动窗口：14 天前的来源被淘汰","status":"passed","title":"save 滚动窗口：14 天前的来源被淘汰","duration":0.3144999999999527,"failureMessages":[],"meta":{}}],"startTime":1789329887955,"endTime":1789329887963.3145,"status":"passed","message":"","name":"D:/2/14/-Un-Real-0d23d9ux-Engine-main/src/state/__tests__/notifySmart.test.ts"},{"assertionResults":[{"ancestorTitles":["AI-17 breakpoints（U-12）"],"fullName":"AI-17 breakpoints（U-12） 三档断点边界正确（compact<1440≤standard<2560≤wide）","status":"passed","title":"三档断点边界正确（compact<1440≤standard<2560≤wide）","duration":1.8070999999999913,"failureMessages":[],"meta":{}},{"ancestorTitles":["AI-17 breakpoints（U-12）"],"fullName":"AI-17 breakpoints（U-12） 大字模式：超大屏 + 高缩放","status":"passed","title":"大字模式：超大屏 + 高缩放","duration":0.49890000000004875,"failureMessages":[],"meta":{}},{"ancestorTitles":["AI-17 breakpoints（U-12）"],"fullName":"AI-17 breakpoints（U-12） viewportInfo 在无 window 环境返回标准值","status":"passed","title":"viewportInfo 在无 window 环境返回标准值","duration":0.35379999999997835,"failureMessages":[],"meta":{}},{"ancestorTitles":["AI-17 breakpoints（U-12）"],"fullName":"AI-17 breakpoints（U-12） suggestLargeType 不误报普通 2K（DPR=1）","status":"passed","title":"suggestLargeType 不误报普通 2K（DPR=1）","duration":0.1453999999999951,"failureMessages":[],"meta":{}}],"startTime":1789329893048,"endTime":1789329893051.1455,"status":"passed","message":"","name":"D:/2/14/-Un-Real-0d23d9ux-Engine-main/src/lib/__tests__/ai17-breakpoints.test.ts"},{"assertionResults":[{"ancestorTitles":["AI-17 errors（U-56）"],"fullName":"AI-17 errors（U-56） 十类常见错误全部命中词典（不落入 unknown）","status":"passed","title":"十类常见错误全部命中词典（不落入 unknown）","duration":2.7117000000000644,"failureMessages":[],"meta":{}},{"ancestorTitles":["AI-17 errors（U-56）"],"fullName":"AI-17 errors（U-56） 未知错误走通用模板并标记未收录（不裸抛 error code）","status":"passed","title":"未知错误走通用模板并标记未收录（不裸抛 error code）","duration":0.5044000000000324,"failureMessages":[],"meta":{}},{"ancestorTitles":["AI-17 errors（U-56）"],"fullName":"AI-17 errors（U-56） 叙事四段式完整（what/impact/actions/detail）且中英双语可切换","status":"passed","title":"叙事四段式完整（what/impact/actions/detail）且中英双语可切换","duration":0.5637000000000398,"failureMessages":[],"meta":{}},{"ancestorTitles":["AI-17 errors（U-56）"],"fullName":"AI-17 errors（U-56） 退避重试：默认 1s/3s/9s 三次退避后成功","status":"passed","title":"退避重试：默认 1s/3s/9s 三次退避后成功","duration":1.0842000000000098,"failureMessages":[],"meta":{}},{"ancestorTitles":["AI-17 errors（U-56）"],"fullName":"AI-17 errors（U-56） 不可重试错误立即抛出（shouldRetry=false）","status":"passed","title":"不可重试错误立即抛出（shouldRetry=false）","duration":1.6825000000000045,"failureMessages":[],"meta":{}},{"ancestorTitles":["AI-17 errors（U-56）"],"fullName":"AI-17 errors（U-56） 重试耗尽后抛出最后一次错误","status":"passed","title":"重试耗尽后抛出最后一次错误","duration":0.5294000000000096,"failureMessages":[],"meta":{}}],"startTime":1789329889766,"endTime":1789329889773.5293,"status":"passed","message":"","name":"D:/2/14/-Un-Real-0d23d9ux-Engine-main/src/lib/__tests__/ai17-errors.test.ts"},{"assertionResults":[{"ancestorTitles":["AI-17 iconCache（Z-66/Z-04）"],"fullName":"AI-17 iconCache（Z-66/Z-04） DPR 命名空间量化到 0.25 步进","status":"passed","title":"DPR 命名空间量化到 0.25 步进","duration":1.6566000000000258,"failureMessages":[],"meta":{}},{"ancestorTitles":["AI-17 iconCache（Z-66/Z-04）"],"fullName":"AI-17 iconCache（Z-66/Z-04） cacheKey 按 DPR 隔离命名空间","status":"passed","title":"cacheKey 按 DPR 隔离命名空间","duration":1.0839999999999463,"failureMessages":[],"meta":{}},{"ancestorTitles":["AI-17 iconCache（Z-66/Z-04）"],"fullName":"AI-17 iconCache（Z-66/Z-04） 未命中返回 null 且计数 miss","status":"passed","title":"未命中返回 null 且计数 miss","duration":0.3713999999999942,"failureMessages":[],"meta":{}},{"ancestorTitles":["AI-17 iconCache（Z-66/Z-04）"],"fullName":"AI-17 iconCache（Z-66/Z-04） 命中复用已解码位图（禁止重复解码）","status":"passed","title":"命中复用已解码位图（禁止重复解码）","duration":0.15419999999994616,"failureMessages":[],"meta":{}},{"ancestorTitles":["AI-17 iconCache（Z-66/Z-04）"],"fullName":"AI-17 iconCache（Z-66/Z-04） 解码失败抛出明确错误（含源标识）","status":"passed","title":"解码失败抛出明确错误（含源标识）","duration":1.7269000000000005,"failureMessages":[],"meta":{}},{"ancestorTitles":["AI-17 iconCache（Z-66/Z-04）"],"fullName":"AI-17 iconCache（Z-66/Z-04） 命名空间隔离：同一 src 不同 DPR 视为不同条目","status":"passed","title":"命名空间隔离：同一 src 不同 DPR 视为不同条目","duration":0.27080000000000837,"failureMessages":[],"meta":{}}],"startTime":1789329890233,"endTime":1789329890239.2708,"status":"passed","message":"","name":"D:/2/14/-Un-Real-0d23d9ux-Engine-main/src/lib/__tests__/ai17-iconCache.test.ts"},{"assertionResults":[{"ancestorTitles":["AI-17 themeFade（Z-68）"],"fullName":"AI-17 themeFade（Z-68） 连续快速切换防抖：只有最后一次生效","status":"passed","title":"连续快速切换防抖：只有最后一次生效","duration":4.292600000000107,"failureMessages":[],"meta":{}},{"ancestorTitles":["AI-17 themeFade（Z-68）"],"fullName":"AI-17 themeFade（Z-68） cancel 取消未决切换","status":"passed","title":"cancel 取消未决切换","duration":0.6954999999999245,"failureMessages":[],"meta":{}},{"ancestorTitles":["AI-17 themeFade（Z-68）"],"fullName":"AI-17 themeFade（Z-68） 切换应用后为主题添加交叉淡入类（双帧）","status":"skipped","title":"切换应用后为主题添加交叉淡入类（双帧）","failureMessages":[],"meta":{}},{"ancestorTitles":["AI-17 dragClarity（Z-65）"],"fullName":"AI-17 dragClarity（Z-65） 进入/退出拖动降质态（body class）","status":"passed","title":"进入/退出拖动降质态（body class）","duration":0.4216999999999871,"failureMessages":[],"meta":{}},{"ancestorTitles":["AI-17 dragClarity（Z-65）"],"fullName":"AI-17 dragClarity（Z-65） high 档全程满清：不进入降质态","status":"passed","title":"high 档全程满清：不进入降质态","duration":0.17259999999998854,"failureMessages":[],"meta":{}},{"ancestorTitles":["AI-17 hotspots（Z-69）"],"fullName":"AI-17 hotspots（Z-69） 默认仅左下角=开始菜单，其余完全无行为","status":"passed","title":"默认仅左下角=开始菜单，其余完全无行为","duration":0.6313999999999851,"failureMessages":[],"meta":{}},{"ancestorTitles":["AI-17 hotspots（Z-69）"],"fullName":"AI-17 hotspots（Z-69） hitEdge 命中四角与三边","status":"passed","title":"hitEdge 命中四角与三边","duration":0.45289999999999964,"failureMessages":[],"meta":{}},{"ancestorTitles":["AI-17 hotspots（Z-69）"],"fullName":"AI-17 hotspots（Z-69） disabled 时全部热区无响应","status":"passed","title":"disabled 时全部热区无响应","duration":0.16400000000010095,"failureMessages":[],"meta":{}},{"ancestorTitles":["AI-17 hotspots（Z-69）"],"fullName":"AI-17 hotspots（Z-69） save/load round-trip 持久化","status":"passed","title":"save/load round-trip 持久化","duration":0.23449999999991178,"failureMessages":[],"meta":{}}],"startTime":1789329888475,"endTime":1789329888482.453,"status":"passed","message":"","name":"D:/2/14/-Un-Real-0d23d9ux-Engine-main/src/lib/__tests__/ai17-vision.test.ts"},{"assertionResults":[{"ancestorTitles":["AI-19 a11y：粘滞键序列累积器（M-73/U-40）"],"fullName":"AI-19 a11y：粘滞键序列累积器（M-73/U-40） 分步 Ctrl→Alt→E 等价 Ctrl+Alt+E","status":"passed","title":"分步 Ctrl→Alt→E 等价 Ctrl+Alt+E","duration":2.3051000000000386,"failureMessages":[],"meta":{}},{"ancestorTitles":["AI-19 a11y：粘滞键序列累积器（M-73/U-40）"],"fullName":"AI-19 a11y：粘滞键序列累积器（M-73/U-40） 锁存 ∪ 实时事件修饰键；reset 显式清空","status":"passed","title":"锁存 ∪ 实时事件修饰键；reset 显式清空","duration":0.47289999999998145,"failureMessages":[],"meta":{}},{"ancestorTitles":["AI-19 a11y：粘滞键序列累积器（M-73/U-40）"],"fullName":"AI-19 a11y：粘滞键序列累积器（M-73/U-40） withStickyModifiers：修饰键喂入返回事件态，普通键返回合并态","status":"passed","title":"withStickyModifiers：修饰键喂入返回事件态，普通键返回合并态","duration":0.46109999999998763,"failureMessages":[],"meta":{}},{"ancestorTitles":["AI-19 a11y：粘滞键序列累积器（M-73/U-40）"],"fullName":"AI-19 a11y：粘滞键序列累积器（M-73/U-40） CVD 滤镜四类 + off 均有定义","status":"passed","title":"CVD 滤镜四类 + off 均有定义","duration":0.39039999999999964,"failureMessages":[],"meta":{}},{"ancestorTitles":["AI-19 简繁转换用户词表（M-77）"],"fullName":"AI-19 简繁转换用户词表（M-77） 安装/读取/空判定","status":"passed","title":"安装/读取/空判定","duration":0.48279999999999745,"failureMessages":[],"meta":{}},{"ancestorTitles":["AI-19 简繁转换用户词表（M-77）"],"fullName":"AI-19 简繁转换用户词表（M-77） 用户词覆盖默认转换（简体键与繁体形式都命中）","status":"passed","title":"用户词覆盖默认转换（简体键与繁体形式都命中）","duration":0.40200000000004366,"failureMessages":[],"meta":{}},{"ancestorTitles":["AI-19 简繁转换用户词表（M-77）"],"fullName":"AI-19 简繁转换用户词表（M-77） 专有名词不转换（值=键本身）","status":"passed","title":"专有名词不转换（值=键本身）","duration":0.2635999999999967,"failureMessages":[],"meta":{}},{"ancestorTitles":["AI-19 简繁转换用户词表（M-77）"],"fullName":"AI-19 简繁转换用户词表（M-77） 冲突检测：同键异值返回已有值","status":"passed","title":"冲突检测：同键异值返回已有值","duration":0.25119999999992615,"failureMessages":[],"meta":{}},{"ancestorTitles":["AI-19 简繁转换用户词表（M-77）"],"fullName":"AI-19 简繁转换用户词表（M-77） 上限截断","status":"passed","title":"上限截断","duration":10.30860000000007,"failureMessages":[],"meta":{}},{"ancestorTitles":["AI-19 简繁转换用户词表（M-77）"],"fullName":"AI-19 简繁转换用户词表（M-77） s2t 基础字符级转换可用","status":"passed","title":"s2t 基础字符级转换可用","duration":0.28099999999994907,"failureMessages":[],"meta":{}},{"ancestorTitles":["AI-19 区域格式跟随（M-78）"],"fullName":"AI-19 区域格式跟随（M-78） systemLocale 有兜底","status":"passed","title":"systemLocale 有兜底","duration":0.3270999999999731,"failureMessages":[],"meta":{}},{"ancestorTitles":["AI-19 区域格式跟随（M-78）"],"fullName":"AI-19 区域格式跟随（M-78） 数字千分位跟随 locale（en 与 de 分隔符不同）","status":"passed","title":"数字千分位跟随 locale（en 与 de 分隔符不同）","duration":20.492000000000075,"failureMessages":[],"meta":{}},{"ancestorTitles":["AI-19 区域格式跟随（M-78）"],"fullName":"AI-19 区域格式跟随（M-78） 容量：二进制 KiB/MiB 与十进制 KB/MB 口径","status":"passed","title":"容量：二进制 KiB/MiB 与十进制 KB/MB 口径","duration":0.7903999999999769,"failureMessages":[],"meta":{}},{"ancestorTitles":["AI-19 区域格式跟随（M-78）"],"fullName":"AI-19 区域格式跟随（M-78） 时间：强制 12/24 小时制","status":"passed","title":"时间：强制 12/24 小时制","duration":7.321100000000001,"failureMessages":[],"meta":{}},{"ancestorTitles":["AI-19 区域格式跟随（M-78）"],"fullName":"AI-19 区域格式跟随（M-78） 无效 locale 回退不抛异常","status":"passed","title":"无效 locale 回退不抛异常","duration":2.1019999999999754,"failureMessages":[],"meta":{}}],"startTime":1789329886160,"endTime":1789329886208.102,"status":"passed","message":"","name":"D:/2/14/-Un-Real-0d23d9ux-Engine-main/src/lib/__tests__/ai19-a11y-locale.test.ts"},{"assertionResults":[{"ancestorTitles":["AI-20 M-79：错误环形缓冲与聚合"],"fullName":"AI-20 M-79：错误环形缓冲与聚合 PII 清洗：引号长串剥离、绝对路径截断、超长截断","status":"passed","title":"PII 清洗：引号长串剥离、绝对路径截断、超长截断","duration":1.8959999999999582,"failureMessages":[],"meta":{}},{"ancestorTitles":["AI-20 M-79：错误环形缓冲与聚合"],"fullName":"AI-20 M-79：错误环形缓冲与聚合 栈顶提取：src 帧文件:行","status":"passed","title":"栈顶提取：src 帧文件:行","duration":0.5526999999999589,"failureMessages":[],"meta":{}},{"ancestorTitles":["AI-20 M-79：错误环形缓冲与聚合"],"fullName":"AI-20 M-79：错误环形缓冲与聚合 注入 3 类组件错误 ×100：聚合计数正确、Top 排序正确","status":"passed","title":"注入 3 类组件错误 ×100：聚合计数正确、Top 排序正确","duration":1.3873000000000957,"failureMessages":[],"meta":{}},{"ancestorTitles":["AI-20 M-79：错误环形缓冲与聚合"],"fullName":"AI-20 M-79：错误环形缓冲与聚合 7 天窗口：过期错误不计入；limit 生效","status":"passed","title":"7 天窗口：过期错误不计入；limit 生效","duration":0.3872000000001208,"failureMessages":[],"meta":{}},{"ancestorTitles":["AI-20 M-79：错误环形缓冲与聚合"],"fullName":"AI-20 M-79：错误环形缓冲与聚合 markdown 报告可直接贴 issue（含计数/首末时间）","status":"passed","title":"markdown 报告可直接贴 issue（含计数/首末时间）","duration":2.2326000000000477,"failureMessages":[],"meta":{}},{"ancestorTitles":["AI-20 M-79：错误环形缓冲与聚合"],"fullName":"AI-20 M-79：错误环形缓冲与聚合 recordError 落盘/读取闭环（退出落盘 → 下次会话并入）","status":"passed","title":"recordError 落盘/读取闭环（退出落盘 → 下次会话并入）","duration":0.8128000000001521,"failureMessages":[],"meta":{}},{"ancestorTitles":["AI-20 M-80：IPC 追踪环形缓冲与瀑布"],"fullName":"AI-20 M-80：IPC 追踪环形缓冲与瀑布 traceInvoke 记录成败与耗时","status":"passed","title":"traceInvoke 记录成败与耗时","duration":2.8788999999999305,"failureMessages":[],"meta":{}},{"ancestorTitles":["AI-20 M-80：IPC 追踪环形缓冲与瀑布"],"fullName":"AI-20 M-80：IPC 追踪环形缓冲与瀑布 按命令名过滤（前缀不区分大小写）","status":"passed","title":"按命令名过滤（前缀不区分大小写）","duration":0.41620000000011714,"failureMessages":[],"meta":{}},{"ancestorTitles":["AI-20 M-80：IPC 追踪环形缓冲与瀑布"],"fullName":"AI-20 M-80：IPC 追踪环形缓冲与瀑布 瀑布：慢调用（>100ms）标红、比例归一","status":"passed","title":"瀑布：慢调用（>100ms）标红、比例归一","duration":0.3869999999999436,"failureMessages":[],"meta":{}},{"ancestorTitles":["AI-20 M-80：IPC 追踪环形缓冲与瀑布"],"fullName":"AI-20 M-80：IPC 追踪环形缓冲与瀑布 订阅退订闭环","status":"passed","title":"订阅退订闭环","duration":0.8326999999999316,"failureMessages":[],"meta":{}},{"ancestorTitles":["AI-20 M-88：Tooltip 后缀格式与截断"],"fullName":"AI-20 M-88：Tooltip 后缀格式与截断 快捷键后缀圆括号式（唯一口径）","status":"passed","title":"快捷键后缀圆括号式（唯一口径）","duration":0.18010000000003856,"failureMessages":[],"meta":{}},{"ancestorTitles":["AI-20 M-88：Tooltip 后缀格式与截断"],"fullName":"AI-20 M-88：Tooltip 后缀格式与截断 超长截断 + 完整内容保留","status":"passed","title":"超长截断 + 完整内容保留","duration":0.868199999999888,"failureMessages":[],"meta":{}},{"ancestorTitles":["AI-20 M-89：单位与数字规范"],"fullName":"AI-20 M-89：单位与数字规范 速度：十进制 1 位小数（20 边界值之一组）","status":"passed","title":"速度：十进制 1 位小数（20 边界值之一组）","duration":0.5774000000001251,"failureMessages":[],"meta":{}},{"ancestorTitles":["AI-20 M-89：单位与数字规范"],"fullName":"AI-20 M-89：单位与数字规范 容量：默认口径 = 现状（KB 1 位小数 / GB 2 位）","status":"passed","title":"容量：默认口径 = 现状（KB 1 位小数 / GB 2 位）","duration":0.2829999999999018,"failureMessages":[],"meta":{}},{"ancestorTitles":["AI-20 M-89：单位与数字规范"],"fullName":"AI-20 M-89：单位与数字规范 容量：M-78 显式口径（binary=KiB / decimal=KB）","status":"passed","title":"容量：M-78 显式口径（binary=KiB / decimal=KB）","duration":16.415300000000116,"failureMessages":[],"meta":{}},{"ancestorTitles":["AI-20 M-89：单位与数字规范"],"fullName":"AI-20 M-89：单位与数字规范 相对/绝对切换规则（7 天 / 1 天窗口）","status":"passed","title":"相对/绝对切换规则（7 天 / 1 天窗口）","duration":0.3218000000001666,"failureMessages":[],"meta":{}},{"ancestorTitles":["AI-20 M-89：单位与数字规范"],"fullName":"AI-20 M-89：单位与数字规范 智能时间：绝对态带 HH:mm、相对态含相对语义","status":"passed","title":"智能时间：绝对态带 HH:mm、相对态含相对语义","duration":4.175199999999904,"failureMessages":[],"meta":{}},{"ancestorTitles":["AI-20 M-90：日界事件（虚拟时钟）"],"fullName":"AI-20 M-90：日界事件（虚拟时钟） 连续跨午夜 50 次翻页全部正确","status":"passed","title":"连续跨午夜 50 次翻页全部正确","duration":3.3824999999999363,"failureMessages":[],"meta":{}},{"ancestorTitles":["AI-20 M-90：日界事件（虚拟时钟）"],"fullName":"AI-20 M-90：日界事件（虚拟时钟） 手动改系统时间 ±1 天各 10 次：timejump 源正确","status":"passed","title":"手动改系统时间 ±1 天各 10 次：timejump 源正确","duration":0.4580000000000837,"failureMessages":[],"meta":{}},{"ancestorTitles":["AI-20 M-90：日界事件（虚拟时钟）"],"fullName":"AI-20 M-90：日界事件（虚拟时钟） 同日重复 tick 不发事件","status":"passed","title":"同日重复 tick 不发事件","duration":0.5742999999999938,"failureMessages":[],"meta":{}},{"ancestorTitles":["AI-20 M-90：日界事件（虚拟时钟）"],"fullName":"AI-20 M-90：日界事件（虚拟时钟） 事件名常量稳定（消费方依赖）","status":"passed","title":"事件名常量稳定（消费方依赖）","duration":0.14790000000016335,"failureMessages":[],"meta":{}},{"ancestorTitles":["AI-20 V-92：关机倒计时门禁"],"fullName":"AI-20 V-92：关机倒计时门禁 10 秒定档 + 逐秒递减 + 到点执行","status":"passed","title":"10 秒定档 + 逐秒递减 + 到点执行","duration":3.0634000000000015,"failureMessages":[],"meta":{}},{"ancestorTitles":["AI-20 V-92：关机倒计时门禁"],"fullName":"AI-20 V-92：关机倒计时门禁 取消（Esc 通道）= 中断不执行","status":"passed","title":"取消（Esc 通道）= 中断不执行","duration":0.7436999999999898,"failureMessages":[],"meta":{}},{"ancestorTitles":["AI-20 V-92：关机倒计时门禁"],"fullName":"AI-20 V-92：关机倒计时门禁 force 通道跳过倒计时直接执行（脚本明示）","status":"passed","title":"force 通道跳过倒计时直接执行（脚本明示）","duration":0.3790999999998803,"failureMessages":[],"meta":{}},{"ancestorTitles":["AI-20 V-92：关机倒计时门禁"],"fullName":"AI-20 V-92：关机倒计时门禁 非法动作拒绝","status":"passed","title":"非法动作拒绝","duration":0.1592000000000553,"failureMessages":[],"meta":{}}],"startTime":1789329884384,"endTime":1789329884428.3792,"status":"passed","message":"","name":"D:/2/14/-Un-Real-0d23d9ux-Engine-main/src/lib/__tests__/ai20-quality.test.ts"},{"assertionResults":[{"ancestorTitles":["calcEval 标准/科学"],"fullName":"calcEval 标准/科学 四则与优先级","status":"passed","title":"四则与优先级","duration":2.259900000000016,"failureMessages":[],"meta":{}},{"ancestorTitles":["calcEval 标准/科学"],"fullName":"calcEval 标准/科学 一元负号、百分比、阶乘","status":"passed","title":"一元负号、百分比、阶乘","duration":0.5915999999999713,"failureMessages":[],"meta":{}},{"ancestorTitles":["calcEval 标准/科学"],"fullName":"calcEval 标准/科学 函数与常量（角度/弧度）","status":"passed","title":"函数与常量（角度/弧度）","duration":0.7409000000000106,"failureMessages":[],"meta":{}},{"ancestorTitles":["calcEval 标准/科学"],"fullName":"calcEval 标准/科学 非法表达式如实抛错","status":"passed","title":"非法表达式如实抛错","duration":1.4130999999999858,"failureMessages":[],"meta":{}},{"ancestorTitles":["progEval 程序员模式"],"fullName":"progEval 程序员模式 解析与多进制展示","status":"passed","title":"解析与多进制展示","duration":1.1890000000000782,"failureMessages":[],"meta":{}},{"ancestorTitles":["progEval 程序员模式"],"fullName":"progEval 程序员模式 位运算与算术（64 位环绕）","status":"passed","title":"位运算与算术（64 位环绕）","duration":0.5775999999999613,"failureMessages":[],"meta":{}},{"ancestorTitles":["progEval 程序员模式"],"fullName":"progEval 程序员模式 64 位有符号环绕","status":"passed","title":"64 位有符号环绕","duration":0.1816000000000031,"failureMessages":[],"meta":{}},{"ancestorTitles":["unitConvert 单位换算"],"fullName":"unitConvert 单位换算 倍率类","status":"passed","title":"倍率类","duration":0.24720000000002074,"failureMessages":[],"meta":{}},{"ancestorTitles":["unitConvert 单位换算"],"fullName":"unitConvert 单位换算 温度经摄氏中转","status":"passed","title":"温度经摄氏中转","duration":0.3546999999999798,"failureMessages":[],"meta":{}},{"ancestorTitles":["unitConvert 单位换算"],"fullName":"unitConvert 单位换算 未知单位抛错","status":"passed","title":"未知单位抛错","duration":0.25300000000004275,"failureMessages":[],"meta":{}},{"ancestorTitles":["fmtResult"],"fullName":"fmtResult 整数与有限小数","status":"passed","title":"整数与有限小数","duration":0.23939999999993233,"failureMessages":[],"meta":{}},{"ancestorTitles":["fmtResult"],"fullName":"fmtResult 非有限值如实标注","status":"passed","title":"非有限值如实标注","duration":0.1414999999999509,"failureMessages":[],"meta":{}}],"startTime":1789329888896,"endTime":1789329888906.1416,"status":"passed","message":"","name":"D:/2/14/-Un-Real-0d23d9ux-Engine-main/src/lib/__tests__/calc.test.ts"},{"assertionResults":[{"ancestorTitles":["P-1 命令注册表"],"fullName":"P-1 命令注册表 注册 / 查询 / 重复注册覆盖","status":"passed","title":"注册 / 查询 / 重复注册覆盖","duration":14.445900000000051,"failureMessages":[],"meta":{}},{"ancestorTitles":["P-1 命令注册表"],"fullName":"P-1 命令注册表 非法声明拒绝","status":"passed","title":"非法声明拒绝","duration":1.0596000000000458,"failureMessages":[],"meta":{}},{"ancestorTitles":["P-1 命令注册表"],"fullName":"P-1 命令注册表 模糊匹配：前缀 > 连续子串 > 子序列","status":"passed","title":"模糊匹配：前缀 > 连续子串 > 子序列","duration":0.9950999999999794,"failureMessages":[],"meta":{}},{"ancestorTitles":["P-1 命令注册表"],"fullName":"P-1 命令注册表 拼音匹配（zh 高频）","status":"passed","title":"拼音匹配（zh 高频）","duration":0.22880000000009204,"failureMessages":[],"meta":{}},{"ancestorTitles":["P-1 命令注册表"],"fullName":"P-1 命令注册表 条件可见性 when()","status":"passed","title":"条件可见性 when()","duration":0.9642999999999802,"failureMessages":[],"meta":{}},{"ancestorTitles":["P-1 命令注册表"],"fullName":"P-1 命令注册表 模式过滤：`>` 命令模式排除 app/settings；`?` 仅 settings","status":"passed","title":"模式过滤：`>` 命令模式排除 app/settings；`?` 仅 settings","duration":0.5255000000000791,"failureMessages":[],"meta":{}},{"ancestorTitles":["学习排序（频次 + 新近度，纯本地）"],"fullName":"学习排序（频次 + 新近度，纯本地） 统计持久化往返","status":"passed","title":"统计持久化往返","duration":0.4692999999999756,"failureMessages":[],"meta":{}},{"ancestorTitles":["学习排序（频次 + 新近度，纯本地）"],"fullName":"学习排序（频次 + 新近度，纯本地） 损坏统计如实从零开始","status":"passed","title":"损坏统计如实从零开始","duration":0.16499999999996362,"failureMessages":[],"meta":{}},{"ancestorTitles":["学习排序（频次 + 新近度，纯本地）"],"fullName":"学习排序（频次 + 新近度，纯本地） 高频命令排序靠前","status":"passed","title":"高频命令排序靠前","duration":0.38420000000007803,"failureMessages":[],"meta":{}},{"ancestorTitles":["学习排序（频次 + 新近度，纯本地）"],"fullName":"学习排序（频次 + 新近度，纯本地） 新近度半衰：老命令权重低于新命令","status":"passed","title":"新近度半衰：老命令权重低于新命令","duration":0.23929999999995744,"failureMessages":[],"meta":{}},{"ancestorTitles":["钉选（V-45 同款钉选位）"],"fullName":"钉选（V-45 同款钉选位） 钉选/取消/持久化往返","status":"passed","title":"钉选/取消/持久化往返","duration":0.5892000000000053,"failureMessages":[],"meta":{}},{"ancestorTitles":["钉选（V-45 同款钉选位）"],"fullName":"钉选（V-45 同款钉选位） 超上限如实失败","status":"passed","title":"超上限如实失败","duration":0.34730000000001837,"failureMessages":[],"meta":{}},{"ancestorTitles":["钉选（V-45 同款钉选位）"],"fullName":"钉选（V-45 同款钉选位） 拖拽排序保持缺失项","status":"passed","title":"拖拽排序保持缺失项","duration":0.27930000000003474,"failureMessages":[],"meta":{}},{"ancestorTitles":["执行"],"fullName":"执行 执行并记录统计；when() 拦截返回 false","status":"passed","title":"执行并记录统计；when() 拦截返回 false","duration":1.052699999999959,"failureMessages":[],"meta":{}}],"startTime":1789329885966,"endTime":1789329885989.0527,"status":"passed","message":"","name":"D:/2/14/-Un-Real-0d23d9ux-Engine-main/src/lib/__tests__/commands-registry.test.ts"},{"assertionResults":[{"ancestorTitles":["convert 单位换算（权威值）"],"fullName":"convert 单位换算（权威值） 长度：1 mi = 1609.344 m；1 in = 2.54 cm","status":"passed","title":"长度：1 mi = 1609.344 m；1 in = 2.54 cm","duration":1.5875999999999522,"failureMessages":[],"meta":{}},{"ancestorTitles":["convert 单位换算（权威值）"],"fullName":"convert 单位换算（权威值） 质量：1 lb = 0.45359237 kg；1 oz = 28.349523125 g","status":"passed","title":"质量：1 lb = 0.45359237 kg；1 oz = 28.349523125 g","duration":0.3568000000000211,"failureMessages":[],"meta":{}},{"ancestorTitles":["convert 单位换算（权威值）"],"fullName":"convert 单位换算（权威值） 温度：100°F = 37.7778°C；0°C = 273.15 K","status":"passed","title":"温度：100°F = 37.7778°C；0°C = 273.15 K","duration":0.25250000000005457,"failureMessages":[],"meta":{}},{"ancestorTitles":["convert 单位换算（权威值）"],"fullName":"convert 单位换算（权威值） 面积：1 mi² = 2589988.110336 m²；1 ac = 4046.8564224 m²","status":"passed","title":"面积：1 mi² = 2589988.110336 m²；1 ac = 4046.8564224 m²","duration":0.19129999999995562,"failureMessages":[],"meta":{}},{"ancestorTitles":["convert 单位换算（权威值）"],"fullName":"convert 单位换算（权威值） 体积：1 gal(US) = 3.785411784 L；1 ft³ = 28.316846592 L","status":"passed","title":"体积：1 gal(US) = 3.785411784 L；1 ft³ = 28.316846592 L","duration":0.27490000000000236,"failureMessages":[],"meta":{}},{"ancestorTitles":["convert 单位换算（权威值）"],"fullName":"convert 单位换算（权威值） 速度：1 mph = 0.44704 m/s；1 kn = 1852/3600 m/s","status":"passed","title":"速度：1 mph = 0.44704 m/s；1 kn = 1852/3600 m/s","duration":0.22550000000001091,"failureMessages":[],"meta":{}},{"ancestorTitles":["convert 单位换算（权威值）"],"fullName":"convert 单位换算（权威值） 数据量：1 KB = 1024 B；1 GB = 1073741824 B","status":"passed","title":"数据量：1 KB = 1024 B；1 GB = 1073741824 B","duration":0.310100000000034,"failureMessages":[],"meta":{}},{"ancestorTitles":["convert 单位换算（权威值）"],"fullName":"convert 单位换算（权威值） 时间：1 h = 3600 s；1 d = 86400 s","status":"passed","title":"时间：1 h = 3600 s；1 d = 86400 s","duration":0.1553000000000111,"failureMessages":[],"meta":{}},{"ancestorTitles":["convert 单位换算（权威值）"],"fullName":"convert 单位换算（权威值） 单位表规模：8 大类、60+ 单位","status":"passed","title":"单位表规模：8 大类、60+ 单位","duration":1.3282999999998992,"failureMessages":[],"meta":{}},{"ancestorTitles":["convert 单位换算（权威值）"],"fullName":"convert 单位换算（权威值） 未知单位如实抛错","status":"passed","title":"未知单位如实抛错","duration":0.7338999999999487,"failureMessages":[],"meta":{}},{"ancestorTitles":["convert 温度往返"],"fullName":"convert 温度往返 °F → °C → °F 往返还原","status":"passed","title":"°F → °C → °F 往返还原","duration":0.1675000000000182,"failureMessages":[],"meta":{}},{"ancestorTitles":["convert 温度往返"],"fullName":"convert 温度往返 K → °C → K 往返还原","status":"passed","title":"K → °C → K 往返还原","duration":0.11509999999998399,"failureMessages":[],"meta":{}},{"ancestorTitles":["radixConvert 进制转换（64 位边界）"],"fullName":"radixConvert 进制转换（64 位边界） 十进制 u64 上限 ↔ 十六进制","status":"passed","title":"十进制 u64 上限 ↔ 十六进制","duration":0.3813999999999851,"failureMessages":[],"meta":{}},{"ancestorTitles":["radixConvert 进制转换（64 位边界）"],"fullName":"radixConvert 进制转换（64 位边界） 二 / 八 / 十六互转","status":"passed","title":"二 / 八 / 十六互转","duration":0.2578999999999496,"failureMessages":[],"meta":{}},{"ancestorTitles":["radixConvert 进制转换（64 位边界）"],"fullName":"radixConvert 进制转换（64 位边界） 超上限如实抛错","status":"passed","title":"超上限如实抛错","duration":0.4921000000000504,"failureMessages":[],"meta":{}},{"ancestorTitles":["radixConvert 进制转换（64 位边界）"],"fullName":"radixConvert 进制转换（64 位边界） 非法字符 / 非法进制如实抛错","status":"passed","title":"非法字符 / 非法进制如实抛错","duration":0.7526000000000295,"failureMessages":[],"meta":{}},{"ancestorTitles":["radixConvert 进制转换（64 位边界）"],"fullName":"radixConvert 进制转换（64 位边界） 0 与边界值正常","status":"passed","title":"0 与边界值正常","duration":0.19209999999998217,"failureMessages":[],"meta":{}},{"ancestorTitles":["convertRate 汇率换算（基准 USD）"],"fullName":"convertRate 汇率换算（基准 USD） from 货币金额折算为 USD","status":"passed","title":"from 货币金额折算为 USD","duration":0.22349999999994452,"failureMessages":[],"meta":{}},{"ancestorTitles":["convertRate 汇率换算（基准 USD）"],"fullName":"convertRate 汇率换算（基准 USD） 目标货币换算（convertRate × rates[to]）","status":"passed","title":"目标货币换算（convertRate × rates[to]）","duration":0.1609000000000833,"failureMessages":[],"meta":{}},{"ancestorTitles":["convertRate 汇率换算（基准 USD）"],"fullName":"convertRate 汇率换算（基准 USD） 缺少汇率 / 非法汇率如实抛错","status":"passed","title":"缺少汇率 / 非法汇率如实抛错","duration":0.3267000000000735,"failureMessages":[],"meta":{}},{"ancestorTitles":["formatConvResult 格式化"],"fullName":"formatConvResult 格式化 10 位有效数字","status":"passed","title":"10 位有效数字","duration":0.36969999999996617,"failureMessages":[],"meta":{}},{"ancestorTitles":["formatConvResult 格式化"],"fullName":"formatConvResult 格式化 去尾零","status":"passed","title":"去尾零","duration":0.18840000000000146,"failureMessages":[],"meta":{}},{"ancestorTitles":["formatConvResult 格式化"],"fullName":"formatConvResult 格式化 整数直出 / 零 / 非有限值","status":"passed","title":"整数直出 / 零 / 非有限值","duration":0.19590000000005148,"failureMessages":[],"meta":{}}],"startTime":1789329885838,"endTime":1789329885848.1958,"status":"passed","message":"","name":"D:/2/14/-Un-Real-0d23d9ux-Engine-main/src/lib/__tests__/convert.test.ts"},{"assertionResults":[{"ancestorTitles":["parseHM"],"fullName":"parseHM 解析合法 HH:MM","status":"passed","title":"解析合法 HH:MM","duration":1.5301000000000613,"failureMessages":[],"meta":{}},{"ancestorTitles":["parseHM"],"fullName":"parseHM 拒绝非法输入","status":"passed","title":"拒绝非法输入","duration":0.4582999999998947,"failureMessages":[],"meta":{}},{"ancestorTitles":["inScheduleWindow（跨午夜支持）"],"fullName":"inScheduleWindow（跨午夜支持） 同日时段 09:00→17:00","status":"passed","title":"同日时段 09:00→17:00","duration":0.32200000000000273,"failureMessages":[],"meta":{}},{"ancestorTitles":["inScheduleWindow（跨午夜支持）"],"fullName":"inScheduleWindow（跨午夜支持） 跨午夜时段 22:00→07:00","status":"passed","title":"跨午夜时段 22:00→07:00","duration":0.28290000000004056,"failureMessages":[],"meta":{}},{"ancestorTitles":["inScheduleWindow（跨午夜支持）"],"fullName":"inScheduleWindow（跨午夜支持） 零长度时段 = 无勿扰","status":"passed","title":"零长度时段 = 无勿扰","duration":0.19859999999994216,"failureMessages":[],"meta":{}},{"ancestorTitles":["isDndActive"],"fullName":"isDndActive 手动勿扰无条件优先","status":"passed","title":"手动勿扰无条件优先","duration":0.3269999999999982,"failureMessages":[],"meta":{}},{"ancestorTitles":["isDndActive"],"fullName":"isDndActive 日程关闭时不勿扰","status":"passed","title":"日程关闭时不勿扰","duration":0.20620000000008076,"failureMessages":[],"meta":{}},{"ancestorTitles":["isDndActive"],"fullName":"isDndActive 日程生效（23:30 与 06:00 都在窗口内）","status":"passed","title":"日程生效（23:30 与 06:00 都在窗口内）","duration":1.9722000000000435,"failureMessages":[],"meta":{}},{"ancestorTitles":["isDndActive"],"fullName":"isDndActive 非法配置诚实降级为不勿扰","status":"passed","title":"非法配置诚实降级为不勿扰","duration":0.3123000000000502,"failureMessages":[],"meta":{}},{"ancestorTitles":["effectiveNotifySound"],"fullName":"effectiveNotifySound 勿扰关闭全响","status":"passed","title":"勿扰关闭全响","duration":0.16200000000003456,"failureMessages":[],"meta":{}},{"ancestorTitles":["effectiveNotifySound"],"fullName":"effectiveNotifySound 闹钟永远响；提醒按豁免；其余静默","status":"passed","title":"闹钟永远响；提醒按豁免；其余静默","duration":0.18989999999996598,"failureMessages":[],"meta":{}}],"startTime":1789329889917,"endTime":1789329889924.19,"status":"passed","message":"","name":"D:/2/14/-Un-Real-0d23d9ux-Engine-main/src/lib/__tests__/dndSchedule.test.ts"},{"assertionResults":[{"ancestorTitles":["countWords"],"fullName":"countWords counts CJK chars individually","status":"passed","title":"counts CJK chars individually","duration":1.7010000000000218,"failureMessages":[],"meta":{}},{"ancestorTitles":["countWords"],"fullName":"countWords counts latin words as words","status":"passed","title":"counts latin words as words","duration":0.30319999999994707,"failureMessages":[],"meta":{}},{"ancestorTitles":["countWords"],"fullName":"countWords mixes CJK and latin","status":"passed","title":"mixes CJK and latin","duration":0.15440000000000964,"failureMessages":[],"meta":{}},{"ancestorTitles":["countWords"],"fullName":"countWords empty is zero","status":"passed","title":"empty is zero","duration":0.24689999999998236,"failureMessages":[],"meta":{}},{"ancestorTitles":["readingMinutes"],"fullName":"readingMinutes minimum one minute","status":"passed","title":"minimum one minute","duration":0.21640000000002146,"failureMessages":[],"meta":{}},{"ancestorTitles":["readingMinutes"],"fullName":"readingMinutes scales with length","status":"passed","title":"scales with length","duration":0.22429999999997108,"failureMessages":[],"meta":{}},{"ancestorTitles":["stripHtmlToText"],"fullName":"stripHtmlToText skips without DOM","status":"passed","title":"skips without DOM","duration":0.1532999999999447,"failureMessages":[],"meta":{}},{"ancestorTitles":["formatBytes"],"fullName":"formatBytes formats units","status":"passed","title":"formats units","duration":0.37590000000000146,"failureMessages":[],"meta":{}},{"ancestorTitles":["clamp/uid"],"fullName":"clamp/uid clamps","status":"passed","title":"clamps","duration":0.3491999999999962,"failureMessages":[],"meta":{}},{"ancestorTitles":["clamp/uid"],"fullName":"clamp/uid unique ids","status":"passed","title":"unique ids","duration":1.2941000000000713,"failureMessages":[],"meta":{}}],"startTime":1789329891513,"endTime":1789329891519.2942,"status":"passed","message":"","name":"D:/2/14/-Un-Real-0d23d9ux-Engine-main/src/lib/__tests__/format.test.ts"},{"assertionResults":[{"ancestorTitles":["AI-17 iconRegistry（U-10/Z-01）"],"fullName":"AI-17 iconRegistry（U-10/Z-01） 每个语义都有唯一 lucide 组件映射","status":"passed","title":"每个语义都有唯一 lucide 组件映射","duration":3.2028000000000247,"failureMessages":[],"meta":{}},{"ancestorTitles":["AI-17 iconRegistry（U-10/Z-01）"],"fullName":"AI-17 iconRegistry（U-10/Z-01） lucide 组件无重复登记（同一组件不得承担两个语义）","status":"passed","title":"lucide 组件无重复登记（同一组件不得承担两个语义）","duration":1.4125999999999976,"failureMessages":[],"meta":{}},{"ancestorTitles":["AI-17 iconRegistry（U-10/Z-01）"],"fullName":"AI-17 iconRegistry（U-10/Z-01） resolveIcon 未知语义抛错（防漂移）","status":"passed","title":"resolveIcon 未知语义抛错（防漂移）","duration":1.4798000000000684,"failureMessages":[],"meta":{}},{"ancestorTitles":["AI-17 iconRegistry（U-10/Z-01）"],"fullName":"AI-17 iconRegistry（U-10/Z-01） resolveIcon 返回登记的组件","status":"passed","title":"resolveIcon 返回登记的组件","duration":0.19990000000007058,"failureMessages":[],"meta":{}},{"ancestorTitles":["AI-17 iconRegistry（U-10/Z-01）"],"fullName":"AI-17 iconRegistry（U-10/Z-01） Segoe Fluent 码位映射格式正确（单字符 PUA 码位）","status":"passed","title":"Segoe Fluent 码位映射格式正确（单字符 PUA 码位）","duration":1.1811999999999898,"failureMessages":[],"meta":{}},{"ancestorTitles":["AI-17 iconRegistry（U-10/Z-01）"],"fullName":"AI-17 iconRegistry（U-10/Z-01） 高频语义都有 Segoe 对应物（Z-01 系统图标首选）","status":"passed","title":"高频语义都有 Segoe 对应物（Z-01 系统图标首选）","duration":0.3957999999998947,"failureMessages":[],"meta":{}},{"ancestorTitles":["AI-17 iconRegistry（U-10/Z-01）"],"fullName":"AI-17 iconRegistry（U-10/Z-01） 尺寸档位符合 Z-01 规格（16/18/24/32）","status":"passed","title":"尺寸档位符合 Z-01 规格（16/18/24/32）","duration":0.9131999999999607,"failureMessages":[],"meta":{}}],"startTime":1789329890986,"endTime":1789329890995.913,"status":"passed","message":"","name":"D:/2/14/-Un-Real-0d23d9ux-Engine-main/src/lib/__tests__/iconRegistry.test.ts"},{"assertionResults":[{"ancestorTitles":["V-61 鼠标参数"],"fullName":"V-61 鼠标参数 钳制到合法区间","status":"passed","title":"钳制到合法区间","duration":1.7304000000000315,"failureMessages":[],"meta":{}},{"ancestorTitles":["V-61 鼠标参数"],"fullName":"V-61 鼠标参数 空值回退默认（默认即现状）","status":"passed","title":"空值回退默认（默认即现状）","duration":1.0393000000000256,"failureMessages":[],"meta":{}},{"ancestorTitles":["V-61 鼠标参数"],"fullName":"V-61 鼠标参数 双击测试方块：间隔内且位移小 = 双击","status":"passed","title":"双击测试方块：间隔内且位移小 = 双击","duration":0.4411000000000058,"failureMessages":[],"meta":{}},{"ancestorTitles":["V-62 指针方案"],"fullName":"V-62 指针方案 13 态标准齐全","status":"passed","title":"13 态标准齐全","duration":1.0307000000000244,"failureMessages":[],"meta":{}},{"ancestorTitles":["V-62 指针方案"],"fullName":"V-62 指针方案 缺文件的态逐条报错","status":"passed","title":"缺文件的态逐条报错","duration":0.7337999999999738,"failureMessages":[],"meta":{}},{"ancestorTitles":["V-66 按键重映射"],"fullName":"V-66 按键重映射 白名单：CapsLock 可映射，Esc/组合不可","status":"passed","title":"白名单：CapsLock 可映射，Esc/组合不可","duration":0.3311999999999671,"failureMessages":[],"meta":{}},{"ancestorTitles":["V-66 按键重映射"],"fullName":"V-66 按键重映射 校验：身份映射/重复 from/非法 to 报错","status":"passed","title":"校验：身份映射/重复 from/非法 to 报错","duration":0.32950000000005275,"failureMessages":[],"meta":{}},{"ancestorTitles":["V-66 按键重映射"],"fullName":"V-66 按键重映射 翻译：命中映射返回目标键","status":"passed","title":"翻译：命中映射返回目标键","duration":0.3125999999999749,"failureMessages":[],"meta":{}},{"ancestorTitles":["V-66 按键重映射"],"fullName":"V-66 按键重映射 让位：其他修饰键按住时不翻译（系统组合键让位协议）","status":"passed","title":"让位：其他修饰键按住时不翻译（系统组合键让位协议）","duration":0.378400000000056,"failureMessages":[],"meta":{}},{"ancestorTitles":["V-66 按键重映射"],"fullName":"V-66 按键重映射 repeat 事件不重复翻译","status":"passed","title":"repeat 事件不重复翻译","duration":0.21820000000002437,"failureMessages":[],"meta":{}},{"ancestorTitles":["V-67 自然滚动"],"fullName":"V-67 自然滚动 关闭 = 永不反转（现状）","status":"passed","title":"关闭 = 永不反转（现状）","duration":0.16259999999999764,"failureMessages":[],"meta":{}},{"ancestorTitles":["V-67 自然滚动"],"fullName":"V-67 自然滚动 触摸类指针反转","status":"passed","title":"触摸类指针反转","duration":0.11210000000005493,"failureMessages":[],"meta":{}},{"ancestorTitles":["V-67 自然滚动"],"fullName":"V-67 自然滚动 近期有鼠标移动 → 保持鼠标滚轮语义","status":"passed","title":"近期有鼠标移动 → 保持鼠标滚轮语义","duration":0.17070000000001073,"failureMessages":[],"meta":{}},{"ancestorTitles":["V-69/V-70 精确模式与拖拽阈值"],"fullName":"V-69/V-70 精确模式与拖拽阈值 降速比例钳制 20%–60%","status":"passed","title":"降速比例钳制 20%–60%","duration":0.217899999999986,"failureMessages":[],"meta":{}},{"ancestorTitles":["V-69/V-70 精确模式与拖拽阈值"],"fullName":"V-69/V-70 精确模式与拖拽阈值 阈值内不算拖拽、阈值外启动","status":"passed","title":"阈值内不算拖拽、阈值外启动","duration":0.22820000000001528,"failureMessages":[],"meta":{}},{"ancestorTitles":["V-69/V-70 精确模式与拖拽阈值"],"fullName":"V-69/V-70 精确模式与拖拽阈值 触控输入阈值自动放大 ×2","status":"passed","title":"触控输入阈值自动放大 ×2","duration":0.1554999999999609,"failureMessages":[],"meta":{}},{"ancestorTitles":["V-69/V-70 精确模式与拖拽阈值"],"fullName":"V-69/V-70 精确模式与拖拽阈值 阈值本身钳制 2..10","status":"passed","title":"阈值本身钳制 2..10","duration":0.13229999999998654,"failureMessages":[],"meta":{}},{"ancestorTitles":["U-58 键盘全景"],"fullName":"U-58 键盘全景 覆盖审计表：全部已覆盖且路径可归一化","status":"passed","title":"覆盖审计表：全部已覆盖且路径可归一化","duration":1.2497999999999365,"failureMessages":[],"meta":{}},{"ancestorTitles":["U-58 键盘全景"],"fullName":"U-58 键盘全景 与快捷键表同源：审计表中 SHORTCUT_ACTIONS 的路径与默认表一致","status":"passed","title":"与快捷键表同源：审计表中 SHORTCUT_ACTIONS 的路径与默认表一致","duration":0.8048999999999751,"failureMessages":[],"meta":{}},{"ancestorTitles":["U-59 触控模式"],"fullName":"U-59 触控模式 auto = 首触切换；on/off 覆盖信号","status":"passed","title":"auto = 首触切换；on/off 覆盖信号","duration":0.24529999999992924,"failureMessages":[],"meta":{}},{"ancestorTitles":["coerceInputFeel（默认即现状）"],"fullName":"coerceInputFeel（默认即现状） 损坏输入整体回退默认","status":"passed","title":"损坏输入整体回退默认","duration":0.8710999999999558,"failureMessages":[],"meta":{}},{"ancestorTitles":["coerceInputFeel（默认即现状）"],"fullName":"coerceInputFeel（默认即现状） 合法字段保留、非法字段回退","status":"passed","title":"合法字段保留、非法字段回退","duration":0.4633999999999787,"failureMessages":[],"meta":{}},{"ancestorTitles":["coerceInputFeel（默认即现状）"],"fullName":"coerceInputFeel（默认即现状） 自定义指针文件仅接受字符串路径","status":"passed","title":"自定义指针文件仅接受字符串路径","duration":0.3432999999999993,"failureMessages":[],"meta":{}}],"startTime":1789329884915,"endTime":1789329884928.3433,"status":"passed","message":"","name":"D:/2/14/-Un-Real-0d23d9ux-Engine-main/src/lib/__tests__/inputFeel.test.ts"},{"assertionResults":[{"ancestorTitles":["Z-08 registry"],"fullName":"Z-08 registry registers and unregisters bindings","status":"passed","title":"registers and unregisters bindings","duration":2.968800000000101,"failureMessages":[],"meta":{}},{"ancestorTitles":["Z-08 registry"],"fullName":"Z-08 registry rejects invalid combos","status":"passed","title":"rejects invalid combos","duration":0.39039999999999964,"failureMessages":[],"meta":{}},{"ancestorTitles":["Z-08 registry"],"fullName":"Z-08 registry same-scope same-combo = error; higher priority may displace","status":"passed","title":"same-scope same-combo = error; higher priority may displace","duration":0.45309999999994943,"failureMessages":[],"meta":{}},{"ancestorTitles":["Z-08 registry"],"fullName":"Z-08 registry cross-scope same-combo = warn (allowed)","status":"passed","title":"cross-scope same-combo = warn (allowed)","duration":0.45600000000013097,"failureMessages":[],"meta":{}},{"ancestorTitles":["Z-08 registry"],"fullName":"Z-08 registry snapshot diff empty after unmount-style cleanup","status":"passed","title":"snapshot diff empty after unmount-style cleanup","duration":0.4286000000001877,"failureMessages":[],"meta":{}},{"ancestorTitles":["Z-08 registry"],"fullName":"Z-08 registry activeByScope filters by scope","status":"passed","title":"activeByScope filters by scope","duration":13.67489999999998,"failureMessages":[],"meta":{}},{"ancestorTitles":["Z-10 arbitrate"],"fullName":"Z-10 arbitrate no binding → null with reason","status":"passed","title":"no binding → null with reason","duration":0.37220000000002074,"failureMessages":[],"meta":{}},{"ancestorTitles":["Z-10 arbitrate"],"fullName":"Z-10 arbitrate global binding yields inside editable elements","status":"skipped","title":"global binding yields inside editable elements","failureMessages":[],"meta":{}},{"ancestorTitles":["Z-10 arbitrate"],"fullName":"Z-10 arbitrate context stack LIFO","status":"passed","title":"context stack LIFO","duration":0.35960000000000036,"failureMessages":[],"meta":{}},{"ancestorTitles":["Z-10 arbitrate"],"fullName":"Z-10 arbitrate isEditableTarget","status":"skipped","title":"isEditableTarget","failureMessages":[],"meta":{}},{"ancestorTitles":["Z-09 system combos"],"fullName":"Z-09 system combos has 40+ entries and shared reserved set","status":"passed","title":"has 40+ entries and shared reserved set","duration":0.4681000000000495,"failureMessages":[],"meta":{}},{"ancestorTitles":["Z-09 system combos"],"fullName":"Z-09 system combos passthrough never consumed","status":"passed","title":"passthrough never consumed","duration":0.29769999999984975,"failureMessages":[],"meta":{}},{"ancestorTitles":["Z-09 system combos"],"fullName":"Z-09 system combos yield combos yield in fullscreen, consume otherwise","status":"passed","title":"yield combos yield in fullscreen, consume otherwise","duration":0.24440000000004147,"failureMessages":[],"meta":{}},{"ancestorTitles":["Z-09 system combos"],"fullName":"Z-09 system combos non-system combos never yield","status":"passed","title":"non-system combos never yield","duration":0.12439999999992324,"failureMessages":[],"meta":{}},{"ancestorTitles":["Z-14 profiles"],"fullName":"Z-14 profiles three presets, all valid","status":"passed","title":"three presets, all valid","duration":1.080500000000029,"failureMessages":[],"meta":{}},{"ancestorTitles":["Z-14 profiles"],"fullName":"Z-14 profiles rejects unknown action ids (schema)","status":"passed","title":"rejects unknown action ids (schema)","duration":0.2989000000000033,"failureMessages":[],"meta":{}},{"ancestorTitles":["Z-14 profiles"],"fullName":"Z-14 profiles applyProfile merges patches","status":"passed","title":"applyProfile merges patches","duration":0.27099999999995816,"failureMessages":[],"meta":{}},{"ancestorTitles":["Z-14 profiles"],"fullName":"Z-14 profiles preset round-trip converges to same terminal state (Z-14 gate)","status":"passed","title":"preset round-trip converges to same terminal state (Z-14 gate)","duration":0.22640000000001237,"failureMessages":[],"meta":{}},{"ancestorTitles":["M-36 preview"],"fullName":"M-36 preview detects changes and reserved hits","status":"passed","title":"detects changes and reserved hits","duration":0.7837999999999283,"failureMessages":[],"meta":{}},{"ancestorTitles":["M-36 preview"],"fullName":"M-36 preview detects displaced actions on conflicts","status":"passed","title":"detects displaced actions on conflicts","duration":0.9103000000000065,"failureMessages":[],"meta":{}},{"ancestorTitles":["M-36 preview"],"fullName":"M-36 preview suggestFreeSlots skips taken and reserved","status":"passed","title":"suggestFreeSlots skips taken and reserved","duration":0.5991999999998825,"failureMessages":[],"meta":{}},{"ancestorTitles":["M-28 telemetry"],"fullName":"M-28 telemetry counts actions (id + count only)","status":"passed","title":"counts actions (id + count only)","duration":0.6156000000000859,"failureMessages":[],"meta":{}},{"ancestorTitles":["M-28 telemetry"],"fullName":"M-28 telemetry occupancy board counts failures","status":"passed","title":"occupancy board counts failures","duration":0.30970000000002074,"failureMessages":[],"meta":{}},{"ancestorTitles":["M-29 key repeat curve"],"fullName":"M-29 key repeat curve 1x before 500ms then accelerates","status":"passed","title":"1x before 500ms then accelerates","duration":0.393100000000004,"failureMessages":[],"meta":{}},{"ancestorTitles":["M-29 key repeat curve"],"fullName":"M-29 key repeat curve curve segments are monotonic","status":"passed","title":"curve segments are monotonic","duration":0.2942000000000462,"failureMessages":[],"meta":{}},{"ancestorTitles":["eventToCombo"],"fullName":"eventToCombo normalizes modifiers in order","status":"passed","title":"normalizes modifiers in order","duration":0.2561000000000604,"failureMessages":[],"meta":{}},{"ancestorTitles":["M-34 esc overlay stack"],"fullName":"M-34 esc overlay stack push/pop LIFO with idempotent push","status":"passed","title":"push/pop LIFO with idempotent push","duration":0.5196000000000822,"failureMessages":[],"meta":{}},{"ancestorTitles":["M-34 esc overlay stack"],"fullName":"M-34 esc overlay stack pop removes specific id","status":"passed","title":"pop removes specific id","duration":0.41069999999990614,"failureMessages":[],"meta":{}},{"ancestorTitles":["V-94 doctor"],"fullName":"V-94 doctor healthy with default binds","status":"passed","title":"healthy with default binds","duration":3.525000000000091,"failureMessages":[],"meta":{}},{"ancestorTitles":["V-94 doctor"],"fullName":"V-94 doctor reports reserved hits as errors","status":"passed","title":"reports reserved hits as errors","duration":0.6822999999999411,"failureMessages":[],"meta":{}},{"ancestorTitles":["V-94 doctor"],"fullName":"V-94 doctor reports conflicts as errors","status":"passed","title":"reports conflicts as errors","duration":0.3181000000001859,"failureMessages":[],"meta":{}},{"ancestorTitles":["V-94 doctor"],"fullName":"V-94 doctor reports bare keydown audit count as warn","status":"passed","title":"reports bare keydown audit count as warn","duration":0.29670000000010077,"failureMessages":[],"meta":{}},{"ancestorTitles":["shortcuts baseline"],"fullName":"shortcuts baseline default binds have no conflicts","status":"passed","title":"default binds have no conflicts","duration":0.16809999999986758,"failureMessages":[],"meta":{}},{"ancestorTitles":["shortcuts baseline"],"fullName":"shortcuts baseline default binds avoid system reserved","status":"passed","title":"default binds avoid system reserved","duration":1.2449999999998909,"failureMessages":[],"meta":{}},{"ancestorTitles":["shortcuts baseline"],"fullName":"shortcuts baseline normalizeAccel orders modifiers","status":"passed","title":"normalizeAccel orders modifiers","duration":0.34950000000003456,"failureMessages":[],"meta":{}},{"ancestorTitles":["shortcuts baseline"],"fullName":"shortcuts baseline action count stable (9 launch slots)","status":"passed","title":"action count stable (9 launch slots)","duration":0.417699999999968,"failureMessages":[],"meta":{}},{"ancestorTitles":["shortcuts baseline"],"fullName":"shortcuts baseline registry accepts every default action accel (Z-08 收编自举)","status":"passed","title":"registry accepts every default action accel (Z-08 收编自举)","duration":1.4338999999999942,"failureMessages":[],"meta":{}}],"startTime":1789329884520,"endTime":1789329884557.4338,"status":"passed","message":"","name":"D:/2/14/-Un-Real-0d23d9ux-Engine-main/src/lib/__tests__/keymap.test.ts"},{"assertionResults":[{"ancestorTitles":["N-17 注册表化"],"fullName":"N-17 注册表化 默认表含既有动作 + AI-07 效率增量，无重复 action","status":"passed","title":"默认表含既有动作 + AI-07 效率增量，无重复 action","duration":3.458599999999933,"failureMessages":[],"meta":{}},{"ancestorTitles":["N-17 注册表化"],"fullName":"N-17 注册表化 槽位冻结：ctrl+alt+n 归全局速记，notifyCenter 已迁移","status":"passed","title":"槽位冻结：ctrl+alt+n 归全局速记，notifyCenter 已迁移","duration":0.5294000000000096,"failureMessages":[],"meta":{}},{"ancestorTitles":["N-17 注册表化"],"fullName":"N-17 注册表化 用户覆盖生效；非法覆盖如实回退默认","status":"passed","title":"用户覆盖生效；非法覆盖如实回退默认","duration":0.5896000000000186,"failureMessages":[],"meta":{}},{"ancestorTitles":["冲突检测"],"fullName":"冲突检测 内部互冲检出","status":"passed","title":"内部互冲检出","duration":14.009800000000041,"failureMessages":[],"meta":{}},{"ancestorTitles":["冲突检测"],"fullName":"冲突检测 三方占用表命中（带建议）","status":"passed","title":"三方占用表命中（带建议）","duration":0.38850000000002183,"failureMessages":[],"meta":{}},{"ancestorTitles":["冲突检测"],"fullName":"冲突检测 默认表无内部互冲","status":"passed","title":"默认表无内部互冲","duration":0.4110999999999194,"failureMessages":[],"meta":{}},{"ancestorTitles":["Profile 方案档（.vkeys）"],"fullName":"Profile 方案档（.vkeys） 内置三档可应用且导入导出往返一致","status":"passed","title":"内置三档可应用且导入导出往返一致","duration":0.6241999999999734,"failureMessages":[],"meta":{}},{"ancestorTitles":["Profile 方案档（.vkeys）"],"fullName":"Profile 方案档（.vkeys） 单手档覆盖生效","status":"passed","title":"单手档覆盖生效","duration":0.12950000000000728,"failureMessages":[],"meta":{}},{"ancestorTitles":["Profile 方案档（.vkeys）"],"fullName":"Profile 方案档（.vkeys） 非法档案拒绝","status":"passed","title":"非法档案拒绝","duration":0.6276000000000295,"failureMessages":[],"meta":{}},{"ancestorTitles":["V-50 速查表导出"],"fullName":"V-50 速查表导出 Markdown：按域分组、含生成时间、冲突标 ⚠","status":"passed","title":"Markdown：按域分组、含生成时间、冲突标 ⚠","duration":0.7326000000000477,"failureMessages":[],"meta":{}},{"ancestorTitles":["V-50 速查表导出"],"fullName":"V-50 速查表导出 HTML：A4 双栏样式、冲突行标红、可转义","status":"passed","title":"HTML：A4 双栏样式、冲突行标红、可转义","duration":0.4632000000000289,"failureMessages":[],"meta":{}},{"ancestorTitles":["V-50 速查表导出"],"fullName":"V-50 速查表导出 导出内容与生效表一致（每条绑定均出现）","status":"passed","title":"导出内容与生效表一致（每条绑定均出现）","duration":0.17849999999998545,"failureMessages":[],"meta":{}},{"ancestorTitles":["学习模式查询"],"fullName":"学习模式查询 按 accel 反查（归一化）","status":"passed","title":"按 accel 反查（归一化）","duration":0.27089999999998327,"failureMessages":[],"meta":{}}],"startTime":1789329887264,"endTime":1789329887287.271,"status":"passed","message":"","name":"D:/2/14/-Un-Real-0d23d9ux-Engine-main/src/lib/__tests__/keys-registry.test.ts"},{"assertionResults":[{"ancestorTitles":["markdownToHtml"],"fullName":"markdownToHtml converts headings, lists and paragraphs","status":"passed","title":"converts headings, lists and paragraphs","duration":2.126500000000078,"failureMessages":[],"meta":{}},{"ancestorTitles":["markdownToHtml"],"fullName":"markdownToHtml escapes html in content","status":"passed","title":"escapes html in content","duration":0.5588000000000193,"failureMessages":[],"meta":{}},{"ancestorTitles":["markdownToHtml"],"fullName":"markdownToHtml keeps fenced code blocks verbatim (no styling inside)","status":"passed","title":"keeps fenced code blocks verbatim (no styling inside)","duration":0.27499999999997726,"failureMessages":[],"meta":{}},{"ancestorTitles":["markdownToHtml"],"fullName":"markdownToHtml supports inline styles and links","status":"passed","title":"supports inline styles and links","duration":0.2817000000000007,"failureMessages":[],"meta":{}},{"ancestorTitles":["markdownToHtml"],"fullName":"markdownToHtml handles ordered lists and quotes","status":"passed","title":"handles ordered lists and quotes","duration":0.21349999999995362,"failureMessages":[],"meta":{}}],"startTime":1789329892909,"endTime":1789329892913.2134,"status":"passed","message":"","name":"D:/2/14/-Un-Real-0d23d9ux-Engine-main/src/lib/__tests__/markdown.test.ts"},{"assertionResults":[{"ancestorTitles":["shareFormat"],"fullName":"shareFormat seal → open 往返一致","status":"passed","title":"seal → open 往返一致","duration":2.5108000000000175,"failureMessages":[],"meta":{}},{"ancestorTitles":["shareFormat"],"fullName":"shareFormat 篡改 payload 会被 checksum 拒绝","status":"passed","title":"篡改 payload 会被 checksum 拒绝","duration":0.5622000000000753,"failureMessages":[],"meta":{}},{"ancestorTitles":["shareFormat"],"fullName":"shareFormat 坏 JSON / 未知 kind / 缺字段全部拦截","status":"passed","title":"坏 JSON / 未知 kind / 缺字段全部拦截","duration":0.41660000000001673,"failureMessages":[],"meta":{}},{"ancestorTitles":["themeToken"],"fullName":"themeToken 合法主题通过","status":"passed","title":"合法主题通过","duration":0.7087000000000216,"failureMessages":[],"meta":{}},{"ancestorTitles":["themeToken"],"fullName":"themeToken 缺必填 / 非法色 / 低对比全部拦截","status":"passed","title":"缺必填 / 非法色 / 低对比全部拦截","duration":0.8327999999999065,"failureMessages":[],"meta":{}},{"ancestorTitles":["themeToken"],"fullName":"themeToken 非法变量名报 error，未知变量报 warning","status":"passed","title":"非法变量名报 error，未知变量报 warning","duration":0.4237000000000535,"failureMessages":[],"meta":{}},{"ancestorTitles":["themeToken"],"fullName":"themeToken WCAG 对比度基准：黑白 = 21:1","status":"passed","title":"WCAG 对比度基准：黑白 = 21:1","duration":0.2986999999999398,"failureMessages":[],"meta":{}},{"ancestorTitles":["connectors"],"fullName":"connectors coerce 合法条目","status":"passed","title":"coerce 合法条目","duration":0.4114999999999327,"failureMessages":[],"meta":{}},{"ancestorTitles":["connectors"],"fullName":"connectors 坏 kind / 坏 refresh 被拒或归零","status":"passed","title":"坏 kind / 坏 refresh 被拒或归零","duration":0.3709999999999809,"failureMessages":[],"meta":{}},{"ancestorTitles":["connectors"],"fullName":"connectors normalizeRefresh：0（手动）或 ≥10 且 ≤3600","status":"passed","title":"normalizeRefresh：0（手动）或 ≥10 且 ≤3600","duration":0.2897000000000389,"failureMessages":[],"meta":{}},{"ancestorTitles":["ecoMatrix"],"fullName":"ecoMatrix 矩阵自检通过（条目齐全、区间合法）","status":"passed","title":"矩阵自检通过（条目齐全、区间合法）","duration":0.9478000000000293,"failureMessages":[],"meta":{}},{"ancestorTitles":["ecoMatrix"],"fullName":"ecoMatrix 当前格式版本 → supported","status":"passed","title":"当前格式版本 → supported","duration":0.37770000000000437,"failureMessages":[],"meta":{}},{"ancestorTitles":["ecoMatrix"],"fullName":"ecoMatrix 过旧 / 过新 → unsupported","status":"passed","title":"过旧 / 过新 → unsupported","duration":0.23320000000001073,"failureMessages":[],"meta":{}},{"ancestorTitles":["pluginManifest"],"fullName":"pluginManifest 合法清单通过","status":"passed","title":"合法清单通过","duration":0.5153999999999996,"failureMessages":[],"meta":{}},{"ancestorTitles":["pluginManifest"],"fullName":"pluginManifest 未知权限 / 坏 id / 坏 version / 绝对路径 entry 全部拦截","status":"passed","title":"未知权限 / 坏 id / 坏 version / 绝对路径 entry 全部拦截","duration":0.5013000000000147,"failureMessages":[],"meta":{}},{"ancestorTitles":["pluginManifest"],"fullName":"pluginManifest 零权限给 warning 不拦截；缺字段整体拒绝","status":"passed","title":"零权限给 warning 不拦截；缺字段整体拒绝","duration":0.2645999999999731,"failureMessages":[],"meta":{}}],"startTime":1789329886461,"endTime":1789329886472.2646,"status":"passed","message":"","name":"D:/2/14/-Un-Real-0d23d9ux-Engine-main/src/lib/__tests__/openhub.test.ts"},{"assertionResults":[{"ancestorTitles":["nextFireTime（V-83 触发预览）"],"fullName":"nextFireTime（V-83 触发预览） at：今日未过 → 今日同一时刻","status":"passed","title":"at：今日未过 → 今日同一时刻","duration":1.9274000000000342,"failureMessages":[],"meta":{}},{"ancestorTitles":["nextFireTime（V-83 触发预览）"],"fullName":"nextFireTime（V-83 触发预览） at：已过 → 明日同一时刻","status":"passed","title":"at：已过 → 明日同一时刻","duration":0.47880000000009204,"failureMessages":[],"meta":{}},{"ancestorTitles":["nextFireTime（V-83 触发预览）"],"fullName":"nextFireTime（V-83 触发预览） at：恰好等于 now → 明日（下一次，不含当刻）","status":"passed","title":"at：恰好等于 now → 明日（下一次，不含当刻）","duration":0.26739999999995234,"failureMessages":[],"meta":{}},{"ancestorTitles":["nextFireTime（V-83 触发预览）"],"fullName":"nextFireTime（V-83 触发预览） interval：从未触发 → now + 间隔","status":"passed","title":"interval：从未触发 → now + 间隔","duration":0.1953000000000884,"failureMessages":[],"meta":{}},{"ancestorTitles":["nextFireTime（V-83 触发预览）"],"fullName":"nextFireTime（V-83 触发预览） interval：上次触发过 → lastFired + 间隔","status":"passed","title":"interval：上次触发过 → lastFired + 间隔","duration":0.19110000000000582,"failureMessages":[],"meta":{}},{"ancestorTitles":["nextFireTime（V-83 触发预览）"],"fullName":"nextFireTime（V-83 触发预览） idle/login：运行时态 → 0（前端显示待机语义）","status":"passed","title":"idle/login：运行时态 → 0（前端显示待机语义）","duration":0.36810000000002674,"failureMessages":[],"meta":{}},{"ancestorTitles":["isSafeStartupMirror（V-86 安全类启动项，与 workshop.rs 白名单镜像）"],"fullName":"isSafeStartupMirror（V-86 安全类启动项，与 workshop.rs 白名单镜像） 杀毒/安全类命中（名称或命令行，大小写不敏感）","status":"passed","title":"杀毒/安全类命中（名称或命令行，大小写不敏感）","duration":0.32320000000004256,"failureMessages":[],"meta":{}},{"ancestorTitles":["isSafeStartupMirror（V-86 安全类启动项，与 workshop.rs 白名单镜像）"],"fullName":"isSafeStartupMirror（V-86 安全类启动项，与 workshop.rs 白名单镜像） 安全卫士关键词命中","status":"passed","title":"安全卫士关键词命中","duration":0.17719999999997071,"failureMessages":[],"meta":{}},{"ancestorTitles":["isSafeStartupMirror（V-86 安全类启动项，与 workshop.rs 白名单镜像）"],"fullName":"isSafeStartupMirror（V-86 安全类启动项，与 workshop.rs 白名单镜像） 驱动类命中","status":"passed","title":"驱动类命中","duration":0.36849999999992633,"failureMessages":[],"meta":{}},{"ancestorTitles":["isSafeStartupMirror（V-86 安全类启动项，与 workshop.rs 白名单镜像）"],"fullName":"isSafeStartupMirror（V-86 安全类启动项，与 workshop.rs 白名单镜像） 普通应用不命中","status":"passed","title":"普通应用不命中","duration":0.24360000000001492,"failureMessages":[],"meta":{}},{"ancestorTitles":["splitPathRows（V-82 PATH 分行）"],"fullName":"splitPathRows（V-82 PATH 分行） 分号切分 + 去空段 + 保序","status":"passed","title":"分号切分 + 去空段 + 保序","duration":0.9112999999999829,"failureMessages":[],"meta":{}},{"ancestorTitles":["splitPathRows（V-82 PATH 分行）"],"fullName":"splitPathRows（V-82 PATH 分行） 两端空格去除","status":"passed","title":"两端空格去除","duration":0.2337999999999738,"failureMessages":[],"meta":{}},{"ancestorTitles":["splitPathRows（V-82 PATH 分行）"],"fullName":"splitPathRows（V-82 PATH 分行） 空串 → 空数组","status":"passed","title":"空串 → 空数组","duration":0.23040000000003147,"failureMessages":[],"meta":{}},{"ancestorTitles":["fmtBytes"],"fullName":"fmtBytes 各量级","status":"passed","title":"各量级","duration":0.27949999999998454,"failureMessages":[],"meta":{}},{"ancestorTitles":["diffKindClass（V-89 三色标记）"],"fullName":"diffKindClass（V-89 三色标记） add/del/mod 各自色类，未知为空","status":"passed","title":"add/del/mod 各自色类，未知为空","duration":0.26919999999995525,"failureMessages":[],"meta":{}},{"ancestorTitles":["fmtTime"],"fullName":"fmtTime 非正数 → 占位符","status":"passed","title":"非正数 → 占位符","duration":0.21739999999999782,"failureMessages":[],"meta":{}},{"ancestorTitles":["fmtTime"],"fullName":"fmtTime 正常格式化（本地时区，补零）","status":"passed","title":"正常格式化（本地时区，补零）","duration":0.1752999999999929,"failureMessages":[],"meta":{}},{"ancestorTitles":["triggerSummary"],"fullName":"triggerSummary 四种触发器文本","status":"passed","title":"四种触发器文本","duration":0.2858999999999696,"failureMessages":[],"meta":{}}],"startTime":1789329887137,"endTime":1789329887145.286,"status":"passed","message":"","name":"D:/2/14/-Un-Real-0d23d9ux-Engine-main/src/lib/__tests__/openTools.test.ts"},{"assertionResults":[{"ancestorTitles":["isPlainFileName"],"fullName":"isPlainFileName accepts simple names","status":"passed","title":"accepts simple names","duration":1.0264000000000806,"failureMessages":[],"meta":{}},{"ancestorTitles":["isPlainFileName"],"fullName":"isPlainFileName rejects traversal and separators","status":"passed","title":"rejects traversal and separators","duration":0.31970000000001164,"failureMessages":[],"meta":{}},{"ancestorTitles":["validateItemName"],"fullName":"validateItemName rejects empty","status":"passed","title":"rejects empty","duration":0.12459999999998672,"failureMessages":[],"meta":{}},{"ancestorTitles":["validateItemName"],"fullName":"validateItemName rejects too long","status":"passed","title":"rejects too long","duration":0.11810000000002674,"failureMessages":[],"meta":{}},{"ancestorTitles":["validateItemName"],"fullName":"validateItemName rejects path separators","status":"passed","title":"rejects path separators","duration":0.1313000000000102,"failureMessages":[],"meta":{}},{"ancestorTitles":["validateItemName"],"fullName":"validateItemName accepts normal names trimmed-able","status":"passed","title":"accepts normal names trimmed-able","duration":0.1129999999999427,"failureMessages":[],"meta":{}}],"startTime":1789329893354,"endTime":1789329893356.113,"status":"passed","message":"","name":"D:/2/14/-Un-Real-0d23d9ux-Engine-main/src/lib/__tests__/pathGuard.test.ts"},{"assertionResults":[{"ancestorTitles":["V-41 内联计算"],"fullName":"V-41 内联计算 基础算式与函数","status":"passed","title":"基础算式与函数","duration":3.374499999999898,"failureMessages":[],"meta":{}},{"ancestorTitles":["V-41 内联计算"],"fullName":"V-41 内联计算 路径/命令/URL 让位（零误判）","status":"passed","title":"路径/命令/URL 让位（零误判）","duration":0.9429000000000087,"failureMessages":[],"meta":{}},{"ancestorTitles":["V-41 内联计算"],"fullName":"V-41 内联计算 非法算式静默让位","status":"passed","title":"非法算式静默让位","duration":0.2860000000000582,"failureMessages":[],"meta":{}},{"ancestorTitles":["V-49 时间戳速插"],"fullName":"V-49 时间戳速插 五格式齐全且相互一致","status":"passed","title":"五格式齐全且相互一致","duration":2.3946999999998297,"failureMessages":[],"meta":{}},{"ancestorTitles":["V-49 时间戳速插"],"fullName":"V-49 时间戳速插 触发词","status":"passed","title":"触发词","duration":0.30549999999993815,"failureMessages":[],"meta":{}},{"ancestorTitles":["V-43 二维码速递（本地生成）"],"fullName":"V-43 二维码速递（本地生成） URL/文本/路径三类可生成（模块矩阵合理）","status":"passed","title":"URL/文本/路径三类可生成（模块矩阵合理）","duration":33.14760000000001,"failureMessages":[],"meta":{}},{"ancestorTitles":["V-43 二维码速递（本地生成）"],"fullName":"V-43 二维码速递（本地生成） 超容量如实拒绝（绝不截断）","status":"passed","title":"超容量如实拒绝（绝不截断）","duration":1.6603999999999814,"failureMessages":[],"meta":{}},{"ancestorTitles":["V-44 纯文本净化粘贴"],"fullName":"V-44 纯文本净化粘贴 HTML 剥离彻底（标签/实体/块级换行）","status":"passed","title":"HTML 剥离彻底（标签/实体/块级换行）","duration":1.4098999999998796,"failureMessages":[],"meta":{}},{"ancestorTitles":["V-44 纯文本净化粘贴"],"fullName":"V-44 纯文本净化粘贴 隐藏字符剥离（零宽/BOM/NBSP/双向控制/CR）","status":"passed","title":"隐藏字符剥离（零宽/BOM/NBSP/双向控制/CR）","duration":0.5971999999999298,"failureMessages":[],"meta":{}},{"ancestorTitles":["V-44 纯文本净化粘贴"],"fullName":"V-44 纯文本净化粘贴 让位检测：自带 Ctrl+Shift+V 的应用透传","status":"passed","title":"让位检测：自带 Ctrl+Shift+V 的应用透传","duration":0.39249999999992724,"failureMessages":[],"meta":{}},{"ancestorTitles":["V-44 纯文本净化粘贴"],"fullName":"V-44 纯文本净化粘贴 图片/文件源不介入","status":"passed","title":"图片/文件源不介入","duration":0.28569999999990614,"failureMessages":[],"meta":{}},{"ancestorTitles":["V-47 搜索历史隐私三态"],"fullName":"V-47 搜索历史隐私三态 local 模式记录与去重","status":"passed","title":"local 模式记录与去重","duration":1.106999999999971,"failureMessages":[],"meta":{}},{"ancestorTitles":["V-47 搜索历史隐私三态"],"fullName":"V-47 搜索历史隐私三态 off 模式零残留（内存也不留）","status":"passed","title":"off 模式零残留（内存也不留）","duration":0.3591999999998734,"failureMessages":[],"meta":{}},{"ancestorTitles":["V-47 搜索历史隐私三态"],"fullName":"V-47 搜索历史隐私三态 一键清空不可逆","status":"passed","title":"一键清空不可逆","duration":0.19709999999986394,"failureMessages":[],"meta":{}},{"ancestorTitles":["V-48 运行框自动补全"],"fullName":"V-48 运行框自动补全 历史 > 程序 > shell 前缀补全","status":"passed","title":"历史 > 程序 > shell 前缀补全","duration":0.8449000000000524,"failureMessages":[],"meta":{}},{"ancestorTitles":["V-48 运行框自动补全"],"fullName":"V-48 运行框自动补全 空输入不出补全；整体关闭由调用方不调用保证","status":"passed","title":"空输入不出补全；整体关闭由调用方不调用保证","duration":0.2661000000000513,"failureMessages":[],"meta":{}},{"ancestorTitles":["V-46 全局速记"],"fullName":"V-46 全局速记 文件名与分节格式","status":"passed","title":"文件名与分节格式","duration":0.32229999999981374,"failureMessages":[],"meta":{}},{"ancestorTitles":["N-18 宏引擎"],"fullName":"N-18 宏引擎 执行链路 + 失败即停报步骤号","status":"passed","title":"执行链路 + 失败即停报步骤号","duration":0.4318000000000666,"failureMessages":[],"meta":{}},{"ancestorTitles":["N-18 宏引擎"],"fullName":"N-18 宏引擎 护栏：UAC/密码框判停；急停 100% 生效","status":"passed","title":"护栏：UAC/密码框判停；急停 100% 生效","duration":0.20100000000002183,"failureMessages":[],"meta":{}},{"ancestorTitles":["N-18 宏引擎"],"fullName":"N-18 宏引擎 敏感宏判定（sendText = 键鼠模拟）","status":"passed","title":"敏感宏判定（sendText = 键鼠模拟）","duration":0.09529999999995198,"failureMessages":[],"meta":{}},{"ancestorTitles":["N-18 宏引擎"],"fullName":"N-18 宏引擎 cron 子集校验","status":"passed","title":"cron 子集校验","duration":0.34849999999983083,"failureMessages":[],"meta":{}},{"ancestorTitles":["N-18 宏引擎"],"fullName":"N-18 宏引擎 YAML 双形态同源往返","status":"passed","title":"YAML 双形态同源往返","duration":0.7691999999999553,"failureMessages":[],"meta":{}},{"ancestorTitles":["N-18 宏引擎"],"fullName":"N-18 宏引擎 非法 .vmacro 行级报错","status":"passed","title":"非法 .vmacro 行级报错","duration":0.5214000000000851,"failureMessages":[],"meta":{}},{"ancestorTitles":["N-18 宏引擎"],"fullName":"N-18 宏引擎 录制参数化：绝对 → 窗口相对坐标","status":"passed","title":"录制参数化：绝对 → 窗口相对坐标","duration":0.21820000000002437,"failureMessages":[],"meta":{}},{"ancestorTitles":["N-16 截图标注"],"fullName":"N-16 截图标注 六工具 + 序号步进分配","status":"passed","title":"六工具 + 序号步进分配","duration":0.2524999999998272,"failureMessages":[],"meta":{}},{"ancestorTitles":["N-16 截图标注"],"fullName":"N-16 截图标注 马赛克 = 破坏性 + 确认门 + 块计算","status":"passed","title":"马赛克 = 破坏性 + 确认门 + 块计算","duration":0.9868999999998778,"failureMessages":[],"meta":{}},{"ancestorTitles":["N-16 截图标注"],"fullName":"N-16 截图标注 OCR 语言包缺失诚实提示","status":"passed","title":"OCR 语言包缺失诚实提示","duration":0.26579999999989923,"failureMessages":[],"meta":{}},{"ancestorTitles":["N-14 统一搜索"],"fullName":"N-14 统一搜索 高级语法解析","status":"passed","title":"高级语法解析","duration":0.49679999999989377,"failureMessages":[],"meta":{}},{"ancestorTitles":["N-14 统一搜索"],"fullName":"N-14 统一搜索 保险箱路径硬排除（零泄漏）","status":"passed","title":"保险箱路径硬排除（零泄漏）","duration":0.9266999999999825,"failureMessages":[],"meta":{}},{"ancestorTitles":["N-14 统一搜索"],"fullName":"N-14 统一搜索 过滤组合（ext + size + modified）","status":"passed","title":"过滤组合（ext + size + modified）","duration":0.2685999999998785,"failureMessages":[],"meta":{}},{"ancestorTitles":["N-14 统一搜索"],"fullName":"N-14 统一搜索 五类聚合 + 权重 + Tab 锁定","status":"passed","title":"五类聚合 + 权重 + Tab 锁定","duration":0.7117999999998119,"failureMessages":[],"meta":{}}],"startTime":1789329883612,"endTime":1789329883667.712,"status":"passed","message":"","name":"D:/2/14/-Un-Real-0d23d9ux-Engine-main/src/lib/__tests__/quick-modules.test.ts"},{"assertionResults":[{"ancestorTitles":["sanitizeHtml"],"fullName":"sanitizeHtml removes script tags entirely","status":"passed","title":"removes script tags entirely","duration":1.9587000000000216,"failureMessages":[],"meta":{}},{"ancestorTitles":["sanitizeHtml"],"fullName":"sanitizeHtml removes event handlers","status":"passed","title":"removes event handlers","duration":0.5659999999999172,"failureMessages":[],"meta":{}},{"ancestorTitles":["sanitizeHtml"],"fullName":"sanitizeHtml keeps allowed formatting tags","status":"passed","title":"keeps allowed formatting tags","duration":0.5652000000000044,"failureMessages":[],"meta":{}},{"ancestorTitles":["sanitizeHtml"],"fullName":"sanitizeHtml rejects javascript: media sources","status":"passed","title":"rejects javascript: media sources","duration":0.41210000000000946,"failureMessages":[],"meta":{}},{"ancestorTitles":["sanitizeHtml"],"fullName":"sanitizeHtml accepts local absolute and asset sources","status":"passed","title":"accepts local absolute and asset sources","duration":0.70150000000001,"failureMessages":[],"meta":{}},{"ancestorTitles":["sanitizeHtml"],"fullName":"sanitizeHtml strips iframe/object/style/link/meta","status":"passed","title":"strips iframe/object/style/link/meta","duration":0.6229999999999336,"failureMessages":[],"meta":{}},{"ancestorTitles":["sanitizeHtml"],"fullName":"sanitizeHtml keeps safe inline style props only","status":"passed","title":"keeps safe inline style props only","duration":0.48599999999999,"failureMessages":[],"meta":{}}],"startTime":1789329890909,"endTime":1789329890914.486,"status":"passed","message":"","name":"D:/2/14/-Un-Real-0d23d9ux-Engine-main/src/lib/__tests__/sanitize.test.ts"},{"assertionResults":[{"ancestorTitles":["SaveCoordinator"],"fullName":"SaveCoordinator serializes tasks for the same key","status":"passed","title":"serializes tasks for the same key","duration":2.6718000000000757,"failureMessages":[],"meta":{}},{"ancestorTitles":["SaveCoordinator"],"fullName":"SaveCoordinator latest-wins: queued-but-not-started tasks are dropped","status":"passed","title":"latest-wins: queued-but-not-started tasks are dropped","duration":1.1870000000000118,"failureMessages":[],"meta":{}},{"ancestorTitles":["SaveCoordinator"],"fullName":"SaveCoordinator different keys run independently","status":"passed","title":"different keys run independently","duration":0.292699999999968,"failureMessages":[],"meta":{}},{"ancestorTitles":["SaveCoordinator"],"fullName":"SaveCoordinator propagates task errors after retries and keeps draining","status":"passed","title":"propagates task errors after retries and keeps draining","duration":26.442100000000096,"failureMessages":[],"meta":{}},{"ancestorTitles":["SaveCoordinator"],"fullName":"SaveCoordinator retries transient failures and recovers","status":"passed","title":"retries transient failures and recovers","duration":3.0252000000000407,"failureMessages":[],"meta":{}}],"startTime":1789329889921,"endTime":1789329889955.0251,"status":"passed","message":"","name":"D:/2/14/-Un-Real-0d23d9ux-Engine-main/src/lib/__tests__/saveQueue.test.ts"},{"assertionResults":[{"ancestorTitles":["AI-20 M-81：设置漂移矩阵（每版快照 → 迁移到当前）"],"fullName":"AI-20 M-81：设置漂移矩阵（每版快照 → 迁移到当前） fixtures 目录与登记表双向一致（新版本漏登记即红）","status":"passed","title":"fixtures 目录与登记表双向一致（新版本漏登记即红）","duration":2.19279999999992,"failureMessages":[],"meta":{}},{"ancestorTitles":["AI-20 M-81：设置漂移矩阵（每版快照 → 迁移到当前）"],"fullName":"AI-20 M-81：设置漂移矩阵（每版快照 → 迁移到当前） v1.0 → 当前版：迁移成功且不变量成立","status":"passed","title":"v1.0 → 当前版：迁移成功且不变量成立","duration":3.383199999999988,"failureMessages":[],"meta":{}},{"ancestorTitles":["AI-20 M-81：设置漂移矩阵（每版快照 → 迁移到当前）"],"fullName":"AI-20 M-81：设置漂移矩阵（每版快照 → 迁移到当前） v1.1 → 当前版：迁移成功且不变量成立","status":"passed","title":"v1.1 → 当前版：迁移成功且不变量成立","duration":0.9158999999999651,"failureMessages":[],"meta":{}},{"ancestorTitles":["AI-20 M-81：设置漂移矩阵（每版快照 → 迁移到当前）"],"fullName":"AI-20 M-81：设置漂移矩阵（每版快照 → 迁移到当前） v2.0 → 当前版：迁移成功且不变量成立","status":"passed","title":"v2.0 → 当前版：迁移成功且不变量成立","duration":0.8204000000000633,"failureMessages":[],"meta":{}},{"ancestorTitles":["AI-20 M-81：设置漂移矩阵（每版快照 → 迁移到当前）"],"fullName":"AI-20 M-81：设置漂移矩阵（每版快照 → 迁移到当前） v1.0（最老快照）：全部现代键回落默认（升级路径零事故）","status":"passed","title":"v1.0（最老快照）：全部现代键回落默认（升级路径零事故）","duration":0.7941999999999325,"failureMessages":[],"meta":{}},{"ancestorTitles":["AI-20 M-81：设置漂移矩阵（每版快照 → 迁移到当前）"],"fullName":"AI-20 M-81：设置漂移矩阵（每版快照 → 迁移到当前） v1.1（坏值快照）：越界值全部被 clamp/回落（人为破坏迁移被测试拦截）","status":"passed","title":"v1.1（坏值快照）：越界值全部被 clamp/回落（人为破坏迁移被测试拦截）","duration":0.45450000000005275,"failureMessages":[],"meta":{}},{"ancestorTitles":["AI-20 M-81：设置漂移矩阵（每版快照 → 迁移到当前）"],"fullName":"AI-20 M-81：设置漂移矩阵（每版快照 → 迁移到当前） JSON 坏值（customBg 损坏）→ 保留默认而非抛错","status":"passed","title":"JSON 坏值（customBg 损坏）→ 保留默认而非抛错","duration":0.24760000000003402,"failureMessages":[],"meta":{}},{"ancestorTitles":["AI-20 M-81：设置漂移矩阵（每版快照 → 迁移到当前）"],"fullName":"AI-20 M-81：设置漂移矩阵（每版快照 → 迁移到当前） 空对象 / 全垃圾输入 → 完整默认值","status":"passed","title":"空对象 / 全垃圾输入 → 完整默认值","duration":0.7928999999999178,"failureMessages":[],"meta":{}}],"startTime":1789329887201,"endTime":1789329887210.793,"status":"passed","message":"","name":"D:/2/14/-Un-Real-0d23d9ux-Engine-main/src/lib/__tests__/settingsDrift.test.ts"},{"assertionResults":[{"ancestorTitles":["uxpack validateManifest"],"fullName":"uxpack validateManifest 合法清单通过","status":"passed","title":"合法清单通过","duration":1.8557000000000698,"failureMessages":[],"meta":{}},{"ancestorTitles":["uxpack validateManifest"],"fullName":"uxpack validateManifest 非法 id / type / 权限被拒","status":"passed","title":"非法 id / type / 权限被拒","duration":0.782100000000014,"failureMessages":[],"meta":{}},{"ancestorTitles":["uxpack validateManifest"],"fullName":"uxpack validateManifest 三种扩展类型均合法","status":"passed","title":"三种扩展类型均合法","duration":0.2862999999999829,"failureMessages":[],"meta":{}},{"ancestorTitles":["uxpack hasPermission（与 Rust 侧一致）"],"fullName":"uxpack hasPermission（与 Rust 侧一致） 精确命中","status":"passed","title":"精确命中","duration":0.24500000000000455,"failureMessages":[],"meta":{}},{"ancestorTitles":["uxpack hasPermission（与 Rust 侧一致）"],"fullName":"uxpack hasPermission（与 Rust 侧一致） 作用域声明覆盖同 root 请求","status":"passed","title":"作用域声明覆盖同 root 请求","duration":0.203899999999976,"failureMessages":[],"meta":{}},{"ancestorTitles":["uxpack hasPermission（与 Rust 侧一致）"],"fullName":"uxpack hasPermission（与 Rust 侧一致） 越权被拒（X-2 验收：越权 API 调用被拒）","status":"passed","title":"越权被拒（X-2 验收：越权 API 调用被拒）","duration":0.36779999999998836,"failureMessages":[],"meta":{}}],"startTime":1789329890201,"endTime":1789329890205.368,"status":"passed","message":"","name":"D:/2/14/-Un-Real-0d23d9ux-Engine-main/src/lib/__tests__/uxpack.test.ts"},{"assertionResults":[{"ancestorTitles":["foldLines（近似宽度折行）"],"fullName":"foldLines（近似宽度折行） 空文本返回空数组","status":"passed","title":"空文本返回空数组","duration":2.341000000000008,"failureMessages":[],"meta":{}},{"ancestorTitles":["foldLines（近似宽度折行）"],"fullName":"foldLines（近似宽度折行） 短文本不折行","status":"passed","title":"短文本不折行","duration":0.4108999999999696,"failureMessages":[],"meta":{}},{"ancestorTitles":["foldLines（近似宽度折行）"],"fullName":"foldLines（近似宽度折行） 长文本按宽度切分","status":"passed","title":"长文本按宽度切分","duration":0.40840000000002874,"failureMessages":[],"meta":{}},{"ancestorTitles":["foldLines（近似宽度折行）"],"fullName":"foldLines（近似宽度折行） 超出行数截断并加省略号","status":"passed","title":"超出行数截断并加省略号","duration":0.2319999999999709,"failureMessages":[],"meta":{}},{"ancestorTitles":["foldLines（近似宽度折行）"],"fullName":"foldLines（近似宽度折行） 空白折叠为单空格","status":"passed","title":"空白折叠为单空格","duration":0.28330000000005384,"failureMessages":[],"meta":{}},{"ancestorTitles":["mindCardDataUrl（Mind 节点 → Write 图片卡片）"],"fullName":"mindCardDataUrl（Mind 节点 → Write 图片卡片） 生成 data:image/svg+xml URL","status":"passed","title":"生成 data:image/svg+xml URL","duration":0.5063999999999851,"failureMessages":[],"meta":{}},{"ancestorTitles":["mindCardDataUrl（Mind 节点 → Write 图片卡片）"],"fullName":"mindCardDataUrl（Mind 节点 → Write 图片卡片） 确定性：同输入同输出","status":"passed","title":"确定性：同输入同输出","duration":0.2300000000000182,"failureMessages":[],"meta":{}},{"ancestorTitles":["mindCardDataUrl（Mind 节点 → Write 图片卡片）"],"fullName":"mindCardDataUrl（Mind 节点 → Write 图片卡片） XML 特殊字符被转义","status":"passed","title":"XML 特殊字符被转义","duration":0.45810000000005857,"failureMessages":[],"meta":{}},{"ancestorTitles":["mindCardDataUrl（Mind 节点 → Write 图片卡片）"],"fullName":"mindCardDataUrl（Mind 节点 → Write 图片卡片） 多行正文高度自适应（行数多 → SVG 更高）","status":"passed","title":"多行正文高度自适应（行数多 → SVG 更高）","duration":0.7250000000000227,"failureMessages":[],"meta":{}}],"startTime":1789329890346,"endTime":1789329890351.725,"status":"passed","message":"","name":"D:/2/14/-Un-Real-0d23d9ux-Engine-main/src/lib/__tests__/xflow.test.ts"},{"assertionResults":[{"ancestorTitles":["xrefHref / parseXrefHref（编解码往返）"],"fullName":"xrefHref / parseXrefHref（编解码往返） mind-node / write-doc 基本往返","status":"passed","title":"mind-node / write-doc 基本往返","duration":2.10769999999
[...]
.24759999999992033,"failureMessages":[],"meta":{}},{"ancestorTitles":["W-147 视觉噪声计"],"fullName":"W-147 视觉噪声计 超标阈值 60（重度层亮黄灯）","status":"passed","title":"超标阈值 60（重度层亮黄灯）","duration":0.15830000000005384,"failureMessages":[],"meta":{}},{"ancestorTitles":["W-147 视觉噪声计"],"fullName":"W-147 视觉噪声计 安静档只含 muteable 且按权重倒序","status":"passed","title":"安静档只含 muteable 且按权重倒序","duration":0.26089999999999236,"failureMessages":[],"meta":{}},{"ancestorTitles":["W-147 视觉噪声计"],"fullName":"W-147 视觉噪声计 安静档执行后预估 ≤40","status":"passed","title":"安静档执行后预估 ≤40","duration":0.17429999999990287,"failureMessages":[],"meta":{}},{"ancestorTitles":["W-147 视觉噪声计"],"fullName":"W-147 视觉噪声计 低噪声不出安静建议","status":"passed","title":"低噪声不出安静建议","duration":0.11369999999988067,"failureMessages":[],"meta":{}},{"ancestorTitles":["W-148 像素画模式"],"fullName":"W-148 像素画模式 720p 整数倍降采样（真实最近邻参数）","status":"passed","title":"720p 整数倍降采样（真实最近邻参数）","duration":0.2400000000000091,"failureMessages":[],"meta":{}},{"ancestorTitles":["W-148 像素画模式"],"fullName":"W-148 像素画模式 字体栈含回退终端字体（不缺字）","status":"passed","title":"字体栈含回退终端字体（不缺字）","duration":0.09260000000017499,"failureMessages":[],"meta":{}},{"ancestorTitles":["W-148 像素画模式"],"fullName":"W-148 像素画模式 可用字体命中则置于栈首","status":"passed","title":"可用字体命中则置于栈首","duration":0.17640000000005784,"failureMessages":[],"meta":{}},{"ancestorTitles":["W-148 像素画模式"],"fullName":"W-148 像素画模式 全缺失回退纯系统栈","status":"passed","title":"全缺失回退纯系统栈","duration":0.07239999999978863,"failureMessages":[],"meta":{}},{"ancestorTitles":["W-149 暗角画框"],"fullName":"W-149 暗角画框 六制式齐备","status":"passed","title":"六制式齐备","duration":0.10799999999994725,"failureMessages":[],"meta":{}},{"ancestorTitles":["W-149 暗角画框"],"fullName":"W-149 暗角画框 各制式参数确定","status":"passed","title":"各制式参数确定","duration":0.21839999999997417,"failureMessages":[],"meta":{}},{"ancestorTitles":["W-149 暗角画框"],"fullName":"W-149 暗角画框 none 为显式关闭档（零宽透明）","status":"passed","title":"none 为显式关闭档（零宽透明）","duration":0.0929999999998472,"failureMessages":[],"meta":{}},{"ancestorTitles":["W-149 暗角画框"],"fullName":"W-149 暗角画框 画框层豁免命中区（纯装饰层 pointer-events:none）","status":"passed","title":"画框层豁免命中区（纯装饰层 pointer-events:none）","duration":0.07649999999989632,"failureMessages":[],"meta":{}},{"ancestorTitles":["W-150 长曝光壁纸"],"fullName":"W-150 长曝光壁纸 8760 帧 / 预算 140KB","status":"passed","title":"8760 帧 / 预算 140KB","duration":0.10469999999986612,"failureMessages":[],"meta":{}},{"ancestorTitles":["W-150 长曝光壁纸"],"fullName":"W-150 长曝光壁纸 5bit 量化展开为有效 hex","status":"passed","title":"5bit 量化展开为有效 hex","duration":0.21119999999996253,"failureMessages":[],"meta":{}},{"ancestorTitles":["W-150 长曝光壁纸"],"fullName":"W-150 长曝光壁纸 无样本小时返回 null（不编造）","status":"passed","title":"无样本小时返回 null（不编造）","duration":0.41180000000008476,"failureMessages":[],"meta":{}},{"ancestorTitles":["W-150 长曝光壁纸"],"fullName":"W-150 长曝光壁纸 覆盖写同小时样本","status":"passed","title":"覆盖写同小时样本","duration":0.4419000000000324,"failureMessages":[],"meta":{}},{"ancestorTitles":["W-150 长曝光壁纸"],"fullName":"W-150 长曝光壁纸 全年满采样存储 ≤140KB","status":"passed","title":"全年满采样存储 ≤140KB","duration":0.6946000000000367,"failureMessages":[],"meta":{}},{"ancestorTitles":["W-150 长曝光壁纸"],"fullName":"W-150 长曝光壁纸 年内小时 → 月份刻度","status":"passed","title":"年内小时 → 月份刻度","duration":0.12180000000012114,"failureMessages":[],"meta":{}},{"ancestorTitles":["W-151 月光舞台"],"fullName":"W-151 月光舞台 朔望周期 29.53 天且月相周期回绕","status":"passed","title":"朔望周期 29.53 天且月相周期回绕","duration":0.22079999999982647,"failureMessages":[],"meta":{}},{"ancestorTitles":["W-151 月光舞台"],"fullName":"W-151 月光舞台 满月最强新月近零","status":"passed","title":"满月最强新月近零","duration":0.19909999999981665,"failureMessages":[],"meta":{}},{"ancestorTitles":["W-151 月光舞台"],"fullName":"W-151 月光舞台 八相位名齐备","status":"passed","title":"八相位名齐备","duration":0.3491999999998825,"failureMessages":[],"meta":{}},{"ancestorTitles":["行为层非 DOM 安全性"],"fullName":"行为层非 DOM 安全性 activate/deactivate 幂等且不抛错","status":"passed","title":"activate/deactivate 幂等且不抛错","duration":0.8878000000001975,"failureMessages":[],"meta":{}},{"ancestorTitles":["行为层非 DOM 安全性"],"fullName":"行为层非 DOM 安全性 重复卸载安全","status":"passed","title":"重复卸载安全","duration":0.17000000000007276,"failureMessages":[],"meta":{}}],"startTime":1789329882961,"endTime":1789329883016.17,"status":"passed","message":"","name":"D:/2/14/-Un-Real-0d23d9ux-Engine-main/src/system/nova/modules/__tests__/visionNova.test.ts"},{"assertionResults":[{"ancestorTitles":["windowNova manifest"],"fullName":"windowNova manifest W-013…W-025 共 13 项，编号连续无缺","status":"passed","title":"W-013…W-025 共 13 项，编号连续无缺","duration":2.7906000000002678,"failureMessages":[],"meta":{}},{"ancestorTitles":["windowNova manifest"],"fullName":"windowNova manifest 每项必含中英标题/描述/降级说明，域标识 S2/AI-02","status":"passed","title":"每项必含中英标题/描述/降级说明，域标识 S2/AI-02","duration":1.488800000000083,"failureMessages":[],"meta":{}},{"ancestorTitles":["W-013 massInertia"],"fullName":"W-013 massInertia 零面积 → 轻如纸（0/0），≥0.6 封顶 60/80","status":"passed","title":"零面积 → 轻如纸（0/0），≥0.6 封顶 60/80","duration":1.5478000000002794,"failureMessages":[],"meta":{}},{"ancestorTitles":["W-013 massInertia"],"fullName":"W-013 massInertia 参数与面积单调不减（验收：惯性参数单调相关）","status":"passed","title":"参数与面积单调不减（验收：惯性参数单调相关）","duration":1.1567000000000007,"failureMessages":[],"meta":{}},{"ancestorTitles":["W-013 massInertia"],"fullName":"W-013 massInertia areaRatioOf：半屏窗口 ≈ 0.5","status":"passed","title":"areaRatioOf：半屏窗口 ≈ 0.5","duration":0.4432000000001608,"failureMessages":[],"meta":{}},{"ancestorTitles":["W-014 magnetState / nearestSnapDistance"],"fullName":"W-014 magnetState / nearestSnapDistance 场外零影响（不影响非吸附路径）","status":"passed","title":"场外零影响（不影响非吸附路径）","duration":0.47089999999980137,"failureMessages":[],"meta":{}},{"ancestorTitles":["W-014 magnetState / nearestSnapDistance"],"fullName":"W-014 magnetState / nearestSnapDistance 拉力随接近增强，d=0 时 3px，d≤2 呼吸确认","status":"passed","title":"拉力随接近增强，d=0 时 3px，d≤2 呼吸确认","duration":0.7919999999999163,"failureMessages":[],"meta":{}},{"ancestorTitles":["W-014 magnetState / nearestSnapDistance"],"fullName":"W-014 magnetState / nearestSnapDistance 最近吸附线：左缘/中线/顶缘识别","status":"passed","title":"最近吸附线：左缘/中线/顶缘识别","duration":0.6911000000000058,"failureMessages":[],"meta":{}},{"ancestorTitles":["W-015 genealogyLayout"],"fullName":"W-015 genealogyLayout 父子深度与顺序正确（steam 收编链）","status":"passed","title":"父子深度与顺序正确（steam 收编链）","duration":0.9432999999999083,"failureMessages":[],"meta":{}},{"ancestorTitles":["W-015 genealogyLayout"],"fullName":"W-015 genealogyLayout 父不在集合中 → 提升为根；环安全不死循环","status":"passed","title":"父不在集合中 → 提升为根；环安全不死循环","duration":0.666700000000219,"failureMessages":[],"meta":{}},{"ancestorTitles":["W-016 zElevationPx"],"fullName":"W-016 zElevationPx 顶层最深、逐层单调递减、不触地穿帮","status":"passed","title":"顶层最深、逐层单调递减、不触地穿帮","duration":0.7778000000002976,"failureMessages":[],"meta":{}},{"ancestorTitles":["W-016 zElevationPx"],"fullName":"W-016 zElevationPx 单窗恒定最深；static 双层分档由行为层按焦点取档","status":"passed","title":"单窗恒定最深；static 双层分档由行为层按焦点取档","duration":0.16049999999995634,"failureMessages":[],"meta":{}},{"ancestorTitles":["W-017 deskHue"],"fullName":"W-017 deskHue 全部色相与三主题强调色错开 ≥20°","status":"passed","title":"全部色相与三主题强调色错开 ≥20°","duration":1.3120000000003529,"failureMessages":[],"meta":{}},{"ancestorTitles":["W-017 deskHue"],"fullName":"W-017 deskHue 确定性且不同索引色相互异","status":"passed","title":"确定性且不同索引色相互异","duration":0.24080000000003565,"failureMessages":[],"meta":{}},{"ancestorTitles":["W-018 latticeRect / isLatticeRepeat"],"fullName":"W-018 latticeRect / isLatticeRepeat 9 格覆盖全部屏幕区域且为整数","status":"passed","title":"9 格覆盖全部屏幕区域且为整数","duration":1.2399000000000342,"failureMessages":[],"meta":{}},{"ancestorTitles":["W-018 latticeRect / isLatticeRepeat"],"fullName":"W-018 latticeRect / isLatticeRepeat 1=左下、5=居中最大化（整工作区）、9=右上","status":"passed","title":"1=左下、5=居中最大化（整工作区）、9=右上","duration":0.470299999999952,"failureMessages":[],"meta":{}},{"ancestorTitles":["W-018 latticeRect / isLatticeRepeat"],"fullName":"W-018 latticeRect / isLatticeRepeat 连按同格 900ms 内 = 二次恢复；换键/超时 = 首按","status":"passed","title":"连按同格 900ms 内 = 二次恢复；换键/超时 = 首按","duration":0.25070000000005166,"failureMessages":[],"meta":{}},{"ancestorTitles":["W-019 snap8Rect / alignSafeRect / isSnappedLike"],"fullName":"W-019 snap8Rect / alignSafeRect / isSnappedLike 裁剪后坐标 mod 8 == 0（验收）","status":"passed","title":"裁剪后坐标 mod 8 == 0（验收）","duration":0.29359999999996944,"failureMessages":[],"meta":{}},{"ancestorTitles":["W-019 snap8Rect / alignSafeRect / isSnappedLike"],"fullName":"W-019 snap8Rect / alignSafeRect / isSnappedLike 安全区对齐：钳入四边 8px 内框","status":"passed","title":"安全区对齐：钳入四边 8px 内框","duration":0.29719999999997526,"failureMessages":[],"meta":{}},{"ancestorTitles":["W-019 snap8Rect / alignSafeRect / isSnappedLike"],"fullName":"W-019 snap8Rect / alignSafeRect / isSnappedLike 最大化/贴边跳过，浮窗不跳过","status":"passed","title":"最大化/贴边跳过，浮窗不跳过","duration":0.25880000000006476,"failureMessages":[],"meta":{}},{"ancestorTitles":["W-020 echoEligible"],"fullName":"W-020 echoEligible 失焦 10s 门槛（≥10000ms）","status":"passed","title":"失焦 10s 门槛（≥10000ms）","duration":0.19079999999985375,"failureMessages":[],"meta":{}},{"ancestorTitles":["W-021 mosaicSuggestion / crowdingOf / adviceBlocked"],"fullName":"W-021 mosaicSuggestion / crowdingOf / adviceBlocked <3 窗或拥挤度 ≤60% 不打扰","status":"passed","title":"<3 窗或拥挤度 ≤60% 不打扰","duration":0.3789000000001579,"failureMessages":[],"meta":{}},{"ancestorTitles":["W-021 mosaicSuggestion / crowdingOf / adviceBlocked"],"fullName":"W-021 mosaicSuggestion / crowdingOf / adviceBlocked 宽窗给列、方窗给格、高窗给行（宽高比感知）","status":"passed","title":"宽窗给列、方窗给格、高窗给行（宽高比感知）","duration":0.24929999999994834,"failureMessages":[],"meta":{}},{"ancestorTitles":["W-021 mosaicSuggestion / crowdingOf / adviceBlocked"],"fullName":"W-021 mosaicSuggestion / crowdingOf / adviceBlocked 忽略记忆 8h","status":"passed","title":"忽略记忆 8h","duration":0.2217000000000553,"failureMessages":[],"meta":{}},{"ancestorTitles":["W-021 mosaicSuggestion / crowdingOf / adviceBlocked"],"fullName":"W-021 mosaicSuggestion / crowdingOf / adviceBlocked crowdingOf 与 mosaicApplyRects 覆盖工作区","status":"passed","title":"crowdingOf 与 mosaicApplyRects 覆盖工作区","duration":0.5414000000000669,"failureMessages":[],"meta":{}},{"ancestorTitles":["W-022 pushSlot / pickRollback / nearSame"],"fullName":"W-022 pushSlot / pickRollback / nearSame nearSame：2px 容差判定","status":"passed","title":"nearSame：2px 容差判定","duration":0.22180000000025757,"failureMessages":[],"meta":{}},{"ancestorTitles":["W-022 pushSlot / pickRollback / nearSame"],"fullName":"W-022 pushSlot / pickRollback / nearSame 近同仓不重复记录；封顶 3 仓（裁最旧）","status":"passed","title":"近同仓不重复记录；封顶 3 仓（裁最旧）","duration":2.1422999999999774,"failureMessages":[],"meta":{}},{"ancestorTitles":["W-022 pushSlot / pickRollback / nearSame"],"fullName":"W-022 pushSlot / pickRollback / nearSame 回滚取最近一仓且 ≠ 当前位置；取出即消费","status":"passed","title":"回滚取最近一仓且 ≠ 当前位置；取出即消费","duration":0.40330000000039945,"failureMessages":[],"meta":{}},{"ancestorTitles":["W-023 railDecision / railGeom"],"fullName":"W-023 railDecision / railGeom 顶端 8px 内松手入轨","status":"passed","title":"顶端 8px 内松手入轨","duration":0.16960000000017317,"failureMessages":[],"meta":{}},{"ancestorTitles":["W-023 railDecision / railGeom"],"fullName":"W-023 railDecision / railGeom 贴轨几何：高锁 72、原位钳制、不出工作区","status":"passed","title":"贴轨几何：高锁 72、原位钳制、不出工作区","duration":0.26519999999982247,"failureMessages":[],"meta":{}},{"ancestorTitles":["W-024 foldGeometry"],"fullName":"W-024 foldGeometry 右缘 36px 竖带、自顶向下、不溢出工作区","status":"passed","title":"右缘 36px 竖带、自顶向下、不溢出工作区","duration":0.49040000000013606,"failureMessages":[],"meta":{}},{"ancestorTitles":["W-024 foldGeometry"],"fullName":"W-024 foldGeometry 窗口多到放不下时诚实截断","status":"passed","title":"窗口多到放不下时诚实截断","duration":0.3795999999997548,"failureMessages":[],"meta":{}},{"ancestorTitles":["W-025 normalizeLabel"],"fullName":"W-025 normalizeLabel ≤12 字符保留（验收：标签 ≤ 12 字符）","status":"passed","title":"≤12 字符保留（验收：标签 ≤ 12 字符）","duration":0.2472000000002481,"failureMessages":[],"meta":{}},{"ancestorTitles":["W-025 normalizeLabel"],"fullName":"W-025 normalizeLabel 超长按码点截断（emoji 不劈半）、空白压缩、空 → null","status":"passed","title":"超长按码点截断（emoji 不劈半）、空白压缩、空 → null","duration":0.2966999999998734,"failureMessages":[],"meta":{}}],"startTime":1789329884726,"endTime":1789329884750.2966,"status":"passed","message":"","name":"D:/2/14/-Un-Real-0d23d9ux-Engine-main/src/system/nova/modules/__tests__/windowNova.test.ts"},{"assertionResults":[{"ancestorTitles":["AURORA-10000 领域02 catalog（AI-06~AI-10）"],"fullName":"AURORA-10000 领域02 catalog（AI-06~AI-10） 25 族 × 25 项 = 625 项","status":"passed","title":"25 族 × 25 项 = 625 项","duration":4.136199999999917,"failureMessages":[],"meta":{}},{"ancestorTitles":["AURORA-10000 领域02 catalog（AI-06~AI-10）"],"fullName":"AURORA-10000 领域02 catalog（AI-06~AI-10） ID 唯一且连续覆盖 F00626~F01250","status":"passed","title":"ID 唯一且连续覆盖 F00626~F01250","duration":9.716499999999996,"failureMessages":[],"meta":{}},{"ancestorTitles":["AURORA-10000 领域02 catalog（AI-06~AI-10）"],"fullName":"AURORA-10000 领域02 catalog（AI-06~AI-10） 族号连续 26~50 且归属齐全","status":"passed","title":"族号连续 26~50 且归属齐全","duration":1.9395999999999276,"failureMessages":[],"meta":{}},{"ancestorTitles":["族0026 吸附系统"],"fullName":"族0026 吸附系统 F00626 屏幕边缘 → 半屏","status":"passed","title":"F00626 屏幕边缘 → 半屏","duration":0.9639999999999418,"failureMessages":[],"meta":{}},{"ancestorTitles":["族0026 吸附系统"],"fullName":"族0026 吸附系统 F00635 黄金比例 0.618","status":"passed","title":"F00635 黄金比例 0.618","duration":0.1695999999999458,"failureMessages":[],"meta":{}},{"ancestorTitles":["族0026 吸附系统"],"fullName":"族0026 吸附系统 F00630 四角四分","status":"passed","title":"F00630 四角四分","duration":0.205600000000004,"failureMessages":[],"meta":{}},{"ancestorTitles":["族0026 吸附系统"],"fullName":"族0026 吸附系统 F00648 Alt 按住时禁用吸附","status":"passed","title":"F00648 Alt 按住时禁用吸附","duration":0.11869999999998981,"failureMessages":[],"meta":{}},{"ancestorTitles":["族0026 吸附系统"],"fullName":"族0026 吸附系统 F00646 提示线返回对齐参考","status":"passed","title":"F00646 提示线返回对齐参考","duration":0.151299999999992,"failureMessages":[],"meta":{}},{"ancestorTitles":["族0026 吸附系统"],"fullName":"族0026 吸附系统 未匹配 ID 返回 null","status":"passed","title":"未匹配 ID 返回 null","duration":0.24909999999999854,"failureMessages":[],"meta":{}},{"ancestorTitles":["族0027 布局引擎"],"fullName":"族0027 布局引擎 全部 25 种布局返回 5 个在工作区内的矩形","status":"passed","title":"全部 25 种布局返回 5 个在工作区内的矩形","duration":5.7487999999998465,"failureMessages":[],"meta":{}},{"ancestorTitles":["族0027 布局引擎"],"fullName":"族0027 布局引擎 F00653 主副列主窗约 62%","status":"passed","title":"F00653 主副列主窗约 62%","duration":0.23659999999995307,"failureMessages":[],"meta":{}},{"ancestorTitles":["族0027 布局引擎"],"fullName":"族0027 布局引擎 F00674 临时全屏焦点窗占满","status":"passed","title":"F00674 临时全屏焦点窗占满","duration":0.1815999999998894,"failureMessages":[],"meta":{}},{"ancestorTitles":["视觉参数族（0028/0046~0050）"],"fullName":"视觉参数族（0028/0046~0050） 六族全部有 25 档且 applyVisual 有输出","status":"passed","title":"六族全部有 25 档且 applyVisual 有输出","duration":0.8177000000000589,"failureMessages":[],"meta":{}},{"ancestorTitles":["视觉参数族（0028/0046~0050）"],"fullName":"视觉参数族（0028/0046~0050） F00700 降级静态时长为 0","status":"passed","title":"F00700 降级静态时长为 0","duration":0.10419999999999163,"failureMessages":[],"meta":{}},{"ancestorTitles":["视觉参数族（0028/0046~0050）"],"fullName":"视觉参数族（0028/0046~0050） F01216 性能档阴影全关","status":"passed","title":"F01216 性能档阴影全关","duration":0.1251999999999498,"failureMessages":[],"meta":{}},{"ancestorTitles":["族0029/0033/0031/0032/0041/0044 行为层"],"fullName":"族0029/0033/0031/0032/0041/0044 行为层 25 种手势绑定","status":"passed","title":"25 种手势绑定","duration":0.14679999999998472,"failureMessages":[],"meta":{}},{"ancestorTitles":["族0029/0033/0031/0032/0041/0044 行为层"],"fullName":"族0029/0033/0031/0032/0041/0044 行为层 25 种焦点档且防抢策略生效","status":"passed","title":"25 种焦点档且防抢策略生效","duration":0.23099999999999454,"failureMessages":[],"meta":{}},{"ancestorTitles":["族0029/0033/0031/0032/0041/0044 行为层"],"fullName":"族0029/0033/0031/0032/0041/0044 行为层 注意力评分边界","status":"passed","title":"注意力评分边界","duration":0.10599999999999454,"failureMessages":[],"meta":{}},{"ancestorTitles":["族0029/0033/0031/0032/0041/0044 行为层"],"fullName":"族0029/0033/0031/0032/0041/0044 行为层 虚拟桌面：创建/上限/固定/关闭","status":"passed","title":"虚拟桌面：创建/上限/固定/关闭","duration":0.4918999999999869,"failureMessages":[],"meta":{}},{"ancestorTitles":["族0029/0033/0031/0032/0041/0044 行为层"],"fullName":"族0029/0033/0031/0032/0041/0044 行为层 虚拟桌面模板","status":"passed","title":"虚拟桌面模板","duration":0.12159999999994398,"failureMessages":[],"meta":{}},{"ancestorTitles":["族0029/0033/0031/0032/0041/0044 行为层"],"fullName":"族0029/0033/0031/0032/0041/0044 行为层 分组：成组/加入/拆分","status":"passed","title":"分组：成组/加入/拆分","duration":0.3184999999998581,"failureMessages":[],"meta":{}},{"ancestorTitles":["族0029/0033/0031/0032/0041/0044 行为层"],"fullName":"族0029/0033/0031/0032/0041/0044 行为层 收纳坞：容量与置顶","status":"passed","title":"收纳坞：容量与置顶","duration":0.2500999999999749,"failureMessages":[],"meta":{}},{"ancestorTitles":["族0029/0033/0031/0032/0041/0044 行为层"],"fullName":"族0029/0033/0031/0032/0041/0044 行为层 放映：进入/步进/退出","status":"passed","title":"放映：进入/步进/退出","duration":0.15729999999985012,"failureMessages":[],"meta":{}},{"ancestorTitles":["族0030/0034/0035 会话层"],"fullName":"族0030/0034/0035 会话层 25 种多屏档 + 带鱼三分 + 光标对齐","status":"passed","title":"25 种多屏档 + 带鱼三分 + 光标对齐","duration":0.22199999999998,"failureMessages":[],"meta":{}},{"ancestorTitles":["族0030/0034/0035 会话层"],"fullName":"族0030/0034/0035 会话层 持久化：保存/恢复/幽灵清理/离屏召回","status":"passed","title":"持久化：保存/恢复/幽灵清理/离屏召回","duration":0.3949999999999818,"failureMessages":[],"meta":{}},{"ancestorTitles":["族0030/0034/0035 会话层"],"fullName":"族0030/0034/0035 会话层 25 种性能档 + 降级阶梯单调","status":"passed","title":"25 种性能档 + 降级阶梯单调","duration":0.1671000000001186,"failureMessages":[],"meta":{}},{"ancestorTitles":["族0036/0037/0038/0039/0043 空间层"],"fullName":"族0036/0037/0038/0039/0043 空间层 画布变换往返","status":"passed","title":"画布变换往返","duration":0.2826000000000022,"failureMessages":[],"meta":{}},{"ancestorTitles":["族0036/0037/0038/0039/0043 空间层"],"fullName":"族0036/0037/0038/0039/0043 空间层 物理：重力档最终落在底边内","status":"passed","title":"物理：重力档最终落在底边内","duration":0.6175999999998112,"failureMessages":[],"meta":{}},{"ancestorTitles":["族0036/0037/0038/0039/0043 空间层"],"fullName":"族0036/0037/0038/0039/0043 空间层 小地图映射往返 + 雷达极坐标","status":"passed","title":"小地图映射往返 + 雷达极坐标","duration":0.1994999999999436,"failureMessages":[],"meta":{}},{"ancestorTitles":["族0036/0037/0038/0039/0043 空间层"],"fullName":"族0036/0037/0038/0039/0043 空间层 节律：日出日落/时辰/月相/倒计时","status":"passed","title":"节律：日出日落/时辰/月相/倒计时","duration":0.3272999999999229,"failureMessages":[],"meta":{}},{"ancestorTitles":["族0036/0037/0038/0039/0043 空间层"],"fullName":"族0036/0037/0038/0039/0043 空间层 整理：策略排序与整洁评分","status":"passed","title":"整理：策略排序与整洁评分","duration":0.4130000000000109,"failureMessages":[],"meta":{}},{"ancestorTitles":["族0040/0042/0045 实验与可达层"],"fullName":"族0040/0042/0045 实验与可达层 25 种可达档且目标 ≥44px","status":"passed","title":"25 种可达档且目标 ≥44px","duration":0.4894000000001597,"failureMessages":[],"meta":{}},{"ancestorTitles":["族0040/0042/0045 实验与可达层"],"fullName":"族0040/0042/0045 实验与可达层 25 种信息档","status":"passed","title":"25 种信息档","duration":0.11200000000008004,"failureMessages":[],"meta":{}},{"ancestorTitles":["族0040/0042/0045 实验与可达层"],"fullName":"族0040/0042/0045 实验与可达层 XR：25 项能力全部默认关 + 无硬件隐藏","status":"passed","title":"XR：25 项能力全部默认关 + 无硬件隐藏","duration":0.5994000000000597,"failureMessages":[],"meta":{}},{"ancestorTitles":["总控 engine"],"fullName":"总控 engine 缺省回退首项且非法选择被回退","status":"passed","title":"缺省回退首项且非法选择被回退","duration":0.5612999999998465,"failureMessages":[],"meta":{}},{"ancestorTitles":["总控 engine"],"fullName":"总控 engine 每族应用都产生登记变量","status":"passed","title":"每族应用都产生登记变量","duration":0.8158999999998287,"failureMessages":[],"meta":{}}],"startTime":1789329884513,"endTime":1789329884546.816,"status":"passed","message":"","name":"D:/2/14/-Un-Real-0d23d9ux-Engine-main/src/system/windows/aurora/__tests__/aurora.test.ts"}]}