{"numTotalTestSuites":973,"numPassedTestSuites":973,"numFailedTestSuites":0,"numPendingTestSuites":0,"numTotalTests":2675,"numPassedTests":2671,"numFailedTests":0,"numPendingTests":4,"numTodoTests":0,"snapshot":{"added":0,"failure":false,"filesAdded":0,"filesRemoved":0,"filesRemovedList":[],"filesUnmatched":0,"filesUpdated":0,"matched":0,"total":0,"unchecked":0,"uncheckedKeysByFile":[],"unmatched":0,"updated":0,"didUpdate":false},"startTime":1789573763923,"success":true,"testResults":[{"assertionResults":[{"ancestorTitles":["V 线运行时 ID 收集"],"fullName":"V 线运行时 ID 收集 collect","status":"passed","title":"collect","duration":7879.7334,"failureMessages":[],"meta":{}}],"startTime":1789573765271,"endTime":1789573773150.7334,"status":"passed","message":"","name":"D:/2/14/-Un-Real-0d23d9ux-Engine-main/src/test/collect-vline.test.ts"},{"assertionResults":[{"ancestorTitles":["AI-5 兼容矩阵数据 (主计划 11.1)"],"fullName":"AI-5 兼容矩阵数据 (主计划 11.1) 共 200 条，且 summary 与实际一致","status":"passed","title":"共 200 条，且 summary 与实际一致","duration":2.629899999999907,"failureMessages":[],"meta":{}},{"ancestorTitles":["AI-5 兼容矩阵数据 (主计划 11.1)"],"fullName":"AI-5 兼容矩阵数据 (主计划 11.1) 5 类 × 40 条","status":"passed","title":"5 类 × 40 条","duration":0.6230000000000473,"failureMessages":[],"meta":{}},{"ancestorTitles":["AI-5 兼容矩阵数据 (主计划 11.1)"],"fullName":"AI-5 兼容矩阵数据 (主计划 11.1) 应用名与 id 全局唯一","status":"passed","title":"应用名与 id 全局唯一","duration":0.337099999999964,"failureMessages":[],"meta":{}},{"ancestorTitles":["AI-5 兼容矩阵数据 (主计划 11.1)"],"fullName":"AI-5 兼容矩阵数据 (主计划 11.1) A/B 判定只允许 pass/warn/fail/todo","status":"passed","title":"A/B 判定只允许 pass/warn/fail/todo","duration":14.392600000000016,"failureMessages":[],"meta":{}},{"ancestorTitles":["AI-5 兼容矩阵数据 (主计划 11.1)"],"fullName":"AI-5 兼容矩阵数据 (主计划 11.1) 主计划 11.1 点名的条目都在列","status":"passed","title":"主计划 11.1 点名的条目都在列","duration":0.4714000000000169,"failureMessages":[],"meta":{}},{"ancestorTitles":["AI-5 兼容矩阵数据 (主计划 11.1)"],"fullName":"AI-5 兼容矩阵数据 (主计划 11.1) 预算字段齐全（供 Bench-Perf/Accept-Gate 判定）","status":"passed","title":"预算字段齐全（供 Bench-Perf/Accept-Gate 判定）","duration":0.29920000000004165,"failureMessages":[],"meta":{}},{"ancestorTitles":["AI-5 兼容矩阵数据 (主计划 11.1)"],"fullName":"AI-5 兼容矩阵数据 (主计划 11.1) 未实测的条目不得被标成 pass（防假勾）","status":"passed","title":"未实测的条目不得被标成 pass（防假勾）","duration":0.17319999999995161,"failureMessages":[],"meta":{}},{"ancestorTitles":["AI-5 混沌场景数据 (主计划 11.2 / 扩充 21)"],"fullName":"AI-5 混沌场景数据 (主计划 11.2 / 扩充 21) 至少覆盖扩充 21 的 10 个必测场景","status":"passed","title":"至少覆盖扩充 21 的 10 个必测场景","duration":0.27359999999998763,"failureMessages":[],"meta":{}},{"ancestorTitles":["AI-5 混沌场景数据 (主计划 11.2 / 扩充 21)"],"fullName":"AI-5 混沌场景数据 (主计划 11.2 / 扩充 21) 场景 id 唯一且字段完整","status":"passed","title":"场景 id 唯一且字段完整","duration":1.320799999999963,"failureMessages":[],"meta":{}},{"ancestorTitles":["AI-5 混沌场景数据 (主计划 11.2 / 扩充 21)"],"fullName":"AI-5 混沌场景数据 (主计划 11.2 / 扩充 21) 危险场景一律 manual —— 脚本绝不代为执行","status":"passed","title":"危险场景一律 manual —— 脚本绝不代为执行","duration":0.26130000000000564,"failureMessages":[],"meta":{}},{"ancestorTitles":["AI-5 混沌场景数据 (主计划 11.2 / 扩充 21)"],"fullName":"AI-5 混沌场景数据 (主计划 11.2 / 扩充 21) 包含主计划 11.2 要求的 0x80000003 注入场景","status":"passed","title":"包含主计划 11.2 要求的 0x80000003 注入场景","duration":0.689200000000028,"failureMessages":[],"meta":{}},{"ancestorTitles":["AI-5 PowerShell 套件自检 (真 pwsh 执行)"],"fullName":"AI-5 PowerShell 套件自检 (真 pwsh 执行) 自检脚本存在","status":"passed","title":"自检脚本存在","duration":0.3729000000000724,"failureMessages":[],"meta":{}},{"ancestorTitles":["AI-5 PowerShell 套件自检 (真 pwsh 执行)"],"fullName":"AI-5 PowerShell 套件自检 (真 pwsh 执行) Run-PortableTests.ps1 在真 PowerShell 上通过（AST 语法 + 数据不变量 + 只读动作）","status":"passed","title":"Run-PortableTests.ps1 在真 PowerShell 上通过（AST 语法 + 数据不变量 + 只读动作）","duration":32910.286100000005,"failureMessages":[],"meta":{}},{"ancestorTitles":["AI-5 PowerShell 套件自检 (真 pwsh 执行)"],"fullName":"AI-5 PowerShell 套件自检 (真 pwsh 执行) 非 Windows 环境已跳过 PowerShell 执行（无 pwsh 可用）","status":"skipped","title":"非 Windows 环境已跳过 PowerShell 执行（无 pwsh 可用）","failureMessages":[],"meta":{}}],"startTime":1789573765267,"endTime":1789573798199.2861,"status":"passed","message":"","name":"D:/2/14/-Un-Real-0d23d9ux-Engine-main/portable/AI5/__tests__/portable.test.ts"},{"assertionResults":[{"ancestorTitles":["U-02 字形常量表"],"fullName":"U-02 字形常量表 VARIABLE 八个字母全部存在（含重复的 A）","status":"passed","title":"VARIABLE 八个字母全部存在（含重复的 A）","duration":2.5855000000000246,"failureMessages":[],"meta":{}},{"ancestorTitles":["U-02 字形常量表"],"fullName":"U-02 字形常量表 唯一字母集 = V/A/R/I/B/L/E，无多余字形","status":"passed","title":"唯一字母集 = V/A/R/I/B/L/E，无多余字形","duration":0.36979999999994106,"failureMessages":[],"meta":{}},{"ancestorTitles":["U-02 字形常量表"],"fullName":"U-02 字形常量表 每个长度常量为正的有限数","status":"passed","title":"每个长度常量为正的有限数","duration":0.6898000000001048,"failureMessages":[],"meta":{}},{"ancestorTitles":["U-02 字形常量表"],"fullName":"U-02 字形常量表 viewBox 统一为 0 0 100 120 且格式合法","status":"passed","title":"viewBox 统一为 0 0 100 120 且格式合法","duration":2.5219999999999345,"failureMessages":[],"meta":{}},{"ancestorTitles":["U-02 字形常量表"],"fullName":"U-02 字形常量表 path 数据非空、指令合法、坐标在画布内、无重复坏数据","status":"passed","title":"path 数据非空、指令合法、坐标在画布内、无重复坏数据","duration":11.44780000000003,"failureMessages":[],"meta":{}},{"ancestorTitles":["U-02 字形常量表"],"fullName":"U-02 字形常量表 长度常量与粗略几何量级一致（防手滑写错数量级）","status":"passed","title":"长度常量与粗略几何量级一致（防手滑写错数量级）","duration":0.5229999999999109,"failureMessages":[],"meta":{}}],"startTime":1789573773391,"endTime":1789573773409.523,"status":"passed","message":"","name":"D:/2/14/-Un-Real-0d23d9ux-Engine-main/src/assets/wordmark/glyphs.test.ts"},{"assertionResults":[{"ancestorTitles":["AI-17 breakpoints（U-12）"],"fullName":"AI-17 breakpoints（U-12） 三档断点边界正确（compact<1440≤standard<2560≤wide）","status":"passed","title":"三档断点边界正确（compact<1440≤standard<2560≤wide）","duration":1.089800000000082,"failureMessages":[],"meta":{}},{"ancestorTitles":["AI-17 breakpoints（U-12）"],"fullName":"AI-17 breakpoints（U-12） 大字模式：超大屏 + 高缩放","status":"passed","title":"大字模式：超大屏 + 高缩放","duration":0.2824000000000524,"failureMessages":[],"meta":{}},{"ancestorTitles":["AI-17 breakpoints（U-12）"],"fullName":"AI-17 breakpoints（U-12） viewportInfo 在无 window 环境返回标准值","status":"passed","title":"viewportInfo 在无 window 环境返回标准值","duration":0.22670000000005075,"failureMessages":[],"meta":{}},{"ancestorTitles":["AI-17 breakpoints（U-12）"],"fullName":"AI-17 breakpoints（U-12） suggestLargeType 不误报普通 2K（DPR=1）","status":"passed","title":"suggestLargeType 不误报普通 2K（DPR=1）","duration":0.06730000000004566,"failureMessages":[],"meta":{}}],"startTime":1789573778159,"endTime":1789573778161.2825,"status":"passed","message":"","name":"D:/2/14/-Un-Real-0d23d9ux-Engine-main/src/lib/__tests__/ai17-breakpoints.test.ts"},{"assertionResults":[{"ancestorTitles":["AI-17 errors（U-56）"],"fullName":"AI-17 errors（U-56） 十类常见错误全部命中词典（不落入 unknown）","status":"passed","title":"十类常见错误全部命中词典（不落入 unknown）","duration":3.2743000000000393,"failureMessages":[],"meta":{}},{"ancestorTitles":["AI-17 errors（U-56）"],"fullName":"AI-17 errors（U-56） 未知错误走通用模板并标记未收录（不裸抛 error code）","status":"passed","title":"未知错误走通用模板并标记未收录（不裸抛 error code）","duration":0.5536999999999352,"failureMessages":[],"meta":{}},{"ancestorTitles":["AI-17 errors（U-56）"],"fullName":"AI-17 errors（U-56） 叙事四段式完整（what/impact/actions/detail）且中英双语可切换","status":"passed","title":"叙事四段式完整（what/impact/actions/detail）且中英双语可切换","duration":0.5370000000000346,"failureMessages":[],"meta":{}},{"ancestorTitles":["AI-17 errors（U-56）"],"fullName":"AI-17 errors（U-56） 退避重试：默认 1s/3s/9s 三次退避后成功","status":"passed","title":"退避重试：默认 1s/3s/9s 三次退避后成功","duration":1.1725999999999885,"failureMessages":[],"meta":{}},{"ancestorTitles":["AI-17 errors（U-56）"],"fullName":"AI-17 errors（U-56） 不可重试错误立即抛出（shouldRetry=false）","status":"passed","title":"不可重试错误立即抛出（shouldRetry=false）","duration":1.7947000000000344,"failureMessages":[],"meta":{}},{"ancestorTitles":["AI-17 errors（U-56）"],"fullName":"AI-17 errors（U-56） 重试耗尽后抛出最后一次错误","status":"passed","title":"重试耗尽后抛出最后一次错误","duration":0.8300000000000409,"failureMessages":[],"meta":{}}],"startTime":1789573776203,"endTime":1789573776210.83,"status":"passed","message":"","name":"D:/2/14/-Un-Real-0d23d9ux-Engine-main/src/lib/__tests__/ai17-errors.test.ts"},{"assertionResults":[{"ancestorTitles":["AI-17 iconCache（Z-66/Z-04）"],"fullName":"AI-17 iconCache（Z-66/Z-04） DPR 命名空间量化到 0.25 步进","status":"passed","title":"DPR 命名空间量化到 0.25 步进","duration":2.098799999999983,"failureMessages":[],"meta":{}},{"ancestorTitles":["AI-17 iconCache（Z-66/Z-04）"],"fullName":"AI-17 iconCache（Z-66/Z-04） cacheKey 按 DPR 隔离命名空间","status":"passed","title":"cacheKey 按 DPR 隔离命名空间","duration":1.2010000000000218,"failureMessages":[],"meta":{}},{"ancestorTitles":["AI-17 iconCache（Z-66/Z-04）"],"fullName":"AI-17 iconCache（Z-66/Z-04） 未命中返回 null 且计数 miss","status":"passed","title":"未命中返回 null 且计数 miss","duration":0.42039999999997235,"failureMessages":[],"meta":{}},{"ancestorTitles":["AI-17 iconCache（Z-66/Z-04）"],"fullName":"AI-17 iconCache（Z-66/Z-04） 命中复用已解码位图（禁止重复解码）","status":"passed","title":"命中复用已解码位图（禁止重复解码）","duration":0.1696999999999207,"failureMessages":[],"meta":{}},{"ancestorTitles":["AI-17 iconCache（Z-66/Z-04）"],"fullName":"AI-17 iconCache（Z-66/Z-04） 解码失败抛出明确错误（含源标识）","status":"passed","title":"解码失败抛出明确错误（含源标识）","duration":1.9406999999999925,"failureMessages":[],"meta":{}},{"ancestorTitles":["AI-17 iconCache（Z-66/Z-04）"],"fullName":"AI-17 iconCache（Z-66/Z-04） 命名空间隔离：同一 src 不同 DPR 视为不同条目","status":"passed","title":"命名空间隔离：同一 src 不同 DPR 视为不同条目","duration":0.2921000000000049,"failureMessages":[],"meta":{}}],"startTime":1789573776525,"endTime":1789573776531.292,"status":"passed","message":"","name":"D:/2/14/-Un-Real-0d23d9ux-Engine-main/src/lib/__tests__/ai17-iconCache.test.ts"},{"assertionResults":[{"ancestorTitles":["AI-17 themeFade（Z-68）"],"fullName":"AI-17 themeFade（Z-68） 连续快速切换防抖：只有最后一次生效","status":"passed","title":"连续快速切换防抖：只有最后一次生效","duration":5.1426000000001295,"failureMessages":[],"meta":{}},{"ancestorTitles":["AI-17 themeFade（Z-68）"],"fullName":"AI-17 themeFade（Z-68） cancel 取消未决切换","status":"passed","title":"cancel 取消未决切换","duration":0.9820999999999458,"failureMessages":[],"meta":{}},{"ancestorTitles":["AI-17 themeFade（Z-68）"],"fullName":"AI-17 themeFade（Z-68） 切换应用后为主题添加交叉淡入类（双帧）","status":"skipped","title":"切换应用后为主题添加交叉淡入类（双帧）","failureMessages":[],"meta":{}},{"ancestorTitles":["AI-17 dragClarity（Z-65）"],"fullName":"AI-17 dragClarity（Z-65） 进入/退出拖动降质态（body class）","status":"passed","title":"进入/退出拖动降质态（body class）","duration":0.4836999999999989,"failureMessages":[],"meta":{}},{"ancestorTitles":["AI-17 dragClarity（Z-65）"],"fullName":"AI-17 dragClarity（Z-65） high 档全程满清：不进入降质态","status":"passed","title":"high 档全程满清：不进入降质态","duration":0.1675000000000182,"failureMessages":[],"meta":{}},{"ancestorTitles":["AI-17 hotspots（Z-69）"],"fullName":"AI-17 hotspots（Z-69） 默认仅左下角=开始菜单，其余完全无行为","status":"passed","title":"默认仅左下角=开始菜单，其余完全无行为","duration":0.6794999999999618,"failureMessages":[],"meta":{}},{"ancestorTitles":["AI-17 hotspots（Z-69）"],"fullName":"AI-17 hotspots（Z-69） hitEdge 命中四角与三边","status":"passed","title":"hitEdge 命中四角与三边","duration":0.5860999999999876,"failureMessages":[],"meta":{}},{"ancestorTitles":["AI-17 hotspots（Z-69）"],"fullName":"AI-17 hotspots（Z-69） disabled 时全部热区无响应","status":"passed","title":"disabled 时全部热区无响应","duration":0.1978999999998905,"failureMessages":[],"meta":{}},{"ancestorTitles":["AI-17 hotspots（Z-69）"],"fullName":"AI-17 hotspots（Z-69） save/load round-trip 持久化","status":"passed","title":"save/load round-trip 持久化","duration":0.25919999999996435,"failureMessages":[],"meta":{}}],"startTime":1789573775415,"endTime":1789573775424.5862,"status":"passed","message":"","name":"D:/2/14/-Un-Real-0d23d9ux-Engine-main/src/lib/__tests__/ai17-vision.test.ts"},{"assertionResults":[{"ancestorTitles":["AI-19 a11y：粘滞键序列累积器（M-73/U-40）"],"fullName":"AI-19 a11y：粘滞键序列累积器（M-73/U-40） 分步 Ctrl→Alt→E 等价 Ctrl+Alt+E","status":"passed","title":"分步 Ctrl→Alt→E 等价 Ctrl+Alt+E","duration":2.909599999999955,"failureMessages":[],"meta":{}},{"ancestorTitles":["AI-19 a11y：粘滞键序列累积器（M-73/U-40）"],"fullName":"AI-19 a11y：粘滞键序列累积器（M-73/U-40） 锁存 ∪ 实时事件修饰键；reset 显式清空","status":"passed","title":"锁存 ∪ 实时事件修饰键；reset 显式清空","duration":0.5391000000001895,"failureMessages":[],"meta":{}},{"ancestorTitles":["AI-19 a11y：粘滞键序列累积器（M-73/U-40）"],"fullName":"AI-19 a11y：粘滞键序列累积器（M-73/U-40） withStickyModifiers：修饰键喂入返回事件态，普通键返回合并态","status":"passed","title":"withStickyModifiers：修饰键喂入返回事件态，普通键返回合并态","duration":0.5029999999999291,"failureMessages":[],"meta":{}},{"ancestorTitles":["AI-19 a11y：粘滞键序列累积器（M-73/U-40）"],"fullName":"AI-19 a11y：粘滞键序列累积器（M-73/U-40） CVD 滤镜四类 + off 均有定义","status":"passed","title":"CVD 滤镜四类 + off 均有定义","duration":0.4309000000000651,"failureMessages":[],"meta":{}},{"ancestorTitles":["AI-19 简繁转换用户词表（M-77）"],"fullName":"AI-19 简繁转换用户词表（M-77） 安装/读取/空判定","status":"passed","title":"安装/读取/空判定","duration":0.6539999999999964,"failureMessages":[],"meta":{}},{"ancestorTitles":["AI-19 简繁转换用户词表（M-77）"],"fullName":"AI-19 简繁转换用户词表（M-77） 用户词覆盖默认转换（简体键与繁体形式都命中）","status":"passed","title":"用户词覆盖默认转换（简体键与繁体形式都命中）","duration":0.4794999999999163,"failureMessages":[],"meta":{}},{"ancestorTitles":["AI-19 简繁转换用户词表（M-77）"],"fullName":"AI-19 简繁转换用户词表（M-77） 专有名词不转换（值=键本身）","status":"passed","title":"专有名词不转换（值=键本身）","duration":0.30130000000008295,"failureMessages":[],"meta":{}},{"ancestorTitles":["AI-19 简繁转换用户词表（M-77）"],"fullName":"AI-19 简繁转换用户词表（M-77） 冲突检测：同键异值返回已有值","status":"passed","title":"冲突检测：同键异值返回已有值","duration":0.25949999999988904,"failureMessages":[],"meta":{}},{"ancestorTitles":["AI-19 简繁转换用户词表（M-77）"],"fullName":"AI-19 简繁转换用户词表（M-77） 上限截断","status":"passed","title":"上限截断","duration":10.048599999999851,"failureMessages":[],"meta":{}},{"ancestorTitles":["AI-19 简繁转换用户词表（M-77）"],"fullName":"AI-19 简繁转换用户词表（M-77） s2t 基础字符级转换可用","status":"passed","title":"s2t 基础字符级转换可用","duration":0.18869999999992615,"failureMessages":[],"meta":{}},{"ancestorTitles":["AI-19 区域格式跟随（M-78）"],"fullName":"AI-19 区域格式跟随（M-78） systemLocale 有兜底","status":"passed","title":"systemLocale 有兜底","duration":0.1756000000000313,"failureMessages":[],"meta":{}},{"ancestorTitles":["AI-19 区域格式跟随（M-78）"],"fullName":"AI-19 区域格式跟随（M-78） 数字千分位跟随 locale（en 与 de 分隔符不同）","status":"passed","title":"数字千分位跟随 locale（en 与 de 分隔符不同）","duration":16.499900000000025,"failureMessages":[],"meta":{}},{"ancestorTitles":["AI-19 区域格式跟随（M-78）"],"fullName":"AI-19 区域格式跟随（M-78） 容量：二进制 KiB/MiB 与十进制 KB/MB 口径","status":"passed","title":"容量：二进制 KiB/MiB 与十进制 KB/MB 口径","duration":0.5533000000000357,"failureMessages":[],"meta":{}},{"ancestorTitles":["AI-19 区域格式跟随（M-78）"],"fullName":"AI-19 区域格式跟随（M-78） 时间：强制 12/24 小时制","status":"passed","title":"时间：强制 12/24 小时制","duration":6.919100000000071,"failureMessages":[],"meta":{}},{"ancestorTitles":["AI-19 区域格式跟随（M-78）"],"fullName":"AI-19 区域格式跟随（M-78） 无效 locale 回退不抛异常","status":"passed","title":"无效 locale 回退不抛异常","duration":1.504699999999957,"failureMessages":[],"meta":{}}],"startTime":1789573767689,"endTime":1789573767732.5046,"status":"passed","message":"","name":"D:/2/14/-Un-Real-0d23d9ux-Engine-main/src/lib/__tests__/ai19-a11y-locale.test.ts"},{"assertionResults":[{"ancestorTitles":["AI-20 M-79：错误环形缓冲与聚合"],"fullName":"AI-20 M-79：错误环形缓冲与聚合 PII 清洗：引号长串剥离、绝对路径截断、超长截断","status":"passed","title":"PII 清洗：引号长串剥离、绝对路径截断、超长截断","duration":2.6072999999998956,"failureMessages":[],"meta":{}},{"ancestorTitles":["AI-20 M-79：错误环形缓冲与聚合"],"fullName":"AI-20 M-79：错误环形缓冲与聚合 栈顶提取：src 帧文件:行","status":"passed","title":"栈顶提取：src 帧文件:行","duration":0.7450000000001182,"failureMessages":[],"meta":{}},{"ancestorTitles":["AI-20 M-79：错误环形缓冲与聚合"],"fullName":"AI-20 M-79：错误环形缓冲与聚合 注入 3 类组件错误 ×100：聚合计数正确、Top 排序正确","status":"passed","title":"注入 3 类组件错误 ×100：聚合计数正确、Top 排序正确","duration":1.5738999999998668,"failureMessages":[],"meta":{}},{"ancestorTitles":["AI-20 M-79：错误环形缓冲与聚合"],"fullName":"AI-20 M-79：错误环形缓冲与聚合 7 天窗口：过期错误不计入；limit 生效","status":"passed","title":"7 天窗口：过期错误不计入；limit 生效","duration":1.0889999999999418,"failureMessages":[],"meta":{}},{"ancestorTitles":["AI-20 M-79：错误环形缓冲与聚合"],"fullName":"AI-20 M-79：错误环形缓冲与聚合 markdown 报告可直接贴 issue（含计数/首末时间）","status":"passed","title":"markdown 报告可直接贴 issue（含计数/首末时间）","duration":3.004399999999805,"failureMessages":[],"meta":{}},{"ancestorTitles":["AI-20 M-79：错误环形缓冲与聚合"],"fullName":"AI-20 M-79：错误环形缓冲与聚合 recordError 落盘/读取闭环（退出落盘 → 下次会话并入）","status":"passed","title":"recordError 落盘/读取闭环（退出落盘 → 下次会话并入）","duration":0.85349999999994,"failureMessages":[],"meta":{}},{"ancestorTitles":["AI-20 M-80：IPC 追踪环形缓冲与瀑布"],"fullName":"AI-20 M-80：IPC 追踪环形缓冲与瀑布 traceInvoke 记录成败与耗时","status":"passed","title":"traceInvoke 记录成败与耗时","duration":2.5635999999999513,"failureMessages":[],"meta":{}},{"ancestorTitles":["AI-20 M-80：IPC 追踪环形缓冲与瀑布"],"fullName":"AI-20 M-80：IPC 追踪环形缓冲与瀑布 按命令名过滤（前缀不区分大小写）","status":"passed","title":"按命令名过滤（前缀不区分大小写）","duration":0.36819999999988795,"failureMessages":[],"meta":{}},{"ancestorTitles":["AI-20 M-80：IPC 追踪环形缓冲与瀑布"],"fullName":"AI-20 M-80：IPC 追踪环形缓冲与瀑布 瀑布：慢调用（>100ms）标红、比例归一","status":"passed","title":"瀑布：慢调用（>100ms）标红、比例归一","duration":0.4855000000000018,"failureMessages":[],"meta":{}},{"ancestorTitles":["AI-20 M-80：IPC 追踪环形缓冲与瀑布"],"fullName":"AI-20 M-80：IPC 追踪环形缓冲与瀑布 订阅退订闭环","status":"passed","title":"订阅退订闭环","duration":1.1916999999998552,"failureMessages":[],"meta":{}},{"ancestorTitles":["AI-20 M-88：Tooltip 后缀格式与截断"],"fullName":"AI-20 M-88：Tooltip 后缀格式与截断 快捷键后缀圆括号式（唯一口径）","status":"passed","title":"快捷键后缀圆括号式（唯一口径）","duration":0.2053000000000793,"failureMessages":[],"meta":{}},{"ancestorTitles":["AI-20 M-88：Tooltip 后缀格式与截断"],"fullName":"AI-20 M-88：Tooltip 后缀格式与截断 超长截断 + 完整内容保留","status":"passed","title":"超长截断 + 完整内容保留","duration":1.6796999999999116,"failureMessages":[],"meta":{}},{"ancestorTitles":["AI-20 M-89：单位与数字规范"],"fullName":"AI-20 M-89：单位与数字规范 速度：十进制 1 位小数（20 边界值之一组）","status":"passed","title":"速度：十进制 1 位小数（20 边界值之一组）","duration":0.5024000000000797,"failureMessages":[],"meta":{}},{"ancestorTitles":["AI-20 M-89：单位与数字规范"],"fullName":"AI-20 M-89：单位与数字规范 容量：默认口径 = 现状（KB 1 位小数 / GB 2 位）","status":"passed","title":"容量：默认口径 = 现状（KB 1 位小数 / GB 2 位）","duration":0.32009999999991123,"failureMessages":[],"meta":{}},{"ancestorTitles":["AI-20 M-89：单位与数字规范"],"fullName":"AI-20 M-89：单位与数字规范 容量：M-78 显式口径（binary=KiB / decimal=KB）","status":"passed","title":"容量：M-78 显式口径（binary=KiB / decimal=KB）","duration":21.183799999999792,"failureMessages":[],"meta":{}},{"ancestorTitles":["AI-20 M-89：单位与数字规范"],"fullName":"AI-20 M-89：单位与数字规范 相对/绝对切换规则（7 天 / 1 天窗口）","status":"passed","title":"相对/绝对切换规则（7 天 / 1 天窗口）","duration":1.9995000000001255,"failureMessages":[],"meta":{}},{"ancestorTitles":["AI-20 M-89：单位与数字规范"],"fullName":"AI-20 M-89：单位与数字规范 智能时间：绝对态带 HH:mm、相对态含相对语义","status":"passed","title":"智能时间：绝对态带 HH:mm、相对态含相对语义","duration":6.361599999999953,"failureMessages":[],"meta":{}},{"ancestorTitles":["AI-20 M-90：日界事件（虚拟时钟）"],"fullName":"AI-20 M-90：日界事件（虚拟时钟） 连续跨午夜 50 次翻页全部正确","status":"passed","title":"连续跨午夜 50 次翻页全部正确","duration":4.183500000000095,"failureMessages":[],"meta":{}},{"ancestorTitles":["AI-20 M-90：日界事件（虚拟时钟）"],"fullName":"AI-20 M-90：日界事件（虚拟时钟） 手动改系统时间 ±1 天各 10 次：timejump 源正确","status":"passed","title":"手动改系统时间 ±1 天各 10 次：timejump 源正确","duration":0.6105999999999767,"failureMessages":[],"meta":{}},{"ancestorTitles":["AI-20 M-90：日界事件（虚拟时钟）"],"fullName":"AI-20 M-90：日界事件（虚拟时钟） 同日重复 tick 不发事件","status":"passed","title":"同日重复 tick 不发事件","duration":0.6122000000000298,"failureMessages":[],"meta":{}},{"ancestorTitles":["AI-20 M-90：日界事件（虚拟时钟）"],"fullName":"AI-20 M-90：日界事件（虚拟时钟） 事件名常量稳定（消费方依赖）","status":"passed","title":"事件名常量稳定（消费方依赖）","duration":0.1330000000000382,"failureMessages":[],"meta":{}},{"ancestorTitles":["AI-20 V-92：关机倒计时门禁"],"fullName":"AI-20 V-92：关机倒计时门禁 10 秒定档 + 逐秒递减 + 到点执行","status":"passed","title":"10 秒定档 + 逐秒递减 + 到点执行","duration":3.532899999999927,"failureMessages":[],"meta":{}},{"ancestorTitles":["AI-20 V-92：关机倒计时门禁"],"fullName":"AI-20 V-92：关机倒计时门禁 取消（Esc 通道）= 中断不执行","status":"passed","title":"取消（Esc 通道）= 中断不执行","duration":2.3923999999999523,"failureMessages":[],"meta":{}},{"ancestorTitles":["AI-20 V-92：关机倒计时门禁"],"fullName":"AI-20 V-92：关机倒计时门禁 force 通道跳过倒计时直接执行（脚本明示）","status":"passed","title":"force 通道跳过倒计时直接执行（脚本明示）","duration":0.6183000000000902,"failureMessages":[],"meta":{}},{"ancestorTitles":["AI-20 V-92：关机倒计时门禁"],"fullName":"AI-20 V-92：关机倒计时门禁 非法动作拒绝","status":"passed","title":"非法动作拒绝","duration":0.309099999999944,"failureMessages":[],"meta":{}}],"startTime":1789573767918,"endTime":1789573767978.309,"status":"passed","message":"","name":"D:/2/14/-Un-Real-0d23d9ux-Engine-main/src/lib/__tests__/ai20-quality.test.ts"},{"assertionResults":[{"ancestorTitles":["calcEval 标准/科学"],"fullName":"calcEval 标准/科学 四则与优先级","status":"passed","title":"四则与优先级","duration":2.8050000000000637,"failureMessages":[],"meta":{}},{"ancestorTitles":["calcEval 标准/科学"],"fullName":"calcEval 标准/科学 一元负号、百分比、阶乘","status":"passed","title":"一元负号、百分比、阶乘","duration":0.5723000000000411,"failureMessages":[],"meta":{}},{"ancestorTitles":["calcEval 标准/科学"],"fullName":"calcEval 标准/科学 函数与常量（角度/弧度）","status":"passed","title":"函数与常量（角度/弧度）","duration":0.7796000000000731,"failureMessages":[],"meta":{}},{"ancestorTitles":["calcEval 标准/科学"],"fullName":"calcEval 标准/科学 非法表达式如实抛错","status":"passed","title":"非法表达式如实抛错","duration":1.4708000000000538,"failureMessages":[],"meta":{}},{"ancestorTitles":["progEval 程序员模式"],"fullName":"progEval 程序员模式 解析与多进制展示","status":"passed","title":"解析与多进制展示","duration":1.3414999999999964,"failureMessages":[],"meta":{}},{"ancestorTitles":["progEval 程序员模式"],"fullName":"progEval 程序员模式 位运算与算术（64 位环绕）","status":"passed","title":"位运算与算术（64 位环绕）","duration":0.5846000000001368,"failureMessages":[],"meta":{}},{"ancestorTitles":["progEval 程序员模式"],"fullName":"progEval 程序员模式 64 位有符号环绕","status":"passed","title":"64 位有符号环绕","duration":0.21329999999989013,"failureMessages":[],"meta":{}},{"ancestorTitles":["unitConvert 单位换算"],"fullName":"unitConvert 单位换算 倍率类","status":"passed","title":"倍率类","duration":0.30520000000001346,"failureMessages":[],"meta":{}},{"ancestorTitles":["unitConvert 单位换算"],"fullName":"unitConvert 单位换算 温度经摄氏中转","status":"passed","title":"温度经摄氏中转","duration":0.4456000000000131,"failureMessages":[],"meta":{}},{"ancestorTitles":["unitConvert 单位换算"],"fullName":"unitConvert 单位换算 未知单位抛错","status":"passed","title":"未知单位抛错","duration":0.3026999999999589,"failureMessages":[],"meta":{}},{"ancestorTitles":["fmtResult"],"fullName":"fmtResult 整数与有限小数","status":"passed","title":"整数与有限小数","duration":0.26840000000015607,"failureMessages":[],"meta":{}},{"ancestorTitles":["fmtResult"],"fullName":"fmtResult 非有限值如实标注","status":"passed","title":"非有限值如实标注","duration":0.12220000000002074,"failureMessages":[],"meta":{}}],"startTime":1789573775315,"endTime":1789573775325.2683,"status":"passed","message":"","name":"D:/2/14/-Un-Real-0d23d9ux-Engine-main/src/lib/__tests__/calc.test.ts"},{"assertionResults":[{"ancestorTitles":["P-1 命令注册表"],"fullName":"P-1 命令注册表 注册 / 查询 / 重复注册覆盖","status":"passed","title":"注册 / 查询 / 重复注册覆盖","duration":14.54200000000003,"failureMessages":[],"meta":{}},{"ancestorTitles":["P-1 命令注册表"],"fullName":"P-1 命令注册表 非法声明拒绝","status":"passed","title":"非法声明拒绝","duration":1.2033999999998741,"failureMessages":[],"meta":{}},{"ancestorTitles":["P-1 命令注册表"],"fullName":"P-1 命令注册表 模糊匹配：前缀 > 连续子串 > 子序列","status":"passed","title":"模糊匹配：前缀 > 连续子串 > 子序列","duration":1.1523999999999432,"failureMessages":[],"meta":{}},{"ancestorTitles":["P-1 命令注册表"],"fullName":"P-1 命令注册表 拼音匹配（zh 高频）","status":"passed","title":"拼音匹配（zh 高频）","duration":0.2119000000000142,"failureMessages":[],"meta":{}},{"ancestorTitles":["P-1 命令注册表"],"fullName":"P-1 命令注册表 条件可见性 when()","status":"passed","title":"条件可见性 when()","duration":1.1217999999998938,"failureMessages":[],"meta":{}},{"ancestorTitles":["P-1 命令注册表"],"fullName":"P-1 命令注册表 模式过滤：`>` 命令模式排除 app/settings；`?` 仅 settings","status":"passed","title":"模式过滤：`>` 命令模式排除 app/settings；`?` 仅 settings","duration":0.5750000000000455,"failureMessages":[],"meta":{}},{"ancestorTitles":["学习排序（频次 + 新近度，纯本地）"],"fullName":"学习排序（频次 + 新近度，纯本地） 统计持久化往返","status":"passed","title":"统计持久化往返","duration":0.41679999999996653,"failureMessages":[],"meta":{}},{"ancestorTitles":["学习排序（频次 + 新近度，纯本地）"],"fullName":"学习排序（频次 + 新近度，纯本地） 损坏统计如实从零开始","status":"passed","title":"损坏统计如实从零开始","duration":0.2826000000000022,"failureMessages":[],"meta":{}},{"ancestorTitles":["学习排序（频次 + 新近度，纯本地）"],"fullName":"学习排序（频次 + 新近度，纯本地） 高频命令排序靠前","status":"passed","title":"高频命令排序靠前","duration":0.3813000000000102,"failureMessages":[],"meta":{}},{"ancestorTitles":["学习排序（频次 + 新近度，纯本地）"],"fullName":"学习排序（频次 + 新近度，纯本地） 新近度半衰：老命令权重低于新命令","status":"passed","title":"新近度半衰：老命令权重低于新命令","duration":0.22129999999992833,"failureMessages":[],"meta":{}},{"ancestorTitles":["钉选（V-45 同款钉选位）"],"fullName":"钉选（V-45 同款钉选位） 钉选/取消/持久化往返","status":"passed","title":"钉选/取消/持久化往返","duration":0.5569000000000415,"failureMessages":[],"meta":{}},{"ancestorTitles":["钉选（V-45 同款钉选位）"],"fullName":"钉选（V-45 同款钉选位） 超上限如实失败","status":"passed","title":"超上限如实失败","duration":1.2081000000000586,"failureMessages":[],"meta":{}},{"ancestorTitles":["钉选（V-45 同款钉选位）"],"fullName":"钉选（V-45 同款钉选位） 拖拽排序保持缺失项","status":"passed","title":"拖拽排序保持缺失项","duration":0.34110000000009677,"failureMessages":[],"meta":{}},{"ancestorTitles":["执行"],"fullName":"执行 执行并记录统计；when() 拦截返回 false","status":"passed","title":"执行并记录统计；when() 拦截返回 false","duration":1.1462000000001353,"failureMessages":[],"meta":{}}],"startTime":1789573771682,"endTime":1789573771707.1462,"status":"passed","message":"","name":"D:/2/14/-Un-Real-0d23d9ux-Engine-main/src/lib/__tests__/commands-registry.test.ts"},{"assertionResults":[{"ancestorTitles":["convert 单位换算（权威值）"],"fullName":"convert 单位换算（权威值） 长度：1 mi = 1609.344 m；1 in = 2.54 cm","status":"passed","title":"长度：1 mi = 1609.344 m；1 in = 2.54 cm","duration":1.8680000000000518,"failureMessages":[],"meta":{}},{"ancestorTitles":["convert 单位换算（权威值）"],"fullName":"convert 单位换算（权威值） 质量：1 lb = 0.45359237 kg；1 oz = 28.349523125 g","status":"passed","title":"质量：1 lb = 0.45359237 kg；1 oz = 28.349523125 g","duration":0.4092000000000553,"failureMessages":[],"meta":{}},{"ancestorTitles":["convert 单位换算（权威值）"],"fullName":"convert 单位换算（权威值） 温度：100°F = 37.7778°C；0°C = 273.15 K","status":"passed","title":"温度：100°F = 37.7778°C；0°C = 273.15 K","duration":0.25120000000003984,"failureMessages":[],"meta":{}},{"ancestorTitles":["convert 单位换算（权威值）"],"fullName":"convert 单位换算（权威值） 面积：1 mi² = 2589988.110336 m²；1 ac = 4046.8564224 m²","status":"passed","title":"面积：1 mi² = 2589988.110336 m²；1 ac = 4046.8564224 m²","duration":0.1713999999999487,"failureMessages":[],"meta":{}},{"ancestorTitles":["convert 单位换算（权威值）"],"fullName":"convert 单位换算（权威值） 体积：1 gal(US) = 3.785411784 L；1 ft³ = 28.316846592 L","status":"passed","title":"体积：1 gal(US) = 3.785411784 L；1 ft³ = 28.316846592 L","duration":0.290300000000002,"failureMessages":[],"meta":{}},{"ancestorTitles":["convert 单位换算（权威值）"],"fullName":"convert 单位换算（权威值） 速度：1 mph = 0.44704 m/s；1 kn = 1852/3600 m/s","status":"passed","title":"速度：1 mph = 0.44704 m/s；1 kn = 1852/3600 m/s","duration":0.22829999999999018,"failureMessages":[],"meta":{}},{"ancestorTitles":["convert 单位换算（权威值）"],"fullName":"convert 单位换算（权威值） 数据量：1 KB = 1024 B；1 GB = 1073741824 B","status":"passed","title":"数据量：1 KB = 1024 B；1 GB = 1073741824 B","duration":0.29740000000003874,"failureMessages":[],"meta":{}},{"ancestorTitles":["convert 单位换算（权威值）"],"fullName":"convert 单位换算（权威值） 时间：1 h = 3600 s；1 d = 86400 s","status":"passed","title":"时间：1 h = 3600 s；1 d = 86400 s","duration":0.15300000000002,"failureMessages":[],"meta":{}},{"ancestorTitles":["convert 单位换算（权威值）"],"fullName":"convert 单位换算（权威值） 单位表规模：8 大类、60+ 单位","status":"passed","title":"单位表规模：8 大类、60+ 单位","duration":1.3092000000000326,"failureMessages":[],"meta":{}},{"ancestorTitles":["convert 单位换算（权威值）"],"fullName":"convert 单位换算（权威值） 未知单位如实抛错","status":"passed","title":"未知单位如实抛错","duration":0.8399999999999181,"failureMessages":[],"meta":{}},{"ancestorTitles":["convert 温度往返"],"fullName":"convert 温度往返 °F → °C → °F 往返还原","status":"passed","title":"°F → °C → °F 往返还原","duration":0.15480000000002292,"failureMessages":[],"meta":{}},{"ancestorTitles":["convert 温度往返"],"fullName":"convert 温度往返 K → °C → K 往返还原","status":"passed","title":"K → °C → K 往返还原","duration":0.11849999999992633,"failureMessages":[],"meta":{}},{"ancestorTitles":["radixConvert 进制转换（64 位边界）"],"fullName":"radixConvert 进制转换（64 位边界） 十进制 u64 上限 ↔ 十六进制","status":"passed","title":"十进制 u64 上限 ↔ 十六进制","duration":0.3705999999999676,"failureMessages":[],"meta":{}},{"ancestorTitles":["radixConvert 进制转换（64 位边界）"],"fullName":"radixConvert 进制转换（64 位边界） 二 / 八 / 十六互转","status":"passed","title":"二 / 八 / 十六互转","duration":0.32749999999998636,"failureMessages":[],"meta":{}},{"ancestorTitles":["radixConvert 进制转换（64 位边界）"],"fullName":"radixConvert 进制转换（64 位边界） 超上限如实抛错","status":"passed","title":"超上限如实抛错","duration":0.5678000000000338,"failureMessages":[],"meta":{}},{"ancestorTitles":["radixConvert 进制转换（64 位边界）"],"fullName":"radixConvert 进制转换（64 位边界） 非法字符 / 非法进制如实抛错","status":"passed","title":"非法字符 / 非法进制如实抛错","duration":0.8080000000001064,"failureMessages":[],"meta":{}},{"ancestorTitles":["radixConvert 进制转换（64 位边界）"],"fullName":"radixConvert 进制转换（64 位边界） 0 与边界值正常","status":"passed","title":"0 与边界值正常","duration":0.20080000000007203,"failureMessages":[],"meta":{}},{"ancestorTitles":["convertRate 汇率换算（基准 USD）"],"fullName":"convertRate 汇率换算（基准 USD） from 货币金额折算为 USD","status":"passed","title":"from 货币金额折算为 USD","duration":0.21849999999994907,"failureMessages":[],"meta":{}},{"ancestorTitles":["convertRate 汇率换算（基准 USD）"],"fullName":"convertRate 汇率换算（基准 USD） 目标货币换算（convertRate × rates[to]）","status":"passed","title":"目标货币换算（convertRate × rates[to]）","duration":0.1289000000000442,"failureMessages":[],"meta":{}},{"ancestorTitles":["convertRate 汇率换算（基准 USD）"],"fullName":"convertRate 汇率换算（基准 USD） 缺少汇率 / 非法汇率如实抛错","status":"passed","title":"缺少汇率 / 非法汇率如实抛错","duration":0.3168000000000575,"failureMessages":[],"meta":{}},{"ancestorTitles":["formatConvResult 格式化"],"fullName":"formatConvResult 格式化 10 位有效数字","status":"passed","title":"10 位有效数字","duration":0.37180000000000746,"failureMessages":[],"meta":{}},{"ancestorTitles":["formatConvResult 格式化"],"fullName":"formatConvResult 格式化 去尾零","status":"passed","title":"去尾零","duration":0.19830000000001746,"failureMessages":[],"meta":{}},{"ancestorTitles":["formatConvResult 格式化"],"fullName":"formatConvResult 格式化 整数直出 / 零 / 非有限值","status":"passed","title":"整数直出 / 零 / 非有限值","duration":0.3226999999999407,"failureMessages":[],"meta":{}}],"startTime":1789573774620,"endTime":1789573774630.3718,"status":"passed","message":"","name":"D:/2/14/-Un-Real-0d23d9ux-Engine-main/src/lib/__tests__/convert.test.ts"},{"assertionResults":[{"ancestorTitles":["parseHM"],"fullName":"parseHM 解析合法 HH:MM","status":"passed","title":"解析合法 HH:MM","duration":1.946299999999951,"failureMessages":[],"meta":{}},{"ancestorTitles":["parseHM"],"fullName":"parseHM 拒绝非法输入","status":"passed","title":"拒绝非法输入","duration":0.49270000000001346,"failureMessages":[],"meta":{}},{"ancestorTitles":["inScheduleWindow（跨午夜支持）"],"fullName":"inScheduleWindow（跨午夜支持） 同日时段 09:00→17:00","status":"passed","title":"同日时段 09:00→17:00","duration":0.4699000000000524,"failureMessages":[],"meta":{}},{"ancestorTitles":["inScheduleWindow（跨午夜支持）"],"fullName":"inScheduleWindow（跨午夜支持） 跨午夜时段 22:00→07:00","status":"passed","title":"跨午夜时段 22:00→07:00","duration":0.21939999999995052,"failureMessages":[],"meta":{}},{"ancestorTitles":["inScheduleWindow（跨午夜支持）"],"fullName":"inScheduleWindow（跨午夜支持） 零长度时段 = 无勿扰","status":"passed","title":"零长度时段 = 无勿扰","duration":0.14039999999999964,"failureMessages":[],"meta":{}},{"ancestorTitles":["isDndActive"],"fullName":"isDndActive 手动勿扰无条件优先","status":"passed","title":"手动勿扰无条件优先","duration":0.2620000000000573,"failureMessages":[],"meta":{}},{"ancestorTitles":["isDndActive"],"fullName":"isDndActive 日程关闭时不勿扰","status":"passed","title":"日程关闭时不勿扰","duration":0.20670000000006894,"failureMessages":[],"meta":{}},{"ancestorTitles":["isDndActive"],"fullName":"isDndActive 日程生效（23:30 与 06:00 都在窗口内）","status":"passed","title":"日程生效（23:30 与 06:00 都在窗口内）","duration":2.405300000000011,"failureMessages":[],"meta":{}},{"ancestorTitles":["isDndActive"],"fullName":"isDndActive 非法配置诚实降级为不勿扰","status":"passed","title":"非法配置诚实降级为不勿扰","duration":0.4154999999999518,"failureMessages":[],"meta":{}},{"ancestorTitles":["effectiveNotifySound"],"fullName":"effectiveNotifySound 勿扰关闭全响","status":"passed","title":"勿扰关闭全响","duration":0.20660000000009404,"failureMessages":[],"meta":{}},{"ancestorTitles":["effectiveNotifySound"],"fullName":"effectiveNotifySound 闹钟永远响；提醒按豁免；其余静默","status":"passed","title":"闹钟永远响；提醒按豁免；其余静默","duration":0.19230000000004566,"failureMessages":[],"meta":{}}],"startTime":1789573774090,"endTime":1789573774098.1924,"status":"passed","message":"","name":"D:/2/14/-Un-Real-0d23d9ux-Engine-main/src/lib/__tests__/dndSchedule.test.ts"},{"assertionResults":[{"ancestorTitles":["countWords"],"fullName":"countWords counts CJK chars individually","status":"passed","title":"counts CJK chars individually","duration":1.7282000000000153,"failureMessages":[],"meta":{}},{"ancestorTitles":["countWords"],"fullName":"countWords counts latin words as words","status":"passed","title":"counts latin words as words","duration":0.41180000000008476,"failureMessages":[],"meta":{}},{"ancestorTitles":["countWords"],"fullName":"countWords mixes CJK and latin","status":"passed","title":"mixes CJK and latin","duration":0.2298000000000684,"failureMessages":[],"meta":{}},{"ancestorTitles":["countWords"],"fullName":"countWords empty is zero","status":"passed","title":"empty is zero","duration":0.27049999999997,"failureMessages":[],"meta":{}},{"ancestorTitles":["readingMinutes"],"fullName":"readingMinutes minimum one minute","status":"passed","title":"minimum one minute","duration":0.19070000000010623,"failureMessages":[],"meta":{}},{"ancestorTitles":["readingMinutes"],"fullName":"readingMinutes scales with length","status":"passed","title":"scales with length","duration":0.1936999999999216,"failureMessages":[],"meta":{}},{"ancestorTitles":["stripHtmlToText"],"fullName":"stripHtmlToText skips without DOM","status":"passed","title":"skips without DOM","duration":0.13229999999998654,"failureMessages":[],"meta":{}},{"ancestorTitles":["formatBytes"],"fullName":"formatBytes formats units","status":"passed","title":"formats units","duration":0.3976999999999862,"failureMessages":[],"meta":{}},{"ancestorTitles":["clamp/uid"],"fullName":"clamp/uid clamps","status":"passed","title":"clamps","duration":0.39220000000000255,"failureMessages":[],"meta":{}},{"ancestorTitles":["clamp/uid"],"fullName":"clamp/uid unique ids","status":"passed","title":"unique ids","duration":1.6233999999999469,"failureMessages":[],"meta":{}}],"startTime":1789573776552,"endTime":1789573776558.6233,"status":"passed","message":"","name":"D:/2/14/-Un-Real-0d23d9ux-Engine-main/src/lib/__tests__/format.test.ts"},{"assertionResults":[{"ancestorTitles":["AI-17 iconRegistry（U-10/Z-01）"],"fullName":"AI-17 iconRegistry（U-10/Z-01） 每个语义都有唯一 lucide 组件映射","status":"passed","title":"每个语义都有唯一 lucide 组件映射","duration":2.958499999999958,"failureMessages":[],"meta":{}},{"ancestorTitles":["AI-17 iconRegistry（U-10/Z-01）"],"fullName":"AI-17 iconRegistry（U-10/Z-01） lucide 组件无重复登记（同一组件不得承担两个语义）","status":"passed","title":"lucide 组件无重复登记（同一组件不得承担两个语义）","duration":1.323799999999892,"failureMessages":[],"meta":{}},{"ancestorTitles":["AI-17 iconRegistry（U-10/Z-01）"],"fullName":"AI-17 iconRegistry（U-10/Z-01） resolveIcon 未知语义抛错（防漂移）","status":"passed","title":"resolveIcon 未知语义抛错（防漂移）","duration":1.6725000000001273,"failureMessages":[],"meta":{}},{"ancestorTitles":["AI-17 iconRegistry（U-10/Z-01）"],"fullName":"AI-17 iconRegistry（U-10/Z-01） resolveIcon 返回登记的组件","status":"passed","title":"resolveIcon 返回登记的组件","duration":0.2131000000001677,"failureMessages":[],"meta":{}},{"ancestorTitles":["AI-17 iconRegistry（U-10/Z-01）"],"fullName":"AI-17 iconRegistry（U-10/Z-01） Segoe Fluent 码位映射格式正确（单字符 PUA 码位）","status":"passed","title":"Segoe Fluent 码位映射格式正确（单字符 PUA 码位）","duration":1.3151000000000295,"failureMessages":[],"meta":{}},{"ancestorTitles":["AI-17 iconRegistry（U-10/Z-01）"],"fullName":"AI-17 iconRegistry（U-10/Z-01） 高频语义都有 Segoe 对应物（Z-01 系统图标首选）","status":"passed","title":"高频语义都有 Segoe 对应物（Z-01 系统图标首选）","duration":0.41639999999983957,"failureMessages":[],"meta":{}},{"ancestorTitles":["AI-17 iconRegistry（U-10/Z-01）"],"fullName":"AI-17 iconRegistry（U-10/Z-01） 尺寸档位符合 Z-01 规格（16/18/24/32）","status":"passed","title":"尺寸档位符合 Z-01 规格（16/18/24/32）","duration":0.9010000000000673,"failureMessages":[],"meta":{}}],"startTime":1789573775532,"endTime":1789573775540.901,"status":"passed","message":"","name":"D:/2/14/-Un-Real-0d23d9ux-Engine-main/src/lib/__tests__/iconRegistry.test.ts"},{"assertionResults":[{"ancestorTitles":["V-61 鼠标参数"],"fullName":"V-61 鼠标参数 钳制到合法区间","status":"passed","title":"钳制到合法区间","duration":1.950800000000072,"failureMessages":[],"meta":{}},{"ancestorTitles":["V-61 鼠标参数"],"fullName":"V-61 鼠标参数 空值回退默认（默认即现状）","status":"passed","title":"空值回退默认（默认即现状）","duration":1.0914999999999964,"failureMessages":[],"meta":{}},{"ancestorTitles":["V-61 鼠标参数"],"fullName":"V-61 鼠标参数 双击测试方块：间隔内且位移小 = 双击","status":"passed","title":"双击测试方块：间隔内且位移小 = 双击","duration":0.47100000000000364,"failureMessages":[],"meta":{}},{"ancestorTitles":["V-62 指针方案"],"fullName":"V-62 指针方案 13 态标准齐全","status":"passed","title":"13 态标准齐全","duration":1.4126000000001113,"failureMessages":[],"meta":{}},{"ancestorTitles":["V-62 指针方案"],"fullName":"V-62 指针方案 缺文件的态逐条报错","status":"passed","title":"缺文件的态逐条报错","duration":0.8257999999998447,"failureMessages":[],"meta":{}},{"ancestorTitles":["V-66 按键重映射"],"fullName":"V-66 按键重映射 白名单：CapsLock 可映射，Esc/组合不可","status":"passed","title":"白名单：CapsLock 可映射，Esc/组合不可","duration":0.36590000000001055,"failureMessages":[],"meta":{}},{"ancestorTitles":["V-66 按键重映射"],"fullName":"V-66 按键重映射 校验：身份映射/重复 from/非法 to 报错","status":"passed","title":"校验：身份映射/重复 from/非法 to 报错","duration":0.3582000000001244,"failureMessages":[],"meta":{}},{"ancestorTitles":["V-66 按键重映射"],"fullName":"V-66 按键重映射 翻译：命中映射返回目标键","status":"passed","title":"翻译：命中映射返回目标键","duration":0.34029999999984284,"failureMessages":[],"meta":{}},{"ancestorTitles":["V-66 按键重映射"],"fullName":"V-66 按键重映射 让位：其他修饰键按住时不翻译（系统组合键让位协议）","status":"passed","title":"让位：其他修饰键按住时不翻译（系统组合键让位协议）","duration":0.37409999999999854,"failureMessages":[],"meta":{}},{"ancestorTitles":["V-66 按键重映射"],"fullName":"V-66 按键重映射 repeat 事件不重复翻译","status":"passed","title":"repeat 事件不重复翻译","duration":0.19110000000000582,"failureMessages":[],"meta":{}},{"ancestorTitles":["V-67 自然滚动"],"fullName":"V-67 自然滚动 关闭 = 永不反转（现状）","status":"passed","title":"关闭 = 永不反转（现状）","duration":0.171100000000024,"failureMessages":[],"meta":{}},{"ancestorTitles":["V-67 自然滚动"],"fullName":"V-67 自然滚动 触摸类指针反转","status":"passed","title":"触摸类指针反转","duration":0.10439999999994143,"failureMessages":[],"meta":{}},{"ancestorTitles":["V-67 自然滚动"],"fullName":"V-67 自然滚动 近期有鼠标移动 → 保持鼠标滚轮语义","status":"passed","title":"近期有鼠标移动 → 保持鼠标滚轮语义","duration":0.14989999999988868,"failureMessages":[],"meta":{}},{"ancestorTitles":["V-69/V-70 精确模式与拖拽阈值"],"fullName":"V-69/V-70 精确模式与拖拽阈值 降速比例钳制 20%–60%","status":"passed","title":"降速比例钳制 20%–60%","duration":0.19249999999988177,"failureMessages":[],"meta":{}},{"ancestorTitles":["V-69/V-70 精确模式与拖拽阈值"],"fullName":"V-69/V-70 精确模式与拖拽阈值 阈值内不算拖拽、阈值外启动","status":"passed","title":"阈值内不算拖拽、阈值外启动","duration":0.21659999999997126,"failureMessages":[],"meta":{}},{"ancestorTitles":["V-69/V-70 精确模式与拖拽阈值"],"fullName":"V-69/V-70 精确模式与拖拽阈值 触控输入阈值自动放大 ×2","status":"passed","title":"触控输入阈值自动放大 ×2","duration":0.1555999999998221,"failureMessages":[],"meta":{}},{"ancestorTitles":["V-69/V-70 精确模式与拖拽阈值"],"fullName":"V-69/V-70 精确模式与拖拽阈值 阈值本身钳制 2..10","status":"passed","title":"阈值本身钳制 2..10","duration":0.12669999999980064,"failureMessages":[],"meta":{}},{"ancestorTitles":["U-58 键盘全景"],"fullName":"U-58 键盘全景 覆盖审计表：全部已覆盖且路径可归一化","status":"passed","title":"覆盖审计表：全部已覆盖且路径可归一化","duration":1.7536000000000058,"failureMessages":[],"meta":{}},{"ancestorTitles":["U-58 键盘全景"],"fullName":"U-58 键盘全景 与快捷键表同源：审计表中 SHORTCUT_ACTIONS 的路径与默认表一致","status":"passed","title":"与快捷键表同源：审计表中 SHORTCUT_ACTIONS 的路径与默认表一致","duration":0.9417000000000826,"failureMessages":[],"meta":{}},{"ancestorTitles":["U-59 触控模式"],"fullName":"U-59 触控模式 auto = 首触切换；on/off 覆盖信号","status":"passed","title":"auto = 首触切换；on/off 覆盖信号","duration":0.28139999999984866,"failureMessages":[],"meta":{}},{"ancestorTitles":["coerceInputFeel（默认即现状）"],"fullName":"coerceInputFeel（默认即现状） 损坏输入整体回退默认","status":"passed","title":"损坏输入整体回退默认","duration":0.9429000000000087,"failureMessages":[],"meta":{}},{"ancestorTitles":["coerceInputFeel（默认即现状）"],"fullName":"coerceInputFeel（默认即现状） 合法字段保留、非法字段回退","status":"passed","title":"合法字段保留、非法字段回退","duration":0.5403000000001157,"failureMessages":[],"meta":{}},{"ancestorTitles":["coerceInputFeel（默认即现状）"],"fullName":"coerceInputFeel（默认即现状） 自定义指针文件仅接受字符串路径","status":"passed","title":"自定义指针文件仅接受字符串路径","duration":1.2261000000000877,"failureMessages":[],"meta":{}}],"startTime":1789573773873,"endTime":1789573773888.226,"status":"passed","message":"","name":"D:/2/14/-Un-Real-0d23d9ux-Engine-main/src/lib/__tests__/inputFeel.test.ts"},{"assertionResults":[{"ancestorTitles":["Z-08 registry"],"fullName":"Z-08 registry registers and unregisters bindings","status":"passed","title":"registers and unregisters bindings","duration":3.190599999999904,"failureMessages":[],"meta":{}},{"ancestorTitles":["Z-08 registry"],"fullName":"Z-08 registry rejects invalid combos","status":"passed","title":"rejects invalid combos","duration":0.5391999999999371,"failureMessages":[],"meta":{}},{"ancestorTitles":["Z-08 registry"],"fullName":"Z-08 registry same-scope same-combo = error; higher priority may displace","status":"passed","title":"same-scope same-combo = error; higher priority may displace","duration":1.3430000000000746,"failureMessages":[],"meta":{}},{"ancestorTitles":["Z-08 registry"],"fullName":"Z-08 registry cross-scope same-combo = warn (allowed)","status":"passed","title":"cross-scope same-combo = warn (allowed)","duration":0.671100000000024,"failureMessages":[],"meta":{}},{"ancestorTitles":["Z-08 registry"],"fullName":"Z-08 registry snapshot diff empty after unmount-style cleanup","status":"passed","title":"snapshot diff empty after unmount-style cleanup","duration":0.5348000000001321,"failureMessages":[],"meta":{}},{"ancestorTitles":["Z-08 registry"],"fullName":"Z-08 registry activeByScope filters by scope","status":"passed","title":"activeByScope filters by scope","duration":13.54690000000005,"failureMessages":[],"meta":{}},{"ancestorTitles":["Z-10 arbitrate"],"fullName":"Z-10 arbitrate no binding → null with reason","status":"passed","title":"no binding → null with reason","duration":0.48710000000005493,"failureMessages":[],"meta":{}},{"ancestorTitles":["Z-10 arbitrate"],"fullName":"Z-10 arbitrate global binding yields inside editable elements","status":"skipped","title":"global binding yields inside editable elements","failureMessages":[],"meta":{}},{"ancestorTitles":["Z-10 arbitrate"],"fullName":"Z-10 arbitrate context stack LIFO","status":"passed","title":"context stack LIFO","duration":0.342200000000048,"failureMessages":[],"meta":{}},{"ancestorTitles":["Z-10 arbitrate"],"fullName":"Z-10 arbitrate isEditableTarget","status":"skipped","title":"isEditableTarget","failureMessages":[],"meta":{}},{"ancestorTitles":["Z-09 system combos"],"fullName":"Z-09 system combos has 40+ entries and shared reserved set","status":"passed","title":"has 40+ entries and shared reserved set","duration":0.4414000000001579,"failureMessages":[],"meta":{}},{"ancestorTitles":["Z-09 system combos"],"fullName":"Z-09 system combos passthrough never consumed","status":"passed","title":"passthrough never consumed","duration":0.29300000000012005,"failureMessages":[],"meta":{}},{"ancestorTitles":["Z-09 system combos"],"fullName":"Z-09 system combos yield combos yield in fullscreen, consume otherwise","status":"passed","title":"yield combos yield in fullscreen, consume otherwise","duration":0.2218000000000302,"failureMessages":[],"meta":{}},{"ancestorTitles":["Z-09 system combos"],"fullName":"Z-09 system combos non-system combos never yield","status":"passed","title":"non-system combos never yield","duration":0.1047000000000935,"failureMessages":[],"meta":{}},{"ancestorTitles":["Z-14 profiles"],"fullName":"Z-14 profiles three presets, all valid","status":"passed","title":"three presets, all valid","duration":1.0420999999998912,"failureMessages":[],"meta":{}},{"ancestorTitles":["Z-14 profiles"],"fullName":"Z-14 profiles rejects unknown action ids (schema)","status":"passed","title":"rejects unknown action ids (schema)","duration":0.21859999999992397,"failureMessages":[],"meta":{}},{"ancestorTitles":["Z-14 profiles"],"fullName":"Z-14 profiles applyProfile merges patches","status":"passed","title":"applyProfile merges patches","duration":0.2998999999999796,"failureMessages":[],"meta":{}},{"ancestorTitles":["Z-14 profiles"],"fullName":"Z-14 profiles preset round-trip converges to same terminal state (Z-14 gate)","status":"passed","title":"preset round-trip converges to same terminal state (Z-14 gate)","duration":0.1916999999998552,"failureMessages":[],"meta":{}},{"ancestorTitles":["M-36 preview"],"fullName":"M-36 preview detects changes and reserved hits","status":"passed","title":"detects changes and reserved hits","duration":0.9639999999999418,"failureMessages":[],"meta":{}},{"ancestorTitles":["M-36 preview"],"fullName":"M-36 preview detects displaced actions on conflicts","status":"passed","title":"detects displaced actions on conflicts","duration":1.1165000000000873,"failureMessages":[],"meta":{}},{"ancestorTitles":["M-36 preview"],"fullName":"M-36 preview suggestFreeSlots skips taken and reserved","status":"passed","title":"suggestFreeSlots skips taken and reserved","duration":0.5194000000001324,"failureMessages":[],"meta":{}},{"ancestorTitles":["M-28 telemetry"],"fullName":"M-28 telemetry counts actions (id + count only)","status":"passed","title":"counts actions (id + count only)","duration":0.5137999999999465,"failureMessages":[],"meta":{}},{"ancestorTitles":["M-28 telemetry"],"fullName":"M-28 telemetry occupancy board counts failures","status":"passed","title":"occupancy board counts failures","duration":0.17609999999990578,"failureMessages":[],"meta":{}},{"ancestorTitles":["M-29 key repeat curve"],"fullName":"M-29 key repeat curve 1x before 500ms then accelerates","status":"passed","title":"1x before 500ms then accelerates","duration":0.3063999999999396,"failureMessages":[],"meta":{}},{"ancestorTitles":["M-29 key repeat curve"],"fullName":"M-29 key repeat curve curve segments are monotonic","status":"passed","title":"curve segments are monotonic","duration":0.29150000000004184,"failureMessages":[],"meta":{}},{"ancestorTitles":["eventToCombo"],"fullName":"eventToCombo normalizes modifiers in order","status":"passed","title":"normalizes modifiers in order","duration":0.20910000000003492,"failureMessages":[],"meta":{}},{"ancestorTitles":["M-34 esc overlay stack"],"fullName":"M-34 esc overlay stack push/pop LIFO with idempotent push","status":"passed","title":"push/pop LIFO with idempotent push","duration":0.5014999999998508,"failureMessages":[],"meta":{}},{"ancestorTitles":["M-34 esc overlay stack"],"fullName":"M-34 esc overlay stack pop removes specific id","status":"passed","title":"pop removes specific id","duration":0.2919999999999163,"failureMessages":[],"meta":{}},{"ancestorTitles":["V-94 doctor"],"fullName":"V-94 doctor healthy with default binds","status":"passed","title":"healthy with default binds","duration":1.947400000000016,"failureMessages":[],"meta":{}},{"ancestorTitles":["V-94 doctor"],"fullName":"V-94 doctor reports reserved hits as errors","status":"passed","title":"reports reserved hits as errors","duration":0.44470000000001164,"failureMessages":[],"meta":{}},{"ancestorTitles":["V-94 doctor"],"fullName":"V-94 doctor reports conflicts as errors","status":"passed","title":"reports conflicts as errors","duration":0.27559999999994034,"failureMessages":[],"meta":{}},{"ancestorTitles":["V-94 doctor"],"fullName":"V-94 doctor reports bare keydown audit count as warn","status":"passed","title":"reports bare keydown audit count as warn","duration":0.2867999999998574,"failureMessages":[],"meta":{}},{"ancestorTitles":["shortcuts baseline"],"fullName":"shortcuts baseline default binds have no conflicts","status":"passed","title":"default binds have no conflicts","duration":0.16340000000013788,"failureMessages":[],"meta":{}},{"ancestorTitles":["shortcuts baseline"],"fullName":"shortcuts baseline default binds avoid system reserved","status":"passed","title":"default binds avoid system reserved","duration":0.797800000000052,"failureMessages":[],"meta":{}},{"ancestorTitles":["shortcuts baseline"],"fullName":"shortcuts baseline normalizeAccel orders modifiers","status":"passed","title":"normalizeAccel orders modifiers","duration":0.20059999999989486,"failureMessages":[],"meta":{}},{"ancestorTitles":["shortcuts baseline"],"fullName":"shortcuts baseline action count stable (9 launch slots)","status":"passed","title":"action count stable (9 launch slots)","duration":0.2544000000000324,"failureMessages":[],"meta":{}},{"ancestorTitles":["shortcuts baseline"],"fullName":"shortcuts baseline registry accepts every default action accel (Z-08 收编自举)","status":"passed","title":"registry accepts every default action accel (Z-08 收编自举)","duration":0.951799999999821,"failureMessages":[],"meta":{}}],"startTime":1789573769950,"endTime":1789573769984.952,"status":"passed","message":"","name":"D:/2/14/-Un-Real-0d23d9ux-Engine-main/src/lib/__tests__/keymap.test.ts"},{"assertionResults":[{"ancestorTitles":["N-17 注册表化"],"fullName":"N-17 注册表化 默认表含既有动作 + AI-07 效率增量，无重复 action","status":"passed","title":"默认表含既有动作 + AI-07 效率增量，无重复 action","duration":3.498100000000022,"failureMessages":[],"meta":{}},{"ancestorTitles":["N-17 注册表化"],"fullName":"N-17 注册表化 槽位冻结：ctrl+alt+n 归全局速记，notifyCenter 已迁移","status":"passed","title":"槽位冻结：ctrl+alt+n 归全局速记，notifyCenter 已迁移","duration":0.4317000000000917,"failureMessages":[],"meta":{}},{"ancestorTitles":["N-17 注册表化"],"fullName":"N-17 注册表化 用户覆盖生效；非法覆盖如实回退默认","status":"passed","title":"用户覆盖生效；非法覆盖如实回退默认","duration":0.5135000000000218,"failureMessages":[],"meta":{}},{"ancestorTitles":["冲突检测"],"fullName":"冲突检测 内部互冲检出","status":"passed","title":"内部互冲检出","duration":14.535000000000082,"failureMessages":[],"meta":{}},{"ancestorTitles":["冲突检测"],"fullName":"冲突检测 三方占用表命中（带建议）","status":"passed","title":"三方占用表命中（带建议）","duration":0.3765000000000782,"failureMessages":[],"meta":{}},{"ancestorTitles":["冲突检测"],"fullName":"冲突检测 默认表无内部互冲","status":"passed","title":"默认表无内部互冲","duration":0.8141000000000531,"failureMessages":[],"meta":{}},{"ancestorTitles":["Profile 方案档（.vkeys）"],"fullName":"Profile 方案档（.vkeys） 内置三档可应用且导入导出往返一致","status":"passed","title":"内置三档可应用且导入导出往返一致","duration":1.4151999999999134,"failureMessages":[],"meta":{}},{"ancestorTitles":["Profile 方案档（.vkeys）"],"fullName":"Profile 方案档（.vkeys） 单手档覆盖生效","status":"passed","title":"单手档覆盖生效","duration":0.28340000000002874,"failureMessages":[],"meta":{}},{"ancestorTitles":["Profile 方案档（.vkeys）"],"fullName":"Profile 方案档（.vkeys） 非法档案拒绝","status":"passed","title":"非法档案拒绝","duration":1.2717000000000098,"failureMessages":[],"meta":{}},{"ancestorTitles":["V-50 速查表导出"],"fullName":"V-50 速查表导出 Markdown：按域分组、含生成时间、冲突标 ⚠","status":"passed","title":"Markdown：按域分组、含生成时间、冲突标 ⚠","duration":1.0871999999999389,"failureMessages":[],"meta":{}},{"ancestorTitles":["V-50 速查表导出"],"fullName":"V-50 速查表导出 HTML：A4 双栏样式、冲突行标红、可转义","status":"passed","title":"HTML：A4 双栏样式、冲突行标红、可转义","duration":1.3146999999999025,"failureMessages":[],"meta":{}},{"ancestorTitles":["V-50 速查表导出"],"fullName":"V-50 速查表导出 导出内容与生效表一致（每条绑定均出现）","status":"passed","title":"导出内容与生效表一致（每条绑定均出现）","duration":0.3430000000000746,"failureMessages":[],"meta":{}},{"ancestorTitles":["学习模式查询"],"fullName":"学习模式查询 按 accel 反查（归一化）","status":"passed","title":"按 accel 反查（归一化）","duration":1.8235000000001946,"failureMessages":[],"meta":{}}],"startTime":1789573771641,"endTime":1789573771669.8235,"status":"passed","message":"","name":"D:/2/14/-Un-Real-0d23d9ux-Engine-main/src/lib/__tests__/keys-registry.test.ts"},{"assertionResults":[{"ancestorTitles":["统一日志门面：环形缓冲与级别"],"fullName":"统一日志门面：环形缓冲与级别 logDebug/logInfo 只进时间线；logWarn/logError 进时间线","status":"passed","title":"logDebug/logInfo 只进时间线；logWarn/logError 进时间线","duration":4.666999999999916,"failureMessages":[],"meta":{}},{"ancestorTitles":["统一日志门面：环形缓冲与级别"],"fullName":"统一日志门面：环形缓冲与级别 环形上限 600：超出时丢最旧","status":"passed","title":"环形上限 600：超出时丢最旧","duration":1.2269000000001142,"failureMessages":[],"meta":{}},{"ancestorTitles":["统一日志门面：环形缓冲与级别"],"fullName":"统一日志门面：环形缓冲与级别 sessionId 恒定（8 位十六进制）","status":"passed","title":"sessionId 恒定（8 位十六进制）","duration":0.5294999999998709,"failureMessages":[],"meta":{}},{"ancestorTitles":["统一日志门面：console 桥接"],"fullName":"统一日志门面：console 桥接 captureConsoleMessage 提取 [tag] 前缀并剥离","status":"passed","title":"captureConsoleMessage 提取 [tag] 前缀并剥离","duration":0.7590999999999894,"failureMessages":[],"meta":{}},{"ancestorTitles":["统一日志门面：console 桥接"],"fullName":"统一日志门面：console 桥接 无前缀消息落到 console 标签；Error 实例取 message","status":"passed","title":"无前缀消息落到 console 标签；Error 实例取 message","duration":0.6071000000001732,"failureMessages":[],"meta":{}},{"ancestorTitles":["统一日志门面：console 桥接"],"fullName":"统一日志门面：console 桥接 logError 三路同步：时间线 + errBoard + console 镜像（不重复入时间线）","status":"passed","title":"logError 三路同步：时间线 + errBoard + console 镜像（不重复入时间线）","duration":4.781600000000026,"failureMessages":[],"meta":{}},{"ancestorTitles":["统一日志门面：落盘与诊断报告"],"fullName":"统一日志门面：落盘与诊断报告 persistLogTail → loadPreviousTail 往返一致（容量裁剪 200）","status":"passed","title":"persistLogTail → loadPreviousTail 往返一致（容量裁剪 200）","duration":1.478900000000067,"failureMessages":[],"meta":{}},{"ancestorTitles":["统一日志门面：落盘与诊断报告"],"fullName":"统一日志门面：落盘与诊断报告 loadPreviousTail 对损坏数据如实返回空","status":"passed","title":"loadPreviousTail 对损坏数据如实返回空","duration":0.5052999999998065,"failureMessages":[],"meta":{}},{"ancestorTitles":["统一日志门面：落盘与诊断报告"],"fullName":"统一日志门面：落盘与诊断报告 formatRecord 输出级别/标签/可选 sid","status":"passed","title":"formatRecord 输出级别/标签/可选 sid","duration":3.129799999999932,"failureMessages":[],"meta":{}},{"ancestorTitles":["统一日志门面：落盘与诊断报告"],"fullName":"统一日志门面：落盘与诊断报告 诊断报告：无错误也有时间线；含会话 ID 与上一会话尾部","status":"passed","title":"诊断报告：无错误也有时间线；含会话 ID 与上一会话尾部","duration":1.537499999999909,"failureMessages":[],"meta":{}},{"ancestorTitles":["统一日志门面：落盘与诊断报告"],"fullName":"统一日志门面：落盘与诊断报告 诊断报告：上一会话尾部与本会话重叠部分被 ts 去重","status":"passed","title":"诊断报告：上一会话尾部与本会话重叠部分被 ts 去重","duration":0.5960000000000036,"failureMessages":[],"meta":{}}],"startTime":1789573772711,"endTime":1789573772732.596,"status":"passed","message":"","name":"D:/2/14/-Un-Real-0d23d9ux-Engine-main/src/lib/__tests__/logger.test.ts"},{"assertionResults":[{"ancestorTitles":["markdownToHtml"],"fullName":"markdownToHtml converts headings, lists and paragraphs","status":"passed","title":"converts headings, lists and paragraphs","duration":2.8333000000000084,"failureMessages":[],"meta":{}},{"ancestorTitles":["markdownToHtml"],"fullName":"markdownToHtml escapes html in content","status":"passed","title":"escapes html in content","duration":0.5723999999999023,"failureMessages":[],"meta":{}},{"ancestorTitles":["markdownToHtml"],"fullName":"markdownToHtml keeps fenced code blocks verbatim (no styling inside)","status":"passed","title":"keeps fenced code blocks verbatim (no styling inside)","duration":0.37999999999999545,"failureMessages":[],"meta":{}},{"ancestorTitles":["markdownToHtml"],"fullName":"markdownToHtml supports inline styles and links","status":"passed","title":"supports inline styles and links","duration":0.40469999999993433,"failureMessages":[],"meta":{}},{"ancestorTitles":["markdownToHtml"],"fullName":"markdownToHtml handles ordered lists and quotes","status":"passed","title":"handles ordered lists and quotes","duration":0.24479999999994106,"failureMessages":[],"meta":{}}],"startTime":1789573777375,"endTime":1789573777380.2449,"status":"passed","message":"","name":"D:/2/14/-Un-Real-0d23d9ux-Engine-main/src/lib/__tests__/markdown.test.ts"},{"assertionResults":[{"ancestorTitles":["shareFormat"],"fullName":"shareFormat seal → open 往返一致","status":"passed","title":"seal → open 往返一致","duration":2.5748000000000957,"failureMessages":[],"meta":{}},{"ancestorTitles":["shareFormat"],"fullName":"shareFormat 篡改 payload 会被 checksum 拒绝","status":"passed","title":"篡改 payload 会被 checksum 拒绝","duration":0.517699999999877,"failureMessages":[],"meta":{}},{"ancestorTitles":["shareFormat"],"fullName":"shareFormat 坏 JSON / 未知 kind / 缺字段全部拦截","status":"passed","title":"坏 JSON / 未知 kind / 缺字段全部拦截","duration":0.3771999999999025,"failureMessages":[],"meta":{}},{"ancestorTitles":["themeToken"],"fullName":"themeToken 合法主题通过","status":"passed","title":"合法主题通过","duration":0.7467000000001462,"failureMessages":[],"meta":{}},{"ancestorTitles":["themeToken"],"fullName":"themeToken 缺必填 / 非法色 / 低对比全部拦截","status":"passed","title":"缺必填 / 非法色 / 低对比全部拦截","duration":0.823699999999917,"failureMessages":[],"meta":{}},{"ancestorTitles":["themeToken"],"fullName":"themeToken 非法变量名报 error，未知变量报 warning","status":"passed","title":"非法变量名报 error，未知变量报 warning","duration":0.4319000000000415,"failureMessages":[],"meta":{}},{"ancestorTitles":["themeToken"],"fullName":"themeToken WCAG 对比度基准：黑白 = 21:1","status":"passed","title":"WCAG 对比度基准：黑白 = 21:1","duration":0.28329999999982647,"failureMessages":[],"meta":{}},{"ancestorTitles":["connectors"],"fullName":"connectors coerce 合法条目","status":"passed","title":"coerce 合法条目","duration":0.39210000000002765,"failureMessages":[],"meta":{}},{"ancestorTitles":["connectors"],"fullName":"connectors 坏 kind / 坏 refresh 被拒或归零","status":"passed","title":"坏 kind / 坏 refresh 被拒或归零","duration":0.35730000000012296,"failureMessages":[],"meta":{}},{"ancestorTitles":["connectors"],"fullName":"connectors normalizeRefresh：0（手动）或 ≥10 且 ≤3600","status":"passed","title":"normalizeRefresh：0（手动）或 ≥10 且 ≤3600","duration":0.28090000000020154,"failureMessages":[],"meta":{}},{"ancestorTitles":["ecoMatrix"],"fullName":"ecoMatrix 矩阵自检通过（条目齐全、区间合法）","status":"passed","title":"矩阵自检通过（条目齐全、区间合法）","duration":0.9802999999999429,"failureMessages":[],"meta":{}},{"ancestorTitles":["ecoMatrix"],"fullName":"ecoMatrix 当前格式版本 → supported","status":"passed","title":"当前格式版本 → supported","duration":0.3730000000000473,"failureMessages":[],"meta":{}},{"ancestorTitles":["ecoMatrix"],"fullName":"ecoMatrix 过旧 / 过新 → unsupported","status":"passed","title":"过旧 / 过新 → unsupported","duration":0.19429999999988468,"failureMessages":[],"meta":{}},{"ancestorTitles":["pluginManifest"],"fullName":"pluginManifest 合法清单通过","status":"passed","title":"合法清单通过","duration":0.49520000000006803,"failureMessages":[],"meta":{}},{"ancestorTitles":["pluginManifest"],"fullName":"pluginManifest 未知权限 / 坏 id / 坏 version / 绝对路径 entry 全部拦截","status":"passed","title":"未知权限 / 坏 id / 坏 version / 绝对路径 entry 全部拦截","duration":0.5007000000000517,"failureMessages":[],"meta":{}},{"ancestorTitles":["pluginManifest"],"fullName":"pluginManifest 零权限给 warning 不拦截；缺字段整体拒绝","status":"passed","title":"零权限给 warning 不拦截；缺字段整体拒绝","duration":0.24949999999989814,"failureMessages":[],"meta":{}}],"startTime":1789573775265,"endTime":1789573775276.2495,"status":"passed","message":"","name":"D:/2/14/-Un-Real-0d23d9ux-Engine-main/src/lib/__tests__/openhub.test.ts"},{"assertionResults":[{"ancestorTitles":["nextFireTime（V-83 触发预览）"],"fullName":"nextFireTime（V-83 触发预览） at：今日未过 → 今日同一时刻","status":"passed","title":"at：今日未过 → 今日同一时刻","duration":1.956299999999942,"failureMessages":[],"meta":{}},{"ancestorTitles":["nextFireTime（V-83 触发预览）"],"fullName":"nextFireTime（V-83 触发预览） at：已过 → 明日同一时刻","status":"passed","title":"at：已过 → 明日同一时刻","duration":0.48040000000003147,"failureMessages":[],"meta":{}},{"ancestorTitles":["nextFireTime（V-83 触发预览）"],"fullName":"nextFireTime（V-83 触发预览） at：恰好等于 now → 明日（下一次，不含当刻）","status":"passed","title":"at：恰好等于 now → 明日（下一次，不含当刻）","duration":0.2300999999999931,"failureMessages":[],"meta":{}},{"ancestorTitles":["nextFireTime（V-83 触发预览）"],"fullName":"nextFireTime（V-83 触发预览） interval：从未触发 → now + 间隔","status":"passed","title":"interval：从未触发 → now + 间隔","duration":0.20149999999989632,"failureMessages":[],"meta":{}},{"ancestorTitles":["nextFireTime（V-83 触发预览）"],"fullName":"nextFireTime（V-83 触发预览） interval：上次触发过 → lastFired + 间隔","status":"passed","title":"interval：上次触发过 → lastFired + 间隔","duration":0.18899999999996453,"failureMessages":[],"meta":{}},{"ancestorTitles":["nextFireTime（V-83 触发预览）"],"fullName":"nextFireTime（V-83 触发预览） idle/login：运行时态 → 0（前端显示待机语义）","status":"passed","title":"idle/login：运行时态 → 0（前端显示待机语义）","duration":0.34010000000000673,"failureMessages":[],"meta":{}},{"ancestorTitles":["isSafeStartupMirror（V-86 安全类启动项，与 workshop.rs 白名单镜像）"],"fullName":"isSafeStartupMirror（V-86 安全类启动项，与 workshop.rs 白名单镜像） 杀毒/安全类命中（名称或命令行，大小写不敏感）","status":"passed","title":"杀毒/安全类命中（名称或命令行，大小写不敏感）","duration":0.32740000000001146,"failureMessages":[],"meta":{}},{"ancestorTitles":["isSafeStartupMirror（V-86 安全类启动项，与 workshop.rs 白名单镜像）"],"fullName":"isSafeStartupMirror（V-86 安全类启动项，与 workshop.rs 白名单镜像） 安全卫士关键词命中","status":"passed","title":"安全卫士关键词命中","duration":0.21220000000005257,"failureMessages":[],"meta":{}},{"ancestorTitles":["isSafeStartupMirror（V-86 安全类启动项，与 workshop.rs 白名单镜像）"],"fullName":"isSafeStartupMirror（V-86 安全类启动项，与 workshop.rs 白名单镜像） 驱动类命中","status":"passed","title":"驱动类命中","duration":0.3713000000000193,"failureMessages":[],"meta":{}},{"ancestorTitles":["isSafeStartupMirror（V-86 安全类启动项，与 workshop.rs 白名单镜像）"],"fullName":"isSafeStartupMirror（V-86 安全类启动项，与 workshop.rs 白名单镜像） 普通应用不命中","status":"passed","title":"普通应用不命中","duration":0.28089999999997417,"failureMessages":[],"meta":{}},{"ancestorTitles":["splitPathRows（V-82 PATH 分行）"],"fullName":"splitPathRows（V-82 PATH 分行） 分号切分 + 去空段 + 保序","status":"passed","title":"分号切分 + 去空段 + 保序","duration":0.9362999999999602,"failureMessages":[],"meta":{}},{"ancestorTitles":["splitPathRows（V-82 PATH 分行）"],"fullName":"splitPathRows（V-82 PATH 分行） 两端空格去除","status":"passed","title":"两端空格去除","duration":0.258199999999988,"failureMessages":[],"meta":{}},{"ancestorTitles":["splitPathRows（V-82 PATH 分行）"],"fullName":"splitPathRows（V-82 PATH 分行） 空串 → 空数组","status":"passed","title":"空串 → 空数组","duration":0.24149999999997362,"failureMessages":[],"meta":{}},{"ancestorTitles":["fmtBytes"],"fullName":"fmtBytes 各量级","status":"passed","title":"各量级","duration":0.27490000000000236,"failureMessages":[],"meta":{}},{"ancestorTitles":["diffKindClass（V-89 三色标记）"],"fullName":"diffKindClass（V-89 三色标记） add/del/mod 各自色类，未知为空","status":"passed","title":"add/del/mod 各自色类，未知为空","duration":0.24459999999999127,"failureMessages":[],"meta":{}},{"ancestorTitles":["fmtTime"],"fullName":"fmtTime 非正数 → 占位符","status":"passed","title":"非正数 → 占位符","duration":0.2033999999999878,"failureMessages":[],"meta":{}},{"ancestorTitles":["fmtTime"],"fullName":"fmtTime 正常格式化（本地时区，补零）","status":"passed","title":"正常格式化（本地时区，补零）","duration":0.151299999999992,"failureMessages":[],"meta":{}},{"ancestorTitles":["triggerSummary"],"fullName":"triggerSummary 四种触发器文本","status":"passed","title":"四种触发器文本","duration":0.30309999999997217,"failureMessages":[],"meta":{}}],"startTime":1789573776364,"endTime":1789573776373.303,"status":"passed","message":"","name":"D:/2/14/-Un-Real-0d23d9ux-Engine-main/src/lib/__tests__/openTools.test.ts"},{"assertionResults":[{"ancestorTitles":["isPlainFileName"],"fullName":"isPlainFileName accepts simple names","status":"passed","title":"accepts simple names","duration":1.1517000000000053,"failureMessages":[],"meta":{}},{"ancestorTitles":["isPlainFileName"],"fullName":"isPlainFileName rejects traversal and separators","status":"passed","title":"rejects traversal and separators","duration":0.30949999999995725,"failureMessages":[],"meta":{}},{"ancestorTitles":["validateItemName"],"fullName":"validateItemName rejects empty","status":"passed","title":"rejects empty","duration":0.120900000000006,"failureMessages":[],"meta":{}},{"ancestorTitles":["validateItemName"],"fullName":"validateItemName rejects too long","status":"passed","title":"rejects too long","duration":0.11779999999998836,"failureMessages":[],"meta":{}},{"ancestorTitles":["validateItemName"],"fullName":"validateItemName rejects path separators","status":"passed","title":"rejects path separators","duration":0.13830000000007203,"failureMessages":[],"meta":{}},{"ancestorTitles":["validateItemName"],"fullName":"validateItemName accepts normal names trimmed-able","status":"passed","title":"accepts normal names trimmed-able","duration":0.10390000000006694,"failureMessages":[],"meta":{}}],"startTime":1789573778179,"endTime":1789573778181.3096,"status":"passed","message":"","name":"D:/2/14/-Un-Real-0d23d9ux-Engine-main/src/lib/__tests__/pathGuard.test.ts"},{"assertionResults":[{"ancestorTitles":["V-41 内联计算"],"fullName":"V-41 内联计算 基础算式与函数","status":"passed","title":"基础算式与函数","duration":4.170700000000124,"failureMessages":[],"meta":{}},{"ancestorTitles":["V-41 内联计算"],"fullName":"V-41 内联计算 路径/命令/URL 让位（零误判）","status":"passed","title":"路径/命令/URL 让位（零误判）","duration":1.1350000000002183,"failureMessages":[],"meta":{}},{"ancestorTitles":["V-41 内联计算"],"fullName":"V-41 内联计算 非法算式静默让位","status":"passed","title":"非法算式静默让位","duration":0.28090000000020154,"failureMessages":[],"meta":{}},{"ancestorTitles":["V-49 时间戳速插"],"fullName":"V-49 时间戳速插 五格式齐全且相互一致","status":"passed","title":"五格式齐全且相互一致","duration":3.201300000000174,"failureMessages":[],"meta":{}},{"ancestorTitles":["V-49 时间戳速插"],"fullName":"V-49 时间戳速插 触发词","status":"passed","title":"触发词","duration":0.3119000000001506,"failureMessages":[],"meta":{}},{"ancestorTitles":["V-43 二维码速递（本地生成）"],"fullName":"V-43 二维码速递（本地生成） URL/文本/路径三类可生成（模块矩阵合理）","status":"passed","title":"URL/文本/路径三类可生成（模块矩阵合理）","duration":35.74609999999984,"failureMessages":[],"meta":{}},{"ancestorTitles":["V-43 二维码速递（本地生成）"],"fullName":"V-43 二维码速递（本地生成） 超容量如实拒绝（绝不截断）","status":"passed","title":"超容量如实拒绝（绝不截断）","duration":1.3061999999999898,"failureMessages":[],"meta":{}},{"ancestorTitles":["V-44 纯文本净化粘贴"],"fullName":"V-44 纯文本净化粘贴 HTML 剥离彻底（标签/实体/块级换行）","status":"passed","title":"HTML 剥离彻底（标签/实体/块级换行）","duration":1.660099999999602,"failureMessages":[],"meta":{}},{"ancestorTitles":["V-44 纯文本净化粘贴"],"fullName":"V-44 纯文本净化粘贴 隐藏字符剥离（零宽/BOM/NBSP/双向控制/CR）","status":"passed","title":"隐藏字符剥离（零宽/BOM/NBSP/双向控制/CR）","duration":0.9280999999996311,"failureMessages":[],"meta":{}},{"ancestorTitles":["V-44 纯文本净化粘贴"],"fullName":"V-44 纯文本净化粘贴 让位检测：自带 Ctrl+Shift+V 的应用透传","status":"passed","title":"让位检测：自带 Ctrl+Shift+V 的应用透传","duration":0.44430000000011205,"failureMessages":[],"meta":{}},{"ancestorTitles":["V-44 纯文本净化粘贴"],"fullName":"V-44 纯文本净化粘贴 图片/文件源不介入","status":"passed","title":"图片/文件源不介入","duration":0.3128999999998996,"failureMessages":[],"meta":{}},{"ancestorTitles":["V-47 搜索历史隐私三态"],"fullName":"V-47 搜索历史隐私三态 local 模式记录与去重","status":"passed","title":"local 模式记录与去重","duration":1.1851000000001477,"failureMessages":[],"meta":{}},{"ancestorTitles":["V-47 搜索历史隐私三态"],"fullName":"V-47 搜索历史隐私三态 off 模式零残留（内存也不留）","status":"passed","title":"off 模式零残留（内存也不留）","duration":0.3528000000001157,"failureMessages":[],"meta":{}},{"ancestorTitles":["V-47 搜索历史隐私三态"],"fullName":"V-47 搜索历史隐私三态 一键清空不可逆","status":"passed","title":"一键清空不可逆","duration":0.2575000000001637,"failureMessages":[],"meta":{}},{"ancestorTitles":["V-48 运行框自动补全"],"fullName":"V-48 运行框自动补全 历史 > 程序 > shell 前缀补全","status":"passed","title":"历史 > 程序 > shell 前缀补全","duration":0.6828999999997905,"failureMessages":[],"meta":{}},{"ancestorTitles":["V-48 运行框自动补全"],"fullName":"V-48 运行框自动补全 空输入不出补全；整体关闭由调用方不调用保证","status":"passed","title":"空输入不出补全；整体关闭由调用方不调用保证","duration":0.2205999999996493,"failureMessages":[],"meta":{}},{"ancestorTitles":["V-46 全局速记"],"fullName":"V-46 全局速记 文件名与分节格式","status":"passed","title":"文件名与分节格式","duration":0.7525999999998021,"failureMessages":[],"meta":{}},{"ancestorTitles":["N-18 宏引擎"],"fullName":"N-18 宏引擎 执行链路 + 失败即停报步骤号","status":"passed","title":"执行链路 + 失败即停报步骤号","duration":0.7186999999998989,"failureMessages":[],"meta":{}},{"ancestorTitles":["N-18 宏引擎"],"fullName":"N-18 宏引擎 护栏：UAC/密码框判停；急停 100% 生效","status":"passed","title":"护栏：UAC/密码框判停；急停 100% 生效","duration":0.37179999999989377,"failureMessages":[],"meta":{}},{"ancestorTitles":["N-18 宏引擎"],"fullName":"N-18 宏引擎 敏感宏判定（sendText = 键鼠模拟）","status":"passed","title":"敏感宏判定（sendText = 键鼠模拟）","duration":0.17090000000007421,"failureMessages":[],"meta":{}},{"ancestorTitles":["N-18 宏引擎"],"fullName":"N-18 宏引擎 cron 子集校验","status":"passed","title":"cron 子集校验","duration":0.9675999999999476,"failureMessages":[],"meta":{}},{"ancestorTitles":["N-18 宏引擎"],"fullName":"N-18 宏引擎 YAML 双形态同源往返","status":"passed","title":"YAML 双形态同源往返","duration":1.2788000000000466,"failureMessages":[],"meta":{}},{"ancestorTitles":["N-18 宏引擎"],"fullName":"N-18 宏引擎 非法 .vmacro 行级报错","status":"passed","title":"非法 .vmacro 行级报错","duration":0.48369999999977153,"failureMessages":[],"meta":{}},{"ancestorTitles":["N-18 宏引擎"],"fullName":"N-18 宏引擎 录制参数化：绝对 → 窗口相对坐标","status":"passed","title":"录制参数化：绝对 → 窗口相对坐标","duration":0.259900000000016,"failureMessages":[],"meta":{}},{"ancestorTitles":["N-16 截图标注"],"fullName":"N-16 截图标注 六工具 + 序号步进分配","status":"passed","title":"六工具 + 序号步进分配","duration":0.31719999999995707,"failureMessages":[],"meta":{}},{"ancestorTitles":["N-16 截图标注"],"fullName":"N-16 截图标注 马赛克 = 破坏性 + 确认门 + 块计算","status":"passed","title":"马赛克 = 破坏性 + 确认门 + 块计算","duration":1.115099999999984,"failureMessages":[],"meta":{}},{"ancestorTitles":["N-16 截图标注"],"fullName":"N-16 截图标注 OCR 语言包缺失诚实提示","status":"passed","title":"OCR 语言包缺失诚实提示","duration":0.29569999999966967,"failureMessages":[],"meta":{}},{"ancestorTitles":["N-14 统一搜索"],"fullName":"N-14 统一搜索 高级语法解析","status":"passed","title":"高级语法解析","duration":0.8366000000000895,"failureMessages":[],"meta":{}},{"ancestorTitles":["N-14 统一搜索"],"fullName":"N-14 统一搜索 保险箱路径硬排除（零泄漏）","status":"passed","title":"保险箱路径硬排除（零泄漏）","duration":1.1433000000001812,"failureMessages":[],"meta":{}},{"ancestorTitles":["N-14 统一搜索"],"fullName":"N-14 统一搜索 过滤组合（ext + size + modified）","status":"passed","title":"过滤组合（ext + size + modified）","duration":0.29650000000037835,"failureMessages":[],"meta":{}},{"ancestorTitles":["N-14 统一搜索"],"fullName":"N-14 统一搜索 五类聚合 + 权重 + Tab 锁定","status":"passed","title":"五类聚合 + 权重 + Tab 锁定","duration":0.9546000000000276,"failureMessages":[],"meta":{}}],"startTime":1789573766933,"endTime":1789573766996.9546,"status":"passed","message":"","name":"D:/2/14/-Un-Real-0d23d9ux-Engine-main/src/lib/__tests__/quick-modules.test.ts"},{"assertionResults":[{"ancestorTitles":["sanitizeHtml"],"fullName":"sanitizeHtml removes script tags entirely","status":"passed","title":"removes script tags entirely","duration":2.235300000000052,"failureMessages":[],"meta":{}},{"ancestorTitles":["sanitizeHtml"],"fullName":"sanitizeHtml removes event handlers","status":"passed","title":"removes event handlers","duration":0.6539000000000215,"failureMessages":[],"meta":{}},{"ancestorTitles":["sanitizeHtml"],"fullName":"sanitizeHtml keeps allowed formatting tags","status":"passed","title":"keeps allowed formatting tags","duration":0.4551000000000158,"failureMessages":[],"meta":{}},{"ancestorTitles":["sanitizeHtml"],"fullName":"sanitizeHtml rejects javascript: media sources","status":"passed","title":"rejects javascript: media sources","duration":0.3108999999999469,"failureMessages":[],"meta":{}},{"ancestorTitles":["sanitizeHtml"],"fullName":"sanitizeHtml accepts local absolute and asset sources","status":"passed","title":"accepts local absolute and asset sources","duration":0.4396000000000413,"failureMessages":[],"meta":{}},{"ancestorTitles":["sanitizeHtml"],"fullName":"sanitizeHtml strips iframe/object/style/link/meta","status":"passed","title":"strips iframe/object/style/link/meta","duration":0.3383999999999787,"failureMessages":[],"meta":{}},{"ancestorTitles":["sanitizeHtml"],"fullName":"sanitizeHtml keeps safe inline style props only","status":"passed","title":"keeps safe inline style props only","duration":0.3836000000000013,"failureMessages":[],"meta":{}}],"startTime":1789573777542,"endTime":1789573777546.3835,"status":"passed","message":"","name":"D:/2/14/-Un-Real-0d23d9ux-Engine-main/src/lib/__tests__/sanitize.test.ts"},{"assertionResults":[{"ancestorTitles":["SaveCoordinator"],"fullName":"SaveCoordinator serializes tasks for the same key","status":"passed","title":"serializes tasks for the same key","duration":3.3256000000000085,"failureMessages":[],"meta":{}},{"ancestorTitles":["SaveCoordinator"],"fullName":"SaveCoordinator latest-wins: queued-but-not-started tasks are dropped","status":"passed","title":"latest-wins: queued-but-not-started tasks are dropped","duration":1.5680999999999585,"failureMessages":[],"meta":{}},{"ancestorTitles":["SaveCoordinator"],"fullName":"SaveCoordinator different keys run independently","status":"passed","title":"different keys run independently","duration":0.3627999999999929,"failureMessages":[],"meta":{}},{"ancestorTitles":["SaveCoordinator"],"fullName":"SaveCoordinator propagates task errors after retries and keeps draining","status":"passed","title":"propagates task errors after retries and keeps draining","duration":9.77539999999999,"failureMessages":[],"meta":{}},{"ancestorTitles":["SaveCoordinator"],"fullName":"SaveCoordinator retries transient failures and recovers","status":"passed","title":"retries transient failures and recovers","duration":0.5432000000000698,"failureMessages":[],"meta":{}}],"startTime":1789573770437,"endTime":1789573770452.5432,"status":"passed","message":"","name":"D:/2/14/-Un-Real-0d23d9ux-Engine-main/src/lib/__tests__/saveQueue.test.ts"},{"assertionResults":[{"ancestorTitles":["AI-20 M-81：设置漂移矩阵（每版快照 → 迁移到当前）"],"fullName":"AI-20 M-81：设置漂移矩阵（每版快照 → 迁移到当前） fixtures 目录与登记表双向一致（新版本漏登记即红）","status":"passed","title":"fixtures 目录与登记表双向一致（新版本漏登记即红）","duration":2.3868999999999687,"failureMessages":[],"meta":{}},{"ancestorTitles":["AI-20 M-81：设置漂移矩阵（每版快照 → 迁移到当前）"],"fullName":"AI-20 M-81：设置漂移矩阵（每版快照 → 迁移到当前） v1.0 → 当前版：迁移成功且不变量成立","status":"passed","title":"v1.0 → 当前版：迁移成功且不变量成立","duration":3.4068999999999505,"failureMessages":[],"meta":{}},{"ancestorTitles":["AI-20 M-81：设置漂移矩阵（每版快照 → 迁移到当前）"],"fullName":"AI-20 M-81：设置漂移矩阵（每版快照 → 迁移到当前） v1.1 → 当前版：迁移成功且不变量成立","status":"passed","title":"v1.1 → 当前版：迁移成功且不变量成立","duration":0.9030999999999949,"failureMessages":[],"meta":{}},{"ancestorTitles":["AI-20 M-81：设置漂移矩阵（每版快照 → 迁移到当前）"],"fullName":"AI-20 M-81：设置漂移矩阵（每版快照 → 迁移到当前） v2.0 → 当前版：迁移成功且不变量成立","status":"passed","title":"v2.0 → 当前版：迁移成功且不变量成立","duration":0.8143000000000029,"failureMessages":[],"meta":{}},{"ancestorTitles":["AI-20 M-81：设置漂移矩阵（每版快照 → 迁移到当前）"],"fullName":"AI-20 M-81：设置漂移矩阵（每版快照 → 迁移到当前） v1.0（最老快照）：全部现代键回落默认（升级路径零事故）","status":"passed","title":"v1.0（最老快照）：全部现代键回落默认（升级路径零事故）","duration":0.746199999999817,"failureMessages":[],"meta":{}},{"ancestorTitles":["AI-20 M-81：设置漂移矩阵（每版快照 → 迁移到当前）"],"fullName":"AI-20 M-81：设置漂移矩阵（每版快照 → 迁移到当前） v1.1（坏值快照）：越界值全部被 clamp/回落（人为破坏迁移被测试拦截）","status":"passed","title":"v1.1（坏值快照）：越界值全部被 clamp/回落（人为破坏迁移被测试拦截）","duration":0.5445999999999458,"failureMessages":[],"meta":{}},{"ancestorTitles":["AI-20 M-81：设置漂移矩阵（每版快照 → 迁移到当前）"],"fullName":"AI-20 M-81：设置漂移矩阵（每版快照 → 迁移到当前） JSON 坏值（customBg 损坏）→ 保留默认而非抛错","status":"passed","title":"JSON 坏值（customBg 损坏）→ 保留默认而非抛错","duration":0.31780000000003383,"failureMessages":[],"meta":{}},{"ancestorTitles":["AI-20 M-81：设置漂移矩阵（每版快照 → 迁移到当前）"],"fullName":"AI-20 M-81：设置漂移矩阵（每版快照 → 迁移到当前） 空对象 / 全垃圾输入 → 完整默认值","status":"passed","title":"空对象 / 全垃圾输入 → 完整默认值","duration":1.1717000000001008,"failureMessages":[],"meta":{}}],"startTime":1789573775441,"endTime":1789573775452.1716,"status":"passed","message":"","name":"D:/2/14/-Un-Real-0d23d9ux-Engine-main/src/lib/__tests__/settingsDrift.test.ts"},{"assertionResults":[{"ancestorTitles":["uxpack validateManifest"],"fullName":"uxpack validateManifest 合法清单通过","status":"passed","title":"合法清单通过","duration":2.3684999999999263,"failureMessages":[],"meta":{}},{"ancestorTitles":["uxpack validateManifest"],"fullName":"uxpack validateManifest 非法 id / type / 权限被拒","status":"passed","title":"非法 id / type / 权限被拒","duration":0.7653000000000247,"failureMessages":[],"meta":{}},{"ancestorTitles":["uxpack validateManifest"],"fullName":"uxpack validateManifest 三种扩展类型均合法","status":"passed","title":"三种扩展类型均合法","duration":0.32990000000006603,"failureMessages":[],"meta":{}},{"ancestorTitles":["uxpack hasPermission（与 Rust 侧一致）"],"fullName":"uxpack hasPermission（与 Rust 侧一致） 精确命中","status":"passed","title":"精确命中","duration":0.3708000000000311,"failureMessages":[],"meta":{}},{"ancestorTitles":["uxpack hasPermission（与 Rust 侧一致）"],"fullName":"uxpack hasPermission（与 Rust 侧一致） 作用域声明覆盖同 root 请求","status":"passed","title":"作用域声明覆盖同 root 请求","duration":0.2255999999999858,"failureMessages":[],"meta":{}},{"ancestorTitles":["uxpack hasPermission（与 Rust 侧一致）"],"fullName":"uxpack hasPermission（与 Rust 侧一致） 越权被拒（X-2 验收：越权 API 调用被拒）","status":"passed","title":"越权被拒（X-2 验收：越权 API 调用被拒）","duration":0.28769999999997253,"failureMessages":[],"meta":{}}],"startTime":1789573777634,"endTime":1789573777639.2876,"status":"passed","message":"","name":"D:/2/14/-Un-Real-0d23d9ux-Engine-main/src/lib/__tests__/uxpack.test.ts"},{"assertionResults":[{"ancestorTitles":["foldLines（近似宽度折行）"],"fullName":"foldLines（近似宽度折行） 空文本返回空数组","status":"passed","title":"空文本返回空数组","duration":2.3881000000000085,"failureMessages":[],"meta":{}},{"ancestorTitles":["foldLines（近似宽度折行）"],"fullName":"foldLines（近似宽度折行） 短文本不折行","status":"passed","title":"短文本不折行","duration":0.5639999999999645,"failureMessages":[],"meta":{}},{"ancestorTitles":["foldLines（近似宽度折行）"],"fullName":"foldLines（近似宽度折行） 长文本按宽度切分","status":"passed","title":"长文本按宽度切分","duration":0.4560999999999922,"failureMessages":[],"meta":{}},{"ancestorTitles":["foldLines（近似宽度折行）"],"fullName":"foldLines（近似宽度折行） 超出行数截断并加省略号","status":"passed","title":"超出行数截断并加省略号","duration":0.6147999999999456,"failureMessages":[],"meta":{}},{"ancestorTitles":["foldLines（近似宽度折行）"],"fullName":"foldLines（近似宽度折行） 空白折叠为单空格","status":"passed","title":"空白折叠为单空格","duration":0.20050000000003365,"failureMessages":[],"meta":{}},{"ancestorTitles":["mindCardDataUrl（Mind 节点 → Write 图片卡片）"],"fullName":"mindCardDataUrl（Mind 节点 → Write 图片卡片） 生成 data:image/svg+xml URL","status":"passed","title":"生成 data:image/svg+xml URL","duration":0.5469000000000506,"failureMessages":[],"meta":{}},{"ancestorTitles":["mindCardDataUrl（Mind 节点 → Write 图片卡片）"],"fullName":"mindCardDataUrl（Mind 节点 → Write 图片卡片） 确定性：同输入同输出","status":"passed","title":"确定性：同输入同输出","duration":0.2626000000000204,"failureMessages":[],"meta":{}},{"ancestorTitles":["mindCardDataUrl（Mind 节点 → Write 图片卡片）"],"fullName":"mindCardDataUrl（Mind 节点 → Write 图片卡片） XML 特殊字符被转义","status":"passed","title":"XML 特殊字符被转义","duration":0.455600000000004,"failureMessages":[],"meta":{}},{"ancestorTitles":["mindCardDataUrl（Mind 节点 → Write 图片卡片）"],"fullName":"mindCardDataUrl（Mind 节点 → Write 图片卡片） 多行正文高度自适应（行数多 → SVG 更高）","status":"passed","title":"多行正文高度自适应（行数多 → SVG 更高）","duration":0.7008999999999332,"failureMessages":[],"meta":{}}],"startTime":1789573777442,"endTime":1789573777448.701,"status":"passed","message":"","name":"D:/2/14/-Un-Real-0d23d9ux-Engine-main/src/lib/__tests__/xflow.test.ts"},{"assertionResults":[{"ancestorTitles":["xrefHref / parseXrefHref（编解码往返）"],"fullName":"xrefHref / parseXrefHref（编解码往返） mind-node / write-doc 基本往返","status":"passed","title":"mind-node / write-doc 基本往返","duration":3.0678000000000
[...]
search hub & launcher tools AND/NOT/通配/正则","status":"passed","title":"AND/NOT/通配/正则","duration":1.3743000000001757,"failureMessages":[],"meta":{}},{"ancestorTitles":["search hub & launcher tools"],"fullName":"search hub & launcher tools 过滤器","status":"passed","title":"过滤器","duration":0.43200000000001637,"failureMessages":[],"meta":{}},{"ancestorTitles":["search hub & launcher tools"],"fullName":"search hub & launcher tools 编解码与 JSON","status":"passed","title":"编解码与 JSON","duration":0.5889000000001943,"failureMessages":[],"meta":{}},{"ancestorTitles":["search hub & launcher tools"],"fullName":"search hub & launcher tools 密码与骰子","status":"passed","title":"密码与骰子","duration":0.9516000000000986,"failureMessages":[],"meta":{}},{"ancestorTitles":["notify center"],"fullName":"notify center 今日/更早分区与置顶排序","status":"passed","title":"今日/更早分区与置顶排序","duration":0.5625,"failureMessages":[],"meta":{}},{"ancestorTitles":["notify center"],"fullName":"notify center 勿扰计划与规则引擎","status":"passed","title":"勿扰计划与规则引擎","duration":0.4918999999999869,"failureMessages":[],"meta":{}},{"ancestorTitles":["notify center"],"fullName":"notify center 清除归档与恢复","status":"passed","title":"清除归档与恢复","duration":0.3527000000001408,"failureMessages":[],"meta":{}},{"ancestorTitles":["notify center"],"fullName":"notify center 晨报与热度图","status":"passed","title":"晨报与热度图","duration":0.5177999999998519,"failureMessages":[],"meta":{}},{"ancestorTitles":["quick panel"],"fullName":"quick panel 自定义布局置前","status":"passed","title":"自定义布局置前","duration":0.3408999999999196,"failureMessages":[],"meta":{}},{"ancestorTitles":["quick panel"],"fullName":"quick panel 面板参数","status":"passed","title":"面板参数","duration":0.22530000000006112,"failureMessages":[],"meta":{}},{"ancestorTitles":["switcher"],"fullName":"switcher LRU + 当前桌优先 + 排除最小化","status":"passed","title":"LRU + 当前桌优先 + 排除最小化","duration":0.3713999999999942,"failureMessages":[],"meta":{}},{"ancestorTitles":["switcher"],"fullName":"switcher 包含最小化 + 当前桌范围 + 搜索","status":"passed","title":"包含最小化 + 当前桌范围 + 搜索","duration":0.2533000000000811,"failureMessages":[],"meta":{}},{"ancestorTitles":["clipboard"],"fullName":"clipboard 敏感探测与脱敏","status":"passed","title":"敏感探测与脱敏","duration":0.6755000000000564,"failureMessages":[],"meta":{}},{"ancestorTitles":["clipboard"],"fullName":"clipboard 去重 + 容量 + 过期","status":"passed","title":"去重 + 容量 + 过期","duration":0.7248999999999342,"failureMessages":[],"meta":{}},{"ancestorTitles":["clipboard"],"fullName":"clipboard 置顶不受容量挤压","status":"passed","title":"置顶不受容量挤压","duration":0.2244999999998072,"failureMessages":[],"meta":{}},{"ancestorTitles":["clipboard"],"fullName":"clipboard 合并粘贴与纯文本","status":"passed","title":"合并粘贴与纯文本","duration":0.3468000000000302,"failureMessages":[],"meta":{}},{"ancestorTitles":["clipboard"],"fullName":"clipboard 审计与导出脱敏","status":"passed","title":"审计与导出脱敏","duration":0.7761000000000422,"failureMessages":[],"meta":{}},{"ancestorTitles":["hotkeys"],"fullName":"hotkeys 规范化与冲突检测","status":"passed","title":"规范化与冲突检测","duration":0.48850000000015825,"failureMessages":[],"meta":{}},{"ancestorTitles":["hotkeys"],"fullName":"hotkeys 统计榜与游戏模式","status":"passed","title":"统计榜与游戏模式","duration":0.34600000000000364,"failureMessages":[],"meta":{}},{"ancestorTitles":["hotkeys"],"fullName":"hotkeys 方案应用与还原","status":"passed","title":"方案应用与还原","duration":0.31320000000005166,"failureMessages":[],"meta":{}},{"ancestorTitles":["hotkeys"],"fullName":"hotkeys 宏录制回放时间线","status":"passed","title":"宏录制回放时间线","duration":0.3475999999998294,"failureMessages":[],"meta":{}},{"ancestorTitles":["ime"],"fullName":"ime 候选参数钳制","status":"passed","title":"候选参数钳制","duration":0.20680000000015752,"failureMessages":[],"meta":{}},{"ancestorTitles":["ime"],"fullName":"ime 模糊音匹配","status":"passed","title":"模糊音匹配","duration":0.18820000000005166,"failureMessages":[],"meta":{}},{"ancestorTitles":["ime"],"fullName":"ime 词库合并与导入导出","status":"passed","title":"词库合并与导入导出","duration":0.6186000000000149,"failureMessages":[],"meta":{}},{"ancestorTitles":["quick ops"],"fullName":"quick ops 自定义动作绑定","status":"passed","title":"自定义动作绑定","duration":0.345299999999952,"failureMessages":[],"meta":{}},{"ancestorTitles":["quick ops"],"fullName":"quick ops 计时器与番茄钟","status":"passed","title":"计时器与番茄钟","duration":0.26739999999995234,"failureMessages":[],"meta":{}},{"ancestorTitles":["task view"],"fullName":"task view 时间线隐私开关","status":"passed","title":"时间线隐私开关","duration":0.34199999999987085,"failureMessages":[],"meta":{}},{"ancestorTitles":["task view"],"fullName":"task view 保留期裁剪与过滤","status":"passed","title":"保留期裁剪与过滤","duration":0.39580000000000837,"failureMessages":[],"meta":{}},{"ancestorTitles":["task view"],"fullName":"task view 批量操作与导出","status":"passed","title":"批量操作与导出","duration":0.6755000000000564,"failureMessages":[],"meta":{}},{"ancestorTitles":["eco"],"fullName":"eco 自动归类与排行","status":"passed","title":"自动归类与排行","duration":0.4751000000001113,"failureMessages":[],"meta":{}},{"ancestorTitles":["eco"],"fullName":"eco 卸载清单与关联","status":"passed","title":"卸载清单与关联","duration":0.2622999999998683,"failureMessages":[],"meta":{}},{"ancestorTitles":["eco"],"fullName":"eco 自启切换","status":"passed","title":"自启切换","duration":0.14000000000010004,"failureMessages":[],"meta":{}},{"ancestorTitles":["l10n"],"fullName":"l10n 数字与日期","status":"passed","title":"数字与日期","duration":5.272699999999986,"failureMessages":[],"meta":{}},{"ancestorTitles":["l10n"],"fullName":"l10n 回退链与伪本地化","status":"passed","title":"回退链与伪本地化","duration":1.4489000000000942,"failureMessages":[],"meta":{}},{"ancestorTitles":["quality"],"fullName":"quality P95 与预算常量","status":"passed","title":"P95 与预算常量","duration":0.25769999999988613,"failureMessages":[],"meta":{}},{"ancestorTitles":["quality"],"fullName":"quality 掉帧看门狗与缓存命中","status":"passed","title":"掉帧看门狗与缓存命中","duration":0.1797999999998865,"failureMessages":[],"meta":{}},{"ancestorTitles":["quality"],"fullName":"quality 原子写与配置自恢复","status":"passed","title":"原子写与配置自恢复","duration":0.3864000000000942,"failureMessages":[],"meta":{}},{"ancestorTitles":["quality"],"fullName":"quality 本地遥测环形缓冲与基线","status":"passed","title":"本地遥测环形缓冲与基线","duration":1.4664000000000215,"failureMessages":[],"meta":{}},{"ancestorTitles":["quality"],"fullName":"quality 诊断包与灰度","status":"passed","title":"诊断包与灰度","duration":0.47260000000005675,"failureMessages":[],"meta":{}}],"startTime":1789573769521,"endTime":1789573769580.4727,"status":"passed","message":"","name":"D:/2/14/-Un-Real-0d23d9ux-Engine-main/src/system/taskbar/aurora/__tests__/d4.test.ts"},{"assertionResults":[{"ancestorTitles":["AI-11 perfmode (U-48 / V-54)"],"fullName":"AI-11 perfmode (U-48 / V-54) 三档预设含电源计划关键词与保持唤醒位","status":"passed","title":"三档预设含电源计划关键词与保持唤醒位","duration":2.3618000000000166,"failureMessages":[],"meta":{}},{"ancestorTitles":["AI-11 perfmode (U-48 / V-54)"],"fullName":"AI-11 perfmode (U-48 / V-54) 按名称关键词匹配系统计划 GUID；匹配不到如实返回 null","status":"passed","title":"按名称关键词匹配系统计划 GUID；匹配不到如实返回 null","duration":0.6458999999999833,"failureMessages":[],"meta":{}},{"ancestorTitles":["AI-11 perfmode (U-48 / V-54)"],"fullName":"AI-11 perfmode (U-48 / V-54) 默认 balanced，save/load 往返（localStorage mock）","status":"passed","title":"默认 balanced，save/load 往返（localStorage mock）","duration":0.5378999999999223,"failureMessages":[],"meta":{}},{"ancestorTitles":["AI-11 perfmode (U-48 / V-54)"],"fullName":"AI-11 perfmode (U-48 / V-54) 保持唤醒到期计算（V-54）","status":"passed","title":"保持唤醒到期计算（V-54）","duration":0.5018000000000029,"failureMessages":[],"meta":{}},{"ancestorTitles":["AI-11 predmodel (N-24)"],"fullName":"AI-11 predmodel (N-24) 记录启动 → 候选白名单按计数排序，仅可执行扩展名","status":"passed","title":"记录启动 → 候选白名单按计数排序，仅可执行扩展名","duration":1.9965000000000828,"failureMessages":[],"meta":{}},{"ancestorTitles":["AI-11 predmodel (N-24)"],"fullName":"AI-11 predmodel (N-24) 移除单条与空列表","status":"passed","title":"移除单条与空列表","duration":1.2233999999999696,"failureMessages":[],"meta":{}},{"ancestorTitles":["AI-11 monprofile (U-43)"],"fullName":"AI-11 monprofile (U-43) 保存后一致布局无差异","status":"passed","title":"保存后一致布局无差异","duration":0.6393000000000484,"failureMessages":[],"meta":{}},{"ancestorTitles":["AI-11 monprofile (U-43)"],"fullName":"AI-11 monprofile (U-43) 移动/新增/缺失都能识别","status":"passed","title":"移动/新增/缺失都能识别","duration":0.7587999999999511,"failureMessages":[],"meta":{}}],"startTime":1789573776294,"endTime":1789573776302.7588,"status":"passed","message":"","name":"D:/2/14/-Un-Real-0d23d9ux-Engine-main/src/system/tools/syshub/__tests__/syshub.test.ts"},{"assertionResults":[{"ancestorTitles":["AURORA-10000 领域02 catalog（AI-06~AI-10）"],"fullName":"AURORA-10000 领域02 catalog（AI-06~AI-10） 25 族 × 25 项 = 625 项","status":"passed","title":"25 族 × 25 项 = 625 项","duration":4.4413999999999305,"failureMessages":[],"meta":{}},{"ancestorTitles":["AURORA-10000 领域02 catalog（AI-06~AI-10）"],"fullName":"AURORA-10000 领域02 catalog（AI-06~AI-10） ID 唯一且连续覆盖 F00626~F01250","status":"passed","title":"ID 唯一且连续覆盖 F00626~F01250","duration":11.741899999999987,"failureMessages":[],"meta":{}},{"ancestorTitles":["AURORA-10000 领域02 catalog（AI-06~AI-10）"],"fullName":"AURORA-10000 领域02 catalog（AI-06~AI-10） 族号连续 26~50 且归属齐全","status":"passed","title":"族号连续 26~50 且归属齐全","duration":2.443899999999985,"failureMessages":[],"meta":{}},{"ancestorTitles":["族0026 吸附系统"],"fullName":"族0026 吸附系统 F00626 屏幕边缘 → 半屏","status":"passed","title":"F00626 屏幕边缘 → 半屏","duration":1.0765999999998712,"failureMessages":[],"meta":{}},{"ancestorTitles":["族0026 吸附系统"],"fullName":"族0026 吸附系统 F00635 黄金比例 0.618","status":"passed","title":"F00635 黄金比例 0.618","duration":0.19800000000009277,"failureMessages":[],"meta":{}},{"ancestorTitles":["族0026 吸附系统"],"fullName":"族0026 吸附系统 F00630 四角四分","status":"passed","title":"F00630 四角四分","duration":0.24859999999989668,"failureMessages":[],"meta":{}},{"ancestorTitles":["族0026 吸附系统"],"fullName":"族0026 吸附系统 F00648 Alt 按住时禁用吸附","status":"passed","title":"F00648 Alt 按住时禁用吸附","duration":0.1553999999998723,"failureMessages":[],"meta":{}},{"ancestorTitles":["族0026 吸附系统"],"fullName":"族0026 吸附系统 F00646 提示线返回对齐参考","status":"passed","title":"F00646 提示线返回对齐参考","duration":0.20249999999987267,"failureMessages":[],"meta":{}},{"ancestorTitles":["族0026 吸附系统"],"fullName":"族0026 吸附系统 未匹配 ID 返回 null","status":"passed","title":"未匹配 ID 返回 null","duration":0.35590000000001965,"failureMessages":[],"meta":{}},{"ancestorTitles":["族0027 布局引擎"],"fullName":"族0027 布局引擎 全部 25 种布局返回 5 个在工作区内的矩形","status":"passed","title":"全部 25 种布局返回 5 个在工作区内的矩形","duration":8.530999999999949,"failureMessages":[],"meta":{}},{"ancestorTitles":["族0027 布局引擎"],"fullName":"族0027 布局引擎 F00653 主副列主窗约 62%","status":"passed","title":"F00653 主副列主窗约 62%","duration":0.3228999999998905,"failureMessages":[],"meta":{}},{"ancestorTitles":["族0027 布局引擎"],"fullName":"族0027 布局引擎 F00674 临时全屏焦点窗占满","status":"passed","title":"F00674 临时全屏焦点窗占满","duration":0.21649999999999636,"failureMessages":[],"meta":{}},{"ancestorTitles":["视觉参数族（0028/0046~0050）"],"fullName":"视觉参数族（0028/0046~0050） 六族全部有 25 档且 applyVisual 有输出","status":"passed","title":"六族全部有 25 档且 applyVisual 有输出","duration":1.008199999999988,"failureMessages":[],"meta":{}},{"ancestorTitles":["视觉参数族（0028/0046~0050）"],"fullName":"视觉参数族（0028/0046~0050） F00700 降级静态时长为 0","status":"passed","title":"F00700 降级静态时长为 0","duration":0.13079999999990832,"failureMessages":[],"meta":{}},{"ancestorTitles":["视觉参数族（0028/0046~0050）"],"fullName":"视觉参数族（0028/0046~0050） F01216 性能档阴影全关","status":"passed","title":"F01216 性能档阴影全关","duration":0.14679999999998472,"failureMessages":[],"meta":{}},{"ancestorTitles":["族0029/0033/0031/0032/0041/0044 行为层"],"fullName":"族0029/0033/0031/0032/0041/0044 行为层 25 种手势绑定","status":"passed","title":"25 种手势绑定","duration":0.18409999999994398,"failureMessages":[],"meta":{}},{"ancestorTitles":["族0029/0033/0031/0032/0041/0044 行为层"],"fullName":"族0029/0033/0031/0032/0041/0044 行为层 25 种焦点档且防抢策略生效","status":"passed","title":"25 种焦点档且防抢策略生效","duration":0.2963999999999487,"failureMessages":[],"meta":{}},{"ancestorTitles":["族0029/0033/0031/0032/0041/0044 行为层"],"fullName":"族0029/0033/0031/0032/0041/0044 行为层 注意力评分边界","status":"passed","title":"注意力评分边界","duration":0.15640000000007603,"failureMessages":[],"meta":{}},{"ancestorTitles":["族0029/0033/0031/0032/0041/0044 行为层"],"fullName":"族0029/0033/0031/0032/0041/0044 行为层 虚拟桌面：创建/上限/固定/关闭","status":"passed","title":"虚拟桌面：创建/上限/固定/关闭","duration":0.8158000000000811,"failureMessages":[],"meta":{}},{"ancestorTitles":["族0029/0033/0031/0032/0041/0044 行为层"],"fullName":"族0029/0033/0031/0032/0041/0044 行为层 虚拟桌面模板","status":"passed","title":"虚拟桌面模板","duration":0.17990000000008877,"failureMessages":[],"meta":{}},{"ancestorTitles":["族0029/0033/0031/0032/0041/0044 行为层"],"fullName":"族0029/0033/0031/0032/0041/0044 行为层 分组：成组/加入/拆分","status":"passed","title":"分组：成组/加入/拆分","duration":0.565900000000056,"failureMessages":[],"meta":{}},{"ancestorTitles":["族0029/0033/0031/0032/0041/0044 行为层"],"fullName":"族0029/0033/0031/0032/0041/0044 行为层 收纳坞：容量与置顶","status":"passed","title":"收纳坞：容量与置顶","duration":0.49720000000002074,"failureMessages":[],"meta":{}},{"ancestorTitles":["族0029/0033/0031/0032/0041/0044 行为层"],"fullName":"族0029/0033/0031/0032/0041/0044 行为层 放映：进入/步进/退出","status":"passed","title":"放映：进入/步进/退出","duration":0.2800999999999476,"failureMessages":[],"meta":{}},{"ancestorTitles":["族0030/0034/0035 会话层"],"fullName":"族0030/0034/0035 会话层 25 种多屏档 + 带鱼三分 + 光标对齐","status":"passed","title":"25 种多屏档 + 带鱼三分 + 光标对齐","duration":0.34950000000003456,"failureMessages":[],"meta":{}},{"ancestorTitles":["族0030/0034/0035 会话层"],"fullName":"族0030/0034/0035 会话层 持久化：保存/恢复/幽灵清理/离屏召回","status":"passed","title":"持久化：保存/恢复/幽灵清理/离屏召回","duration":1.075800000000072,"failureMessages":[],"meta":{}},{"ancestorTitles":["族0030/0034/0035 会话层"],"fullName":"族0030/0034/0035 会话层 25 种性能档 + 降级阶梯单调","status":"passed","title":"25 种性能档 + 降级阶梯单调","duration":0.5691000000001623,"failureMessages":[],"meta":{}},{"ancestorTitles":["族0036/0037/0038/0039/0043 空间层"],"fullName":"族0036/0037/0038/0039/0043 空间层 画布变换往返","status":"passed","title":"画布变换往返","duration":0.6484000000000378,"failureMessages":[],"meta":{}},{"ancestorTitles":["族0036/0037/0038/0039/0043 空间层"],"fullName":"族0036/0037/0038/0039/0043 空间层 物理：重力档最终落在底边内","status":"passed","title":"物理：重力档最终落在底边内","duration":1.1117999999999029,"failureMessages":[],"meta":{}},{"ancestorTitles":["族0036/0037/0038/0039/0043 空间层"],"fullName":"族0036/0037/0038/0039/0043 空间层 小地图映射往返 + 雷达极坐标","status":"passed","title":"小地图映射往返 + 雷达极坐标","duration":0.4154999999998381,"failureMessages":[],"meta":{}},{"ancestorTitles":["族0036/0037/0038/0039/0043 空间层"],"fullName":"族0036/0037/0038/0039/0043 空间层 节律：日出日落/时辰/月相/倒计时","status":"passed","title":"节律：日出日落/时辰/月相/倒计时","duration":0.6659000000001924,"failureMessages":[],"meta":{}},{"ancestorTitles":["族0036/0037/0038/0039/0043 空间层"],"fullName":"族0036/0037/0038/0039/0043 空间层 整理：策略排序与整洁评分","status":"passed","title":"整理：策略排序与整洁评分","duration":0.8464000000001306,"failureMessages":[],"meta":{}},{"ancestorTitles":["族0040/0042/0045 实验与可达层"],"fullName":"族0040/0042/0045 实验与可达层 25 种可达档且目标 ≥44px","status":"passed","title":"25 种可达档且目标 ≥44px","duration":0.7247999999999593,"failureMessages":[],"meta":{}},{"ancestorTitles":["族0040/0042/0045 实验与可达层"],"fullName":"族0040/0042/0045 实验与可达层 25 种信息档","status":"passed","title":"25 种信息档","duration":0.18440000000009604,"failureMessages":[],"meta":{}},{"ancestorTitles":["族0040/0042/0045 实验与可达层"],"fullName":"族0040/0042/0045 实验与可达层 XR：25 项能力全部默认关 + 无硬件隐藏","status":"passed","title":"XR：25 项能力全部默认关 + 无硬件隐藏","duration":1.1056999999998425,"failureMessages":[],"meta":{}},{"ancestorTitles":["总控 engine"],"fullName":"总控 engine 缺省回退首项且非法选择被回退","status":"passed","title":"缺省回退首项且非法选择被回退","duration":0.6770999999998821,"failureMessages":[],"meta":{}},{"ancestorTitles":["总控 engine"],"fullName":"总控 engine 每族应用都产生登记变量","status":"passed","title":"每族应用都产生登记变量","duration":1.0774999999998727,"failureMessages":[],"meta":{}}],"startTime":1789573769022,"endTime":1789573769067.0774,"status":"passed","message":"","name":"D:/2/14/-Un-Real-0d23d9ux-Engine-main/src/system/windows/aurora/__tests__/aurora.test.ts"},{"assertionResults":[{"ancestorTitles":["AURORA-10000 AI-01~AI-05 registry"],"fullName":"AURORA-10000 AI-01~AI-05 registry 25 族 × 25 项 = 625 项，ID 恰好为 F00001~F00625 连续无重复","status":"passed","title":"25 族 × 25 项 = 625 项，ID 恰好为 F00001~F00625 连续无重复","duration":5.660599999999931,"failureMessages":[],"meta":{}},{"ancestorTitles":["AURORA-10000 AI-01~AI-05 registry"],"fullName":"AURORA-10000 AI-01~AI-05 registry kind 与族序一一对应（族0001=arc … 族0025=report）","status":"passed","title":"kind 与族序一一对应（族0001=arc … 族0025=report）","duration":0.39650000000006,"failureMessages":[],"meta":{}},{"ancestorTitles":["AURORA-10000 AI-01~AI-05 registry"],"fullName":"AURORA-10000 AI-01~AI-05 registry 每个条目都有非空名称与描述","status":"passed","title":"每个条目都有非空名称与描述","duration":22.144199999999955,"failureMessages":[],"meta":{}},{"ancestorTitles":["AURORA-10000 AI-01~AI-05 registry"],"fullName":"AURORA-10000 AI-01~AI-05 registry findTheaterItem 命中与未命中","status":"passed","title":"findTheaterItem 命中与未命中","duration":0.35599999999999454,"failureMessages":[],"meta":{}},{"ancestorTitles":["AURORA-10000 AI-01~AI-05 params"],"fullName":"AURORA-10000 AI-01~AI-05 params itemParams 确定性：同 ID 恒同参，跨 ID 有差异","status":"passed","title":"itemParams 确定性：同 ID 恒同参，跨 ID 有差异","duration":30.502199999999903,"failureMessages":[],"meta":{}},{"ancestorTitles":["AURORA-10000 AI-01~AI-05 params"],"fullName":"AURORA-10000 AI-01~AI-05 params 配速档：瞬时静默 F00501 全零（无动画/无声），标准 F00503 全 1，未知 ID 回落 1","status":"passed","title":"配速档：瞬时静默 F00501 全零（无动画/无声），标准 F00503 全 1，未知 ID 回落 1","duration":1.2430000000001655,"failureMessages":[],"meta":{}},{"ancestorTitles":["AURORA-10000 AI-01~AI-05 params"],"fullName":"AURORA-10000 AI-01~AI-05 params 无障碍开机：读屏/大字/防闪/单键/跳过 各档开关正确映射","status":"passed","title":"无障碍开机：读屏/大字/防闪/单键/跳过 各档开关正确映射","duration":0.2866999999998825,"failureMessages":[],"meta":{}},{"ancestorTitles":["AURORA-10000 AI-01~AI-05 params"],"fullName":"AURORA-10000 AI-01~AI-05 params 叙事包：25 包 × 5 幕，progress 映射正确幕次","status":"passed","title":"叙事包：25 包 × 5 幕，progress 映射正确幕次","duration":2.1669999999999163,"failureMessages":[],"meta":{}},{"ancestorTitles":["AURORA-10000 AI-01~AI-05 params"],"fullName":"AURORA-10000 AI-01~AI-05 params 色彩管线 25 档齐全；F00125 纯黑省电=黑底，F00101=sRGB 无滤镜","status":"passed","title":"色彩管线 25 档齐全；F00125 纯黑省电=黑底，F00101=sRGB 无滤镜","duration":1.2047999999999774,"failureMessages":[],"meta":{}},{"ancestorTitles":["AURORA-10000 AI-01~AI-05 params"],"fullName":"AURORA-10000 AI-01~AI-05 params 音景/声音 ID 参数档：F00100 绝对静音 = 零频零时长","status":"passed","title":"音景/声音 ID 参数档：F00100 绝对静音 = 零频零时长","duration":2.2489000000000487,"failureMessages":[],"meta":{}},{"ancestorTitles":["AURORA-10000 AI-01~AI-05 params"],"fullName":"AURORA-10000 AI-01~AI-05 params 报告卡 25 档版式齐全；彩蛋总控 F00600 = master","status":"passed","title":"报告卡 25 档版式齐全；彩蛋总控 F00600 = master","duration":0.6772999999998319,"failureMessages":[],"meta":{}},{"ancestorTitles":["AURORA-10000 AI-01~AI-05 runtime"],"fullName":"AURORA-10000 AI-01~AI-05 runtime buildReportCard：真实统计 + 档位题头/版式","status":"passed","title":"buildReportCard：真实统计 + 档位题头/版式","duration":0.27670000000011896,"failureMessages":[],"meta":{}},{"ancestorTitles":["AURORA-10000 AI-01~AI-05 runtime"],"fullName":"AURORA-10000 AI-01~AI-05 runtime announceBootStage：非 announce 档不产生 DOM 播报（jsdom 安全）","status":"passed","title":"announceBootStage：非 announce 档不产生 DOM 播报（jsdom 安全）","duration":0.686100000000124,"failureMessages":[],"meta":{}},{"ancestorTitles":["AURORA-10000 AI-01~AI-05 runtime"],"fullName":"AURORA-10000 AI-01~AI-05 runtime playTheaterSound：绝对静音档 F00100 永不创建音频（无 AudioContext 环境返回 null）","status":"passed","title":"playTheaterSound：绝对静音档 F00100 永不创建音频（无 AudioContext 环境返回 null）","duration":0.2582999999999629,"failureMessages":[],"meta":{}}],"startTime":1789573766391,"endTime":1789573766459.686,"status":"passed","message":"","name":"D:/2/14/-Un-Real-0d23d9ux-Engine-main/src/system/boot/theater/__tests__/theater.test.ts"}]}